This is pdfTeX, Version 3.1415926-2.5-1.40.14 (MiKTeX 2.9) (preloaded format=pdflatex 2014.4.21)  29 APR 2015 18:28
entering extended mode
**SoftwareDesignStudy.tex

(D:\Users\Mattie432\Dropbox\Programming\LaTeX\SoftwareDesignStudy\SoftwareDesig
nStudy.tex
LaTeX2e <2011/06/27>
Babel <v3.8m> and hyphenation patterns for english, afrikaans, ancientgreek, ar
abic, armenian, assamese, basque, bengali, bokmal, bulgarian, catalan, coptic, 
croatian, czech, danish, dutch, esperanto, estonian, farsi, finnish, french, ga
lician, german, german-x-2013-05-26, greek, gujarati, hindi, hungarian, iceland
ic, indonesian, interlingua, irish, italian, kannada, kurmanji, latin, latvian,
 lithuanian, malayalam, marathi, mongolian, mongolianlmc, monogreek, ngerman, n
german-x-2013-05-26, nynorsk, oriya, panjabi, pinyin, polish, portuguese, roman
ian, russian, sanskrit, serbian, slovak, slovenian, spanish, swedish, swissgerm
an, tamil, telugu, turkish, turkmen, ukenglish, ukrainian, uppersorbian, usengl
ishmax, welsh, loaded.
("C:\Program Files (x86)\MiKTeX 2.9\tex\latex\base\article.cls"
Document Class: article 2007/10/19 v1.4h Standard LaTeX document class
("C:\Program Files (x86)\MiKTeX 2.9\tex\latex\base\size10.clo"
File: size10.clo 2007/10/19 v1.4h Standard LaTeX file (size option)
)
\c@part=\count79
\c@section=\count80
\c@subsection=\count81
\c@subsubsection=\count82
\c@paragraph=\count83
\c@subparagraph=\count84
\c@figure=\count85
\c@table=\count86
\abovecaptionskip=\skip41
\belowcaptionskip=\skip42
\bibindent=\dimen102
)
(D:\Users\Mattie432\Dropbox\Programming\LaTeX\SoftwareDesignStudy\myPackage.sty
Package: myPackage 2011/01/11 v0.01 LaTeX package for my own purpose

(D:\Users\Mattie432\AppData\Roaming\MiKTeX\2.9\tex\latex\standalone\standalone.
sty
Package: standalone 2012/09/15 v1.1b Package to include TeX sub-files with prea
mbles
 ("C:\Program Files (x86)\MiKTeX 2.9\tex\generic\oberdiek\ifluatex.sty"
Package: ifluatex 2010/03/01 v1.3 Provides the ifluatex switch (HO)
Package ifluatex Info: LuaTeX not detected.
)
("C:\Program Files (x86)\MiKTeX 2.9\tex\generic\oberdiek\ifpdf.sty"
Package: ifpdf 2011/01/30 v2.3 Provides the ifpdf switch (HO)
Package ifpdf Info: pdfTeX in PDF mode is detected.
)
("C:\Program Files (x86)\MiKTeX 2.9\tex\generic\ifxetex\ifxetex.sty"
Package: ifxetex 2010/09/12 v0.6 Provides ifxetex conditional
)
("C:\Program Files (x86)\MiKTeX 2.9\tex\latex\xkeyval\xkeyval.sty"
Package: xkeyval 2012/10/14 v2.6b package option processing (HA)

("C:\Program Files (x86)\MiKTeX 2.9\tex\generic\xkeyval\xkeyval.tex"
\XKV@toks=\toks14
\XKV@tempa@toks=\toks15
\XKV@depth=\count87
File: xkeyval.tex 2012/10/14 v2.6b key=value parser (HA)

("C:\Program Files (x86)\MiKTeX 2.9\tex\generic\xkeyval\keyval.tex")))
(D:\Users\Mattie432\AppData\Roaming\MiKTeX\2.9\tex\latex\currfile\currfile.sty
Package: currfile 2013/02/01 v0.7b Provides the file path elements of the curre
nt input file

("C:\Program Files (x86)\MiKTeX 2.9\tex\latex\oberdiek\kvoptions.sty"
Package: kvoptions 2011/06/30 v3.11 Key value format for package options (HO)

("C:\Program Files (x86)\MiKTeX 2.9\tex\generic\oberdiek\ltxcmds.sty"
Package: ltxcmds 2011/11/09 v1.22 LaTeX kernel commands for general use (HO)
)
("C:\Program Files (x86)\MiKTeX 2.9\tex\generic\oberdiek\kvsetkeys.sty"
Package: kvsetkeys 2012/04/25 v1.16 Key value parser (HO)

("C:\Program Files (x86)\MiKTeX 2.9\tex\generic\oberdiek\infwarerr.sty"
Package: infwarerr 2010/04/08 v1.3 Providing info/warning/error messages (HO)
)
("C:\Program Files (x86)\MiKTeX 2.9\tex\generic\oberdiek\etexcmds.sty"
Package: etexcmds 2011/02/16 v1.5 Avoid name clashes with e-TeX commands (HO)
Package etexcmds Info: Could not find \expanded.
(etexcmds)             That can mean that you are not using pdfTeX 1.50 or
(etexcmds)             that some package has redefined \expanded.
(etexcmds)             In the latter case, load this package earlier.
)))
(D:\Users\Mattie432\AppData\Roaming\MiKTeX\2.9\tex\latex\filehook\filehook.sty
Package: filehook 2011/10/12 v0.5d Hooks for input files
)
\c@currfiledepth=\count88
)
(D:\Users\Mattie432\AppData\Roaming\MiKTeX\2.9\tex\latex\gincltex\gincltex.sty
(D:\Users\Mattie432\AppData\Roaming\MiKTeX\2.9\tex\latex\svn-prov\svn-prov.sty
Package: svn-prov 2010/04/24 v3.1862 Package Date/Version from SVN Keywords
)
Package: gincltex 2011/09/04 v0.3 Include external LaTeX files like graphics

(D:\Users\Mattie432\AppData\Roaming\MiKTeX\2.9\tex\latex\adjustbox\adjustbox.st
y
Package: adjustbox 2012/05/21 v1.0 Adjusting TeX boxes (trim, clip, ...)

(D:\Users\Mattie432\AppData\Roaming\MiKTeX\2.9\tex\latex\adjustbox\adjcalc.sty
Package: adjcalc 2012/05/16 v1.1 Provides advanced setlength with multiple back
-ends (calc, etex, pgfmath)
)
(D:\Users\Mattie432\AppData\Roaming\MiKTeX\2.9\tex\latex\adjustbox\trimclip.sty
Package: trimclip 2012/05/16 v1.0 Trim and clip general TeX material
("C:\Program Files (x86)\MiKTeX 2.9\tex\latex\graphics\graphicx.sty"
Package: graphicx 1999/02/16 v1.0f Enhanced LaTeX Graphics (DPC,SPQR)

("C:\Program Files (x86)\MiKTeX 2.9\tex\latex\graphics\graphics.sty"
Package: graphics 2009/02/05 v1.0o Standard LaTeX Graphics (DPC,SPQR)

("C:\Program Files (x86)\MiKTeX 2.9\tex\latex\graphics\trig.sty"
Package: trig 1999/03/16 v1.09 sin cos tan (DPC)
)
("C:\Program Files (x86)\MiKTeX 2.9\tex\latex\00miktex\graphics.cfg"
File: graphics.cfg 2007/01/18 v1.5 graphics configuration of teTeX/TeXLive
)
Package graphics Info: Driver file: pdftex.def on input line 91.

("C:\Program Files (x86)\MiKTeX 2.9\tex\latex\pdftex-def\pdftex.def"
File: pdftex.def 2011/05/27 v0.06d Graphics/color for pdfTeX
\Gread@gobject=\count89
))
\Gin@req@height=\dimen103
\Gin@req@width=\dimen104
)
(D:\Users\Mattie432\AppData\Roaming\MiKTeX\2.9\tex\latex\collectbox\collectbox.
sty
Package: collectbox 2012/05/17 v0.4b Collect macro arguments as boxes
\collectedbox=\box26
)
\tc@llx=\dimen105
\tc@lly=\dimen106
\tc@urx=\dimen107
\tc@ury=\dimen108
Package trimclip Info: Using driver 'tc-pdftex.def'.

(D:\Users\Mattie432\AppData\Roaming\MiKTeX\2.9\tex\latex\adjustbox\tc-pdftex.de
f
File: tc-pdftex.def 2012/05/13 v1.0 Clipping driver for pdftex
))
\adjbox@Width=\dimen109
\adjbox@Height=\dimen110
\adjbox@Depth=\dimen111
\adjbox@Totalheight=\dimen112

(D:\Users\Mattie432\AppData\Roaming\MiKTeX\2.9\tex\latex\ifoddpage\ifoddpage.st
y
Package: ifoddpage 2011/09/13 v1.0 Conditionals for odd/even page detection
\c@checkoddpage=\count90
) ("C:\Program Files (x86)\MiKTeX 2.9\tex\latex\ltxmisc\varwidth.sty"
Package: varwidth 2009/03/30 ver 0.92;  Variable-width minipages
\@vwid@box=\box27
\sift@deathcycles=\count91
\@vwid@loff=\dimen113
\@vwid@roff=\dimen114
))
\gincltex@box=\box28
)
(D:\Users\Mattie432\AppData\Roaming\MiKTeX\2.9\tex\latex\filemod\filemod-expmin
.sty
Package: filemod-expmin 2011/09/19 v1.2 Get and compare file modification times
 (expandable; minimal)
)) ("C:\Program Files (x86)\MiKTeX 2.9\tex\generic\babel\babel.sty"
Package: babel 2008/07/08 v3.8m The Babel package

*************************************
* Local config file bblopts.cfg used
*
("C:\Program Files (x86)\MiKTeX 2.9\tex\latex\00miktex\bblopts.cfg"
File: bblopts.cfg 2006/07/31 v1.0 MiKTeX 'babel' configuration
)
("C:\Program Files (x86)\MiKTeX 2.9\tex\generic\babel\english.ldf"
Language: english 2005/03/30 v3.3o English support from the babel system

("C:\Program Files (x86)\MiKTeX 2.9\tex\generic\babel\babel.def"
File: babel.def 2008/07/08 v3.8m Babel common definitions
\babel@savecnt=\count92
\U@D=\dimen115
)
\l@canadian = a dialect from \language\l@american 
\l@australian = a dialect from \language\l@british 
\l@newzealand = a dialect from \language\l@british 
))
("C:\Program Files (x86)\MiKTeX 2.9\tex\latex\tools\multicol.sty"
Package: multicol 2011/06/27 v1.7a multicolumn formatting (FMi)
\c@tracingmulticols=\count93
\mult@box=\box29
\multicol@leftmargin=\dimen116
\c@unbalance=\count94
\c@collectmore=\count95
\doublecol@number=\count96
\multicoltolerance=\count97
\multicolpretolerance=\count98
\full@width=\dimen117
\page@free=\dimen118
\premulticols=\dimen119
\postmulticols=\dimen120
\multicolsep=\skip43
\multicolbaselineskip=\skip44
\partial@page=\box30
\last@line=\box31
\mult@rightbox=\box32
\mult@grightbox=\box33
\mult@gfirstbox=\box34
\mult@firstbox=\box35
\@tempa=\box36
\@tempa=\box37
\@tempa=\box38
\@tempa=\box39
\@tempa=\box40
\@tempa=\box41
\@tempa=\box42
\@tempa=\box43
\@tempa=\box44
\@tempa=\box45
\@tempa=\box46
\@tempa=\box47
\@tempa=\box48
\@tempa=\box49
\@tempa=\box50
\@tempa=\box51
\@tempa=\box52
\c@columnbadness=\count99
\c@finalcolumnbadness=\count100
\last@try=\dimen121
\multicolovershoot=\dimen122
\multicolundershoot=\dimen123
\mult@nat@firstbox=\box53
\colbreak@box=\box54
\multicol@sort@counter=\count101
)
("C:\Program Files (x86)\MiKTeX 2.9\tex\latex\geometry\geometry.sty"
Package: geometry 2010/09/12 v5.6 Page Geometry

("C:\Program Files (x86)\MiKTeX 2.9\tex\generic\oberdiek\ifvtex.sty"
Package: ifvtex 2010/03/01 v1.5 Detect VTeX and its facilities (HO)
Package ifvtex Info: VTeX not detected.
)
\Gm@cnth=\count102
\Gm@cntv=\count103
\c@Gm@tempcnt=\count104
\Gm@bindingoffset=\dimen124
\Gm@wd@mp=\dimen125
\Gm@odd@mp=\dimen126
\Gm@even@mp=\dimen127
\Gm@layoutwidth=\dimen128
\Gm@layoutheight=\dimen129
\Gm@layouthoffset=\dimen130
\Gm@layoutvoffset=\dimen131
\Gm@dimlist=\toks16

("C:\Program Files (x86)\MiKTeX 2.9\tex\latex\geometry\geometry.cfg"))
(D:\Users\Mattie432\AppData\Roaming\MiKTeX\2.9\tex\latex\enumitem\enumitem.sty
Package: enumitem 2011/09/28 v3.5.2 Customized lists
\enitkv@toks@=\toks17
\labelindent=\skip45
\enit@outerparindent=\dimen132
\enit@toks=\toks18
\enit@inbox=\box55
\enitdp@description=\count105
) (D:\Users\Mattie432\AppData\Roaming\MiKTeX\2.9\tex\latex\ulem\ulem.sty
\UL@box=\box56
\UL@hyphenbox=\box57
\UL@skip=\skip46
\UL@hook=\toks19
\UL@height=\dimen133
\UL@pe=\count106
\UL@pixel=\dimen134
\ULC@box=\box58
Package: ulem 2012/05/18
\ULdepth=\dimen135
)
("C:\Program Files (x86)\MiKTeX 2.9\tex\latex\base\fixltx2e.sty"
Package: fixltx2e 2006/09/13 v1.1m fixes to LaTeX
LaTeX Info: Redefining \em on input line 420.
)
("C:\Program Files (x86)\MiKTeX 2.9\tex\latex\graphics\color.sty"
Package: color 2005/11/14 v1.0j Standard LaTeX Color (DPC)

("C:\Program Files (x86)\MiKTeX 2.9\tex\latex\00miktex\color.cfg"
File: color.cfg 2007/01/18 v1.5 color configuration of teTeX/TeXLive
)
Package color Info: Driver file: pdftex.def on input line 130.
)
("C:\Program Files (x86)\MiKTeX 2.9\tex\latex\hyperref\hyperref.sty"
Package: hyperref 2012/11/06 v6.83m Hypertext links for LaTeX

("C:\Program Files (x86)\MiKTeX 2.9\tex\generic\oberdiek\hobsub-hyperref.sty"
Package: hobsub-hyperref 2012/04/25 v1.12 Bundle oberdiek, subset hyperref (HO)


("C:\Program Files (x86)\MiKTeX 2.9\tex\generic\oberdiek\hobsub-generic.sty"
Package: hobsub-generic 2012/04/25 v1.12 Bundle oberdiek, subset generic (HO)
Package: hobsub 2012/04/25 v1.12 Construct package bundles (HO)
Package hobsub Info: Skipping package `infwarerr' (already loaded).
Package hobsub Info: Skipping package `ltxcmds' (already loaded).
Package hobsub Info: Skipping package `ifluatex' (already loaded).
Package hobsub Info: Skipping package `ifvtex' (already loaded).
Package: intcalc 2007/09/27 v1.1 Expandable calculations with integers (HO)
Package hobsub Info: Skipping package `ifpdf' (already loaded).
Package hobsub Info: Skipping package `etexcmds' (already loaded).
Package hobsub Info: Skipping package `kvsetkeys' (already loaded).
Package: kvdefinekeys 2011/04/07 v1.3 Define keys (HO)
Package: pdftexcmds 2011/11/29 v0.20 Utility functions of pdfTeX for LuaTeX (HO
)
Package pdftexcmds Info: LuaTeX not detected.
Package pdftexcmds Info: \pdf@primitive is available.
Package pdftexcmds Info: \pdf@ifprimitive is available.
Package pdftexcmds Info: \pdfdraftmode found.
Package: pdfescape 2011/11/25 v1.13 Implements pdfTeX's escape features (HO)
Package: bigintcalc 2012/04/08 v1.3 Expandable calculations on big integers (HO
)
Package: bitset 2011/01/30 v1.1 Handle bit-vector datatype (HO)
Package: uniquecounter 2011/01/30 v1.2 Provide unlimited unique counter (HO)
)
Package hobsub Info: Skipping package `hobsub' (already loaded).
Package: letltxmacro 2010/09/02 v1.4 Let assignment for LaTeX macros (HO)
Package: hopatch 2011/06/24 v1.1 Wrapper for package hooks (HO)
Package: xcolor-patch 2011/01/30 xcolor patch
Package: atveryend 2011/06/30 v1.8 Hooks at the very end of document (HO)
Package atveryend Info: \enddocument detected (standard20110627).
Package: atbegshi 2011/10/05 v1.16 At begin shipout hook (HO)
Package: refcount 2011/10/16 v3.4 Data extraction from label references (HO)
Package: hycolor 2011/01/30 v1.7 Color options for hyperref/bookmark (HO)
)
("C:\Program Files (x86)\MiKTeX 2.9\tex\latex\oberdiek\auxhook.sty"
Package: auxhook 2011/03/04 v1.3 Hooks for auxiliary files (HO)
)
\@linkdim=\dimen136
\Hy@linkcounter=\count107
\Hy@pagecounter=\count108

("C:\Program Files (x86)\MiKTeX 2.9\tex\latex\hyperref\pd1enc.def"
File: pd1enc.def 2012/11/06 v6.83m Hyperref: PDFDocEncoding definition (HO)
)
\Hy@SavedSpaceFactor=\count109

("C:\Program Files (x86)\MiKTeX 2.9\tex\latex\00miktex\hyperref.cfg"
File: hyperref.cfg 2002/06/06 v1.2 hyperref configuration of TeXLive
)
Package hyperref Info: Hyper figures OFF on input line 4443.
Package hyperref Info: Link nesting OFF on input line 4448.
Package hyperref Info: Hyper index ON on input line 4451.
Package hyperref Info: Plain pages OFF on input line 4458.
Package hyperref Info: Backreferencing OFF on input line 4463.
Package hyperref Info: Implicit mode ON; LaTeX internals redefined.
Package hyperref Info: Bookmarks ON on input line 4688.
\c@Hy@tempcnt=\count110

(D:\Users\Mattie432\AppData\Roaming\MiKTeX\2.9\tex\latex\url\url.sty
\Urlmuskip=\muskip10
Package: url 2013/09/16  ver 3.4  Verb mode for urls, etc.
)
LaTeX Info: Redefining \url on input line 5041.
\XeTeXLinkMargin=\dimen137
\Fld@menulength=\count111
\Field@Width=\dimen138
\Fld@charsize=\dimen139
Package hyperref Info: Hyper figures OFF on input line 6295.
Package hyperref Info: Link nesting OFF on input line 6300.
Package hyperref Info: Hyper index ON on input line 6303.
Package hyperref Info: backreferencing OFF on input line 6310.
Package hyperref Info: Link coloring OFF on input line 6315.
Package hyperref Info: Link coloring with OCG OFF on input line 6320.
Package hyperref Info: PDF/A mode OFF on input line 6325.
LaTeX Info: Redefining \ref on input line 6365.
LaTeX Info: Redefining \pageref on input line 6369.
\Hy@abspage=\count112
\c@Item=\count113
\c@Hfootnote=\count114
)

Package hyperref Message: Driver (autodetected): hpdftex.

("C:\Program Files (x86)\MiKTeX 2.9\tex\latex\hyperref\hpdftex.def"
File: hpdftex.def 2012/11/06 v6.83m Hyperref driver for pdfTeX
\Fld@listcount=\count115
\c@bookmark@seq@number=\count116

("C:\Program Files (x86)\MiKTeX 2.9\tex\latex\oberdiek\rerunfilecheck.sty"
Package: rerunfilecheck 2011/04/15 v1.7 Rerun checks for auxiliary files (HO)
Package uniquecounter Info: New unique counter `rerunfilecheck' on input line 2
82.
)
\Hy@SectionHShift=\skip47
)
("C:\Program Files (x86)\MiKTeX 2.9\tex\latex\float\float.sty"
Package: float 2001/11/08 v1.3d Float enhancements (AL)
\c@float@type=\count117
\float@exts=\toks20
\float@box=\box59
\@float@everytoks=\toks21
\@floatcapt=\box60
)
(D:\Users\Mattie432\AppData\Roaming\MiKTeX\2.9\tex\latex\was\gensymb.sty
Package: gensymb 2003/07/02 v1.0 (WaS)
)
(D:\Users\Mattie432\AppData\Roaming\MiKTeX\2.9\tex\latex\wrapfig\wrapfig.sty
\wrapoverhang=\dimen140
\WF@size=\dimen141
\c@WF@wrappedlines=\count118
\WF@box=\box61
\WF@everypar=\toks22
Package: wrapfig 2003/01/31  v 3.6
)
("C:\Program Files (x86)\MiKTeX 2.9\tex\latex\tools\longtable.sty"
Package: longtable 2004/02/01 v4.11 Multi-page Table package (DPC)
\LTleft=\skip48
\LTright=\skip49
\LTpre=\skip50
\LTpost=\skip51
\LTchunksize=\count119
\LTcapwidth=\dimen142
\LT@head=\box62
\LT@firsthead=\box63
\LT@foot=\box64
\LT@lastfoot=\box65
\LT@cols=\count120
\LT@rows=\count121
\c@LT@tables=\count122
\c@LT@chunks=\count123
\LT@p@ftn=\toks23
)
(D:\Users\Mattie432\AppData\Roaming\MiKTeX\2.9\tex\latex\xcolor\xcolor.sty
Package: xcolor 2007/01/21 v2.11 LaTeX color extensions (UK)

("C:\Program Files (x86)\MiKTeX 2.9\tex\latex\00miktex\color.cfg"
File: color.cfg 2007/01/18 v1.5 color configuration of teTeX/TeXLive
)
Package xcolor Info: Package option `usenames' ignored on input line 216.
Package xcolor Info: Driver file: pdftex.def on input line 225.
LaTeX Info: Redefining \color on input line 702.
Package xcolor Info: Model `cmy' substituted by `cmy0' on input line 1337.
Package xcolor Info: Model `hsb' substituted by `rgb' on input line 1341.
Package xcolor Info: Model `RGB' extended on input line 1353.
Package xcolor Info: Model `HTML' substituted by `rgb' on input line 1355.
Package xcolor Info: Model `Hsb' substituted by `hsb' on input line 1356.
Package xcolor Info: Model `tHsb' substituted by `hsb' on input line 1357.
Package xcolor Info: Model `HSB' substituted by `hsb' on input line 1358.
Package xcolor Info: Model `Gray' substituted by `gray' on input line 1359.
Package xcolor Info: Model `wave' substituted by `hsb' on input line 1360.

("C:\Program Files (x86)\MiKTeX 2.9\tex\latex\graphics\dvipsnam.def"
File: dvipsnam.def 1999/02/16 v3.0i Driver-dependant file (DPC,SPQR)
))
("C:\Program Files (x86)\MiKTeX 2.9\tex\latex\ltxmisc\parskip.sty"
Package: parskip 2001/04/09 non-zero parskip adjustments
)
(D:\Users\Mattie432\AppData\Roaming\MiKTeX\2.9\tex\latex\supertabular\supertabu
lar.sty
Package: supertabular 2004/02/20 v4.1e the supertabular environment
\c@tracingst=\count124
\ST@wd=\dimen143
\ST@rightskip=\skip52
\ST@leftskip=\skip53
\ST@parfillskip=\skip54
\ST@pageleft=\dimen144
\ST@headht=\dimen145
\ST@tailht=\dimen146
\ST@pagesofar=\dimen147
\ST@pboxht=\dimen148
\ST@lineht=\dimen149
\ST@stretchht=\dimen150
\ST@prevht=\dimen151
\ST@toadd=\dimen152
\ST@dimen=\dimen153
\ST@pbox=\box66
)
(D:\Users\Mattie432\AppData\Roaming\MiKTeX\2.9\tex\latex\booktabs\booktabs.sty
Package: booktabs 2005/04/14 v1.61803 publication quality tables
\heavyrulewidth=\dimen154
\lightrulewidth=\dimen155
\cmidrulewidth=\dimen156
\belowrulesep=\dimen157
\belowbottomsep=\dimen158
\aboverulesep=\dimen159
\abovetopsep=\dimen160
\cmidrulesep=\dimen161
\cmidrulekern=\dimen162
\defaultaddspace=\dimen163
\@cmidla=\count125
\@cmidlb=\count126
\@aboverulesep=\dimen164
\@belowrulesep=\dimen165
\@thisruleclass=\count127
\@lastruleclass=\count128
\@thisrulewidth=\dimen166
) (D:\Users\Mattie432\AppData\Roaming\MiKTeX\2.9\tex\latex\listings\listings.st
y
\lst@mode=\count129
\lst@gtempboxa=\box67
\lst@token=\toks24
\lst@length=\count130
\lst@currlwidth=\dimen167
\lst@column=\count131
\lst@pos=\count132
\lst@lostspace=\dimen168
\lst@width=\dimen169
\lst@newlines=\count133
\lst@lineno=\count134
\lst@maxwidth=\dimen170
(D:\Users\Mattie432\AppData\Roaming\MiKTeX\2.9\tex\latex\listings\lstmisc.sty
File: lstmisc.sty 2014/09/06 1.5e (Carsten Heinz)
\c@lstnumber=\count135
\lst@skipnumbers=\count136
\lst@framebox=\box68
)
(D:\Users\Mattie432\AppData\Roaming\MiKTeX\2.9\tex\latex\listings\listings.cfg
File: listings.cfg 2014/09/06 1.5e listings configuration
))
Package: listings 2014/09/06 1.5e (Carsten Heinz)

(D:\Users\Mattie432\AppData\Roaming\MiKTeX\2.9\tex\latex\listings\lstlang1.sty
File: lstlang1.sty 2014/09/06 1.5e listings language file
) (D:\Users\Mattie432\AppData\Roaming\MiKTeX\2.9\tex\latex\listings\lstmisc.sty
File: lstmisc.sty 2014/09/06 1.5e (Carsten Heinz)
))
(D:\Users\Mattie432\Dropbox\Programming\LaTeX\SoftwareDesignStudy\SoftwareDesig
nStudy.aux)
LaTeX Font Info:    Checking defaults for OML/cmm/m/it on input line 5.
LaTeX Font Info:    ... okay on input line 5.
LaTeX Font Info:    Checking defaults for T1/cmr/m/n on input line 5.
LaTeX Font Info:    ... okay on input line 5.
LaTeX Font Info:    Checking defaults for OT1/cmr/m/n on input line 5.
LaTeX Font Info:    ... okay on input line 5.
LaTeX Font Info:    Checking defaults for OMS/cmsy/m/n on input line 5.
LaTeX Font Info:    ... okay on input line 5.
LaTeX Font Info:    Checking defaults for OMX/cmex/m/n on input line 5.
LaTeX Font Info:    ... okay on input line 5.
LaTeX Font Info:    Checking defaults for U/cmr/m/n on input line 5.
LaTeX Font Info:    ... okay on input line 5.
LaTeX Font Info:    Checking defaults for PD1/pdf/m/n on input line 5.
LaTeX Font Info:    ... okay on input line 5.

(D:\Users\Mattie432\AppData\Roaming\MiKTeX\2.9\tex\context\base\supp-pdf.mkii
[Loading MPS to PDF converter (version 2006.09.02).]
\scratchcounter=\count137
\scratchdimen=\dimen171
\scratchbox=\box69
\nofMPsegments=\count138
\nofMParguments=\count139
\everyMPshowfont=\toks25
\MPscratchCnt=\count140
\MPscratchDim=\dimen172
\MPnumerator=\count141
\makeMPintoPDFobject=\count142
\everyMPtoPDFconversion=\toks26
)
*geometry* driver: auto-detecting
*geometry* detected driver: pdftex
*geometry* verbose mode - [ preamble ] result:
* driver: pdftex
* paper: a4paper
* layout: <same size as paper>
* layoutoffset:(h,v)=(0.0pt,0.0pt)
* modes: 
* h-part:(L,W,R)=(89.62709pt, 418.25368pt, 89.6271pt)
* v-part:(T,H,B)=(101.40665pt, 591.5302pt, 152.11pt)
* \paperwidth=597.50787pt
* \paperheight=845.04684pt
* \textwidth=418.25368pt
* \textheight=591.5302pt
* \oddsidemargin=17.3571pt
* \evensidemargin=17.3571pt
* \topmargin=-7.86334pt
* \headheight=12.0pt
* \headsep=25.0pt
* \topskip=10.0pt
* \footskip=30.0pt
* \marginparwidth=65.0pt
* \marginparsep=11.0pt
* \columnsep=10.0pt
* \skip\footins=9.0pt plus 4.0pt minus 2.0pt
* \hoffset=0.0pt
* \voffset=0.0pt
* \mag=1000
* \@twocolumnfalse
* \@twosidefalse
* \@mparswitchfalse
* \@reversemarginfalse
* (1in=72.27pt=25.4mm, 1cm=28.453pt)

\AtBeginShipoutBox=\box70
Package hyperref Info: Link coloring OFF on input line 5.
("C:\Program Files (x86)\MiKTeX 2.9\tex\latex\hyperref\nameref.sty"
Package: nameref 2012/10/27 v2.43 Cross-referencing by name of section

("C:\Program Files (x86)\MiKTeX 2.9\tex\generic\oberdiek\gettitlestring.sty"
Package: gettitlestring 2010/12/03 v1.4 Cleanup title references (HO)
)
\c@section@level=\count143
)
LaTeX Info: Redefining \ref on input line 5.
LaTeX Info: Redefining \pageref on input line 5.
LaTeX Info: Redefining \nameref on input line 5.

(D:\Users\Mattie432\Dropbox\Programming\LaTeX\SoftwareDesignStudy\SoftwareDesig
nStudy.out)
(D:\Users\Mattie432\Dropbox\Programming\LaTeX\SoftwareDesignStudy\SoftwareDesig
nStudy.out)
\@outlinefile=\write3
LaTeX Info: Redefining \celsius on input line 5.
Package gensymb Info: Faking symbols for \degree and \celsius on input line 5.


Package gensymb Warning: Not defining \perthousand.

LaTeX Info: Redefining \ohm on input line 5.
Package gensymb Info: Using \Omega for \ohm on input line 5.

Package gensymb Warning: Not defining \micro.

\c@lstlisting=\count144

(D:\Users\Mattie432\Dropbox\Programming\LaTeX\SoftwareDesignStudy\TitlePage/Tit
lePage.tex <TitlePage/university.jpg, id=83, 580.1675pt x 513.92pt>
File: TitlePage/university.jpg Graphic file (type jpg)

<use TitlePage/university.jpg>
Package pdftex.def Info: TitlePage/university.jpg used on input line 19.
(pdftex.def)             Requested size: 376.42575pt x 333.44806pt.
 [1

{D:/Users/Mattie432/AppData/Local/MiKTeX/2.9/pdftex/config/pdftex.map} <D:/User
s/Mattie432/Dropbox/Programming/LaTeX/SoftwareDesignStudy/TitlePage/university.
jpg>])
*geometry* verbose mode - [ newgeometry ] result:
* driver: pdftex
* paper: a4paper
* layout: <same size as paper>
* layoutoffset:(h,v)=(0.0pt,0.0pt)
* modes: 
* h-part:(L,W,R)=(89.62709pt, 418.25368pt, 89.6271pt)
* v-part:(T,H,B)=(101.40665pt, 686.7347pt, 56.9055pt)
* \paperwidth=597.50787pt
* \paperheight=845.04684pt
* \textwidth=418.25368pt
* \textheight=686.7347pt
* \oddsidemargin=17.3571pt
* \evensidemargin=17.3571pt
* \topmargin=-7.86334pt
* \headheight=12.0pt
* \headsep=25.0pt
* \topskip=10.0pt
* \footskip=30.0pt
* \marginparwidth=65.0pt
* \marginparsep=11.0pt
* \columnsep=10.0pt
* \skip\footins=9.0pt plus 4.0pt minus 2.0pt
* \hoffset=0.0pt
* \voffset=0.0pt
* \mag=1000
* \@twocolumnfalse
* \@twosidefalse
* \@mparswitchfalse
* \@reversemarginfalse
* (1in=72.27pt=25.4mm, 1cm=28.453pt)


(D:\Users\Mattie432\Dropbox\Programming\LaTeX\SoftwareDesignStudy\SoftwareDesig
nStudy.toc
LaTeX Font Info:    External font `cmex10' loaded for size
(Font)              <7> on input line 6.
LaTeX Font Info:    External font `cmex10' loaded for size
(Font)              <5> on input line 6.
Missing character: There is no √ in font cmr10!
Missing character: There is no § in font cmr10!
)
\tf@toc=\write4
 [2

]
*geometry* verbose mode - [ newgeometry ] result:
* driver: pdftex
* paper: a4paper
* layout: <same size as paper>
* layoutoffset:(h,v)=(0.0pt,0.0pt)
* modes: 
* h-part:(L,W,R)=(42.67912pt, 512.14963pt, 42.67912pt)
* v-part:(T,H,B)=(42.67912pt, 745.46222pt, 56.9055pt)
* \paperwidth=597.50787pt
* \paperheight=845.04684pt
* \textwidth=512.14963pt
* \textheight=745.46222pt
* \oddsidemargin=-29.59087pt
* \evensidemargin=-29.59087pt
* \topmargin=-66.59087pt
* \headheight=12.0pt
* \headsep=25.0pt
* \topskip=10.0pt
* \footskip=30.0pt
* \marginparwidth=65.0pt
* \marginparsep=11.0pt
* \columnsep=10.0pt
* \skip\footins=9.0pt plus 4.0pt minus 2.0pt
* \hoffset=0.0pt
* \voffset=0.0pt
* \mag=1000
* \@twocolumnfalse
* \@twosidefalse
* \@mparswitchfalse
* \@reversemarginfalse
* (1in=72.27pt=25.4mm, 1cm=28.453pt)


(D:\Users\Mattie432\Dropbox\Programming\LaTeX\SoftwareDesignStudy\Abstract/Abst
ract.tex
Underfull \hbox (badness 10000) in paragraph at lines 10--11

 []

)
(D:\Users\Mattie432\Dropbox\Programming\LaTeX\SoftwareDesignStudy\Introduction/
Introduction.tex)
(D:\Users\Mattie432\Dropbox\Programming\LaTeX\SoftwareDesignStudy\SystemOvervie
w/SystemOverview.tex)
(D:\Users\Mattie432\Dropbox\Programming\LaTeX\SoftwareDesignStudy\Modules/Modul
es.tex
Underfull \hbox (badness 10000) in paragraph at lines 16--17

 []


Underfull \hbox (badness 10000) in paragraph at lines 18--19

 []


Underfull \hbox (badness 10000) in paragraph at lines 20--33

 []

[3

] <Modules/"SDS Video Bandwidth".png, id=122, 516.42938pt x 611.28375pt>
File: Modules/"SDS Video Bandwidth".png Graphic file (type png)

<use Modules/"SDS Video Bandwidth".png>
Package pdftex.def Info: Modules/"SDS Video Bandwidth".png used on input line 3
6.
(pdftex.def)             Requested size: 512.14963pt x 606.27342pt.

Underfull \hbox (badness 10000) in paragraph at lines 40--41

 []

[4pdfTeX warning (ext4): destination with the same identifier (name{figure.1}) 
has been already used, duplicate ignored

\AtBegShi@Output ...ipout \box \AtBeginShipoutBox 
                                                  \fi \fi 
l.41 
      <D:/Users/Mattie432/Dropbox/Programming/LaTeX/SoftwareDesignStudy/Modules
/SDS Video Bandwidth.png>]
Underfull \hbox (badness 10000) in paragraph at lines 42--43

 []

Missing character: There is no ‚ in font cmr10!
Missing character: There is no Ä in font cmr10!
Missing character: There is no ú in font cmr10!
Missing character: There is no ‚ in font cmr10!
Missing character: There is no Ä in font cmr10!
Missing character: There is no ù in font cmr10!

Underfull \hbox (badness 10000) in paragraph at lines 44--47

 []


Underfull \hbox (badness 10000) in paragraph at lines 49--50

 []


Underfull \hbox (badness 10000) in paragraph at lines 51--52

 []


Underfull \hbox (badness 10000) in paragraph at lines 54--55

 []


Underfull \hbox (badness 10000) in paragraph at lines 56--57

 []


Underfull \hbox (badness 10000) in paragraph at lines 61--62

 []

[5]
Underfull \hbox (badness 10000) in paragraph at lines 63--64

 []

Missing character: There is no ‚ in font cmr10!
Missing character: There is no Ä in font cmr10!
Missing character: There is no ô in font cmr10!

Underfull \hbox (badness 10000) in paragraph at lines 65--66

 []

Missing character: There is no ‚ in font cmr10!
Missing character: There is no Ä in font cmr10!
Missing character: There is no ú in font cmr10!
Missing character: There is no ‚ in font cmr10!
Missing character: There is no Ä in font cmr10!
Missing character: There is no ù in font cmr10!

Underfull \hbox (badness 10000) in paragraph at lines 67--68

 []


Underfull \hbox (badness 10000) in paragraph at lines 69--70

 []

Missing character: There is no √ in font cmbx10!
Missing character: There is no § in font cmbx10!
Missing character: There is no ‚ in font cmr10!
Missing character: There is no Ä in font cmr10!
Missing character: There is no ú in font cmr10!
Missing character: There is no √ in font cmr10!
Missing character: There is no § in font cmr10!
Missing character: There is no ‚ in font cmr10!
Missing character: There is no Ä in font cmr10!
Missing character: There is no ú in font cmr10!
Missing character: There is no √ in font cmr10!
Missing character: There is no § in font cmr10!

Underfull \hbox (badness 10000) in paragraph at lines 72--73

 []

Missing character: There is no ‚ in font cmr10!
Missing character: There is no Ä in font cmr10!
Missing character: There is no ô in font cmr10!

Underfull \hbox (badness 10000) in paragraph at lines 74--75

 []


Underfull \hbox (badness 10000) in paragraph at lines 76--77

 []

) [6]
(D:\Users\Mattie432\Dropbox\Programming\LaTeX\SoftwareDesignStudy\Specification
/Specification.tex
(D:\Users\Mattie432\Dropbox\Programming\LaTeX\SoftwareDesignStudy\Specification
/CommonTechnologies/CommonTechnologies.tex
Underfull \hbox (badness 10000) in paragraph at lines 11--12

 []


<Specification/CommonTechnologies/"Network Map - Iteration 0".png, id=138, 1039
.885pt x 538.01pt>
File: Specification/CommonTechnologies/"Network Map - Iteration 0".png Graphic 
file (type png)

<use Specification/CommonTechnologies/"Network Map - Iteration 0".png>
Package pdftex.def Info: Specification/CommonTechnologies/"Network Map - Iterat
ion 0".png used on input line 15.
(pdftex.def)             Requested size: 512.14963pt x 264.97354pt.

Underfull \hbox (badness 10000) in paragraph at lines 19--20

 []


Underfull \hbox (badness 10000) in paragraph at lines 21--22

 []


Underfull \hbox (badness 10000) in paragraph at lines 26--27

 []

[7pdfTeX warning (ext4): destination with the same identifier (name{figure.2}) 
has been already used, duplicate ignored

\AtBegShi@Output ...ipout \box \AtBeginShipoutBox 
                                                  \fi \fi 
l.27 
      <D:/Users/Mattie432/Dropbox/Programming/LaTeX/SoftwareDesignStudy/Specifi
cation/CommonTechnologies/Network Map - Iteration 0.png>]
<Specification/CommonTechnologies/"Initial GCM Setup - Iteration 0".png, id=147
, 783.92876pt x 456.70625pt>
File: Specification/CommonTechnologies/"Initial GCM Setup - Iteration 0".png Gr
aphic file (type png)

<use Specification/CommonTechnologies/"Initial GCM Setup - Iteration 0".png>
Package pdftex.def Info: Specification/CommonTechnologies/"Initial GCM Setup - 
Iteration 0".png used on input line 30.
(pdftex.def)             Requested size: 409.72125pt x 238.70117pt.

Underfull \hbox (badness 10000) in paragraph at lines 34--35

 []


<Specification/CommonTechnologies/"GCM Registration Sequence Diagram - Iteratio
n 0".png, id=148, 634.37pt x 405.515pt>
File: Specification/CommonTechnologies/"GCM Registration Sequence Diagram - Ite
ration 0".png Graphic file (type png)

<use Specification/CommonTechnologies/"GCM Registration Sequence Diagram - Iter
ation 0".png>
Package pdftex.def Info: Specification/CommonTechnologies/"GCM Registration Seq
uence Diagram - Iteration 0".png used on input line 38.
(pdftex.def)             Requested size: 409.72125pt x 261.91713pt.
Missing character: There is no ‚ in font cmr10!
Missing character: There is no Ä in font cmr10!
Missing character: There is no ô in font cmr10!

Underfull \hbox (badness 10000) in paragraph at lines 44--45

 []

[8pdfTeX warning (ext4): destination with the same identifier (name{figure.3}) 
has been already used, duplicate ignored

\AtBegShi@Output ...ipout \box \AtBeginShipoutBox 
                                                  \fi \fi 
l.45 
     pdfTeX warning (ext4): destination with the same identifier (name{figure.4
}) has been already used, duplicate ignored

\AtBegShi@Output ...ipout \box \AtBeginShipoutBox 
                                                  \fi \fi 
l.45 
      <D:/Users/Mattie432/Dropbox/Programming/LaTeX/SoftwareDesignStudy/Specifi
cation/CommonTechnologies/Initial GCM Setup - Iteration 0.png> <D:/Users/Mattie
432/Dropbox/Programming/LaTeX/SoftwareDesignStudy/Specification/CommonTechnolog
ies/GCM Registration Sequence Diagram - Iteration 0.png>]
<Specification/CommonTechnologies/"Sending a message via GCM - Iteration 0".png
, id=158, 795.97375pt x 538.01pt>
File: Specification/CommonTechnologies/"Sending a message via GCM - Iteration 0
".png Graphic file (type png)

<use Specification/CommonTechnologies/"Sending a message via GCM - Iteration 0"
.png>
Package pdftex.def Info: Specification/CommonTechnologies/"Sending a message vi
a GCM - Iteration 0".png used on input line 48.
(pdftex.def)             Requested size: 512.14963pt x 346.18054pt.
Missing character: There is no ‚ in font cmr10!
Missing character: There is no Ä in font cmr10!
Missing character: There is no ô in font cmr10!

Underfull \hbox (badness 10000) in paragraph at lines 52--53

 []


<Specification/CommonTechnologies/"GCM Send Message Sequence Diagram - Iteratio
n 0".png, id=159, 735.74875pt x 626.34pt>
File: Specification/CommonTechnologies/"GCM Send Message Sequence Diagram - Ite
ration 0".png Graphic file (type png)

<use Specification/CommonTechnologies/"GCM Send Message Sequence Diagram - Iter
ation 0".png>
Package pdftex.def Info: Specification/CommonTechnologies/"GCM Send Message Seq
uence Diagram - Iteration 0".png used on input line 56.
(pdftex.def)             Requested size: 512.14963pt x 436.01704pt.
 [9pdfTeX warning (ext4): destination with the same identifier (name{figure.5})
 has been already used, duplicate ignored

\AtBegShi@Output ...ipout \box \AtBeginShipoutBox 
                                                  \fi \fi 
l.59 
      <D:/Users/Mattie432/Dropbox/Programming/LaTeX/SoftwareDesignStudy/Specifi
cation/CommonTechnologies/Sending a message via GCM - Iteration 0.png>]
Missing character: There is no ‚ in font cmtt9!
Missing character: There is no Ä in font cmtt9!
Missing character: There is no ô in font cmtt9!

Underfull \hbox (badness 10000) in paragraph at lines 78--79

 []

[10pdfTeX warning (ext4): destination with the same identifier (name{figure.6})
 has been already used, duplicate ignored

\AtBegShi@Output ...ipout \box \AtBeginShipoutBox 
                                                  \fi \fi 
l.79 
      <D:/Users/Mattie432/Dropbox/Programming/LaTeX/SoftwareDesignStudy/Specifi
cation/CommonTechnologies/GCM Send Message Sequence Diagram - Iteration 0.png>]

Underfull \hbox (badness 10000) in paragraph at lines 80--81

 []

Missing character: There is no ‚ in font cmr10!
Missing character: There is no Ä in font cmr10!
Missing character: There is no ò in font cmr10!
Missing character: There is no ‚ in font cmr10!
Missing character: There is no Ä in font cmr10!
Missing character: There is no ô in font cmr10!

Underfull \hbox (badness 10000) in paragraph at lines 82--83

 []

Missing character: There is no ‚ in font cmr10!
Missing character: There is no Ä in font cmr10!
Missing character: There is no ô in font cmr10!
Missing character: There is no ‚ in font cmr10!
Missing character: There is no Ä in font cmr10!
Missing character: There is no ô in font cmr10!

Underfull \hbox (badness 10000) in paragraph at lines 85--86

 []


<Specification/CommonTechnologies/"GSM Sending a message upstream".png, id=189,
 603.0028pt x 132.495pt>
File: Specification/CommonTechnologies/"GSM Sending a message upstream".png Gra
phic file (type png)

<use Specification/CommonTechnologies/"GSM Sending a message upstream".png>
Package pdftex.def Info: Specification/CommonTechnologies/"GSM Sending a messag
e upstream".png used on input line 89.
(pdftex.def)             Requested size: 409.72125pt x 90.02463pt.
Missing character: There is no ‚ in font cmr10!
Missing character: There is no Ä in font cmr10!
Missing character: There is no ò in font cmr10!
Missing character: There is no ‚ in font cmr10!
Missing character: There is no Ä in font cmr10!
Missing character: There is no ô in font cmr10!
Missing character: There is no ‚ in font cmr10!
Missing character: There is no Ä in font cmr10!
Missing character: There is no ò in font cmr10!
Missing character: There is no ‚ in font cmr10!
Missing character: There is no Ä in font cmr10!
Missing character: There is no ô in font cmr10!

Underfull \hbox (badness 10000) in paragraph at lines 113--114

 []

[11pdfTeX warning (ext4): destination with the same identifier (name{figure.7})
 has been already used, duplicate ignored

\AtBegShi@Output ...ipout \box \AtBeginShipoutBox 
                                                  \fi \fi 
l.118   <
         gcm xmlns="google:mobile:data"> <D:/Users/Mattie432/Dropbox/Programmin
g/LaTeX/SoftwareDesignStudy/Specification/CommonTechnologies/GSM Sending a mess
age upstream.png>]
<Specification/CommonTechnologies/"GCM Upstream Message Sequence Diagram".png, 
id=214, 450.18187pt x 277.78781pt>
File: Specification/CommonTechnologies/"GCM Upstream Message Sequence Diagram".
png Graphic file (type png)

<use Specification/CommonTechnologies/"GCM Upstream Message Sequence Diagram".p
ng>
Package pdftex.def Info: Specification/CommonTechnologies/"GCM Upstream Message
 Sequence Diagram".png used on input line 130.
(pdftex.def)             Requested size: 409.72125pt x 252.83391pt.

Underfull \hbox (badness 10000) in paragraph at lines 136--137

 []


Underfull \hbox (badness 10000) in paragraph at lines 138--139

 []

Missing character: There is no ‚ in font cmr10!
Missing character: There is no Ä in font cmr10!
Missing character: There is no ô in font cmr10!

Underfull \hbox (badness 10000) in paragraph at lines 140--141

 []


Underfull \hbox (badness 10000) in paragraph at lines 142--143

 []

)
(D:\Users\Mattie432\Dropbox\Programming\LaTeX\SoftwareDesignStudy\Specification
/CPRSystem/CPRSystem.tex
Underfull \hbox (badness 10000) in paragraph at lines 9--10

 []

[12pdfTeX warning (ext4): destination with the same identifier (name{figure.8})
 has been already used, duplicate ignored

\AtBegShi@Output ...ipout \box \AtBeginShipoutBox 
                                                  \fi \fi 
l.10 
      <D:/Users/Mattie432/Dropbox/Programming/LaTeX/SoftwareDesignStudy/Specifi
cation/CommonTechnologies/GCM Upstream Message Sequence Diagram.png>]
Missing character: There is no ‚ in font cmr10!
Missing character: There is no Ä in font cmr10!
Missing character: There is no ô in font cmr10!

Underfull \hbox (badness 10000) in paragraph at lines 11--12

 []


<Specification/CPRSystem/"Iteration1/Storyboard - Iteration 0 - 1".png, id=231,
 894.34125pt x 464.73625pt>
File: Specification/CPRSystem/"Iteration1/Storyboard - Iteration 0 - 1".png Gra
phic file (type png)

<use Specification/CPRSystem/"Iteration1/Storyboard - Iteration 0 - 1".png>
Package pdftex.def Info: Specification/CPRSystem/"Iteration1/Storyboard - Itera
tion 0 - 1".png used on input line 17.
(pdftex.def)             Requested size: 512.14963pt x 266.13629pt.

<Specification/CPRSystem/"Iteration1/Storyboard - Iteration 0 - 2".png, id=232,
 894.34125pt x 455.7025pt>
File: Specification/CPRSystem/"Iteration1/Storyboard - Iteration 0 - 2".png Gra
phic file (type png)

<use Specification/CPRSystem/"Iteration1/Storyboard - Iteration 0 - 2".png>
Package pdftex.def Info: Specification/CPRSystem/"Iteration1/Storyboard - Itera
tion 0 - 2".png used on input line 21.
(pdftex.def)             Requested size: 512.14963pt x 260.96301pt.

<Specification/CPRSystem/"Iteration1/Storyboard - Iteration 0 - 3".png, id=233,
 894.34125pt x 454.69875pt>
File: Specification/CPRSystem/"Iteration1/Storyboard - Iteration 0 - 3".png Gra
phic file (type png)

<use Specification/CPRSystem/"Iteration1/Storyboard - Iteration 0 - 3".png>
Package pdftex.def Info: Specification/CPRSystem/"Iteration1/Storyboard - Itera
tion 0 - 3".png used on input line 25.
(pdftex.def)             Requested size: 512.14963pt x 260.38821pt.

[13 <D:/Users/Mattie432/Dropbox/Programming/LaTeX/SoftwareDesignStudy/Specifica
tion/CPRSystem/Iteration1/Storyboard - Iteration 0 - 1.png>]
Underfull \hbox (badness 10000) in paragraph at lines 33--34

 []

[14 <D:/Users/Mattie432/Dropbox/Programming/LaTeX/SoftwareDesignStudy/Specifica
tion/CPRSystem/Iteration1/Storyboard - Iteration 0 - 2.png> <D:/Users/Mattie432
/Dropbox/Programming/LaTeX/SoftwareDesignStudy/Specification/CPRSystem/Iteratio
n1/Storyboard - Iteration 0 - 3.png>]
Missing character: There is no ‚ in font cmr10!
Missing character: There is no Ä in font cmr10!
Missing character: There is no ò in font cmr10!
Missing character: There is no ‚ in font cmr10!
Missing character: There is no Ä in font cmr10!
Missing character: There is no ô in font cmr10!

Underfull \hbox (badness 10000) in paragraph at lines 46--47

 []

(D:\Users\Mattie432\AppData\Roaming\MiKTeX\2.9\tex\latex\listings\lstlang1.sty
File: lstlang1.sty 2014/09/06 1.5e listings language file
)
Underfull \hbox (badness 10000) in paragraph at lines 58--59

 []


Underfull \hbox (badness 10000) in paragraph at lines 61--62

 []


Underfull \hbox (badness 10000) in paragraph at lines 63--64

 []

Missing character: There is no ‚ in font cmr10!
Missing character: There is no Ä in font cmr10!
Missing character: There is no ô in font cmr10!

Underfull \hbox (badness 10000) in paragraph at lines 65--66

 []

[15]
<Specification/CPRSystem/"Iteration1/Android Notification Layout".png, id=273, 
365.6862pt x 123.3408pt>
File: Specification/CPRSystem/"Iteration1/Android Notification Layout".png Grap
hic file (type png)

<use Specification/CPRSystem/"Iteration1/Android Notification Layout".png>
Package pdftex.def Info: Specification/CPRSystem/"Iteration1/Android Notificati
on Layout".png used on input line 69.
(pdftex.def)             Requested size: 245.82962pt x 82.91643pt.
Missing character: There is no ‚ in font cmr10!
Missing character: There is no Ä in font cmr10!
Missing character: There is no ú in font cmr10!
Missing character: There is no ‚ in font cmr10!
Missing character: There is no Ä in font cmr10!
Missing character: There is no ù in font cmr10!

Underfull \hbox (badness 10000) in paragraph at lines 72--73

 []

[16 <D:/Users/Mattie432/Dropbox/Programming/LaTeX/SoftwareDesignStudy/Specifica
tion/CPRSystem/Iteration1/Android Notification Layout.png>]
<Specification/CPRSystem/"Iteration1/Android notification icon".jpg, id=279, 27
8.9622pt x 288.5982pt>
File: Specification/CPRSystem/"Iteration1/Android notification icon".jpg Graphi
c file (type jpg)

<use Specification/CPRSystem/"Iteration1/Android notification icon".jpg>
Package pdftex.def Info: Specification/CPRSystem/"Iteration1/Android notificati
on icon".jpg used on input line 77.
(pdftex.def)             Requested size: 76.8193pt x 79.47263pt.

Underfull \hbox (badness 10000) in paragraph at lines 80--81

 []


Package wrapfig Warning: Collision between wrapping environments on input line 
82.


<Specification/CPRSystem/"Iteration1/Android Notification Layout Extended".png,
 id=280, 576.65437pt x 476.53032pt>
File: Specification/CPRSystem/"Iteration1/Android Notification Layout Extended"
.png Graphic file (type png)

<use Specification/CPRSystem/"Iteration1/Android Notification Layout Extended".
png>
Package pdftex.def Info: Specification/CPRSystem/"Iteration1/Android Notificati
on Layout Extended".png used on input line 84.
(pdftex.def)             Requested size: 245.82962pt x 203.1444pt.


Package wrapfig Warning: Stationary wrapfigure forced to float on input line 87
.

Missing character: There is no ‚ in font cmr10!
Missing character: There is no Ä in font cmr10!
Missing character: There is no ú in font cmr10!
Missing character: There is no ‚ in font cmr10!
Missing character: There is no Ä in font cmr10!
Missing character: There is no ù in font cmr10!

Underfull \hbox (badness 10000) in paragraph at lines 87--88

 []


Underfull \hbox (badness 10000) in paragraph at lines 87--88

 []


Package wrapfig Warning: Collision between wrapping environments on input line 
89.


<Specification/CPRSystem/"Iteration1/Android Notification Design".png, id=281, 
416.30531pt x 318.43968pt>
File: Specification/CPRSystem/"Iteration1/Android Notification Design".png Grap
hic file (type png)

<use Specification/CPRSystem/"Iteration1/Android Notification Design".png>
Package pdftex.def Info: Specification/CPRSystem/"Iteration1/Android Notificati
on Design".png used on input line 91.
(pdftex.def)             Requested size: 256.07481pt x 195.88539pt.
Missing character: There is no ‚ in font cmr10!
Missing character: There is no Ä in font cmr10!
Missing character: There is no ò in font cmr10!
Missing character: There is no ‚ in font cmr10!
Missing character: There is no Ä in font cmr10!
Missing character: There is no ô in font cmr10!

Underfull \hbox (badness 10000) in paragraph at lines 93--94

 []


Underfull \hbox (badness 10000) in paragraph at lines 93--94

 []


Underfull \hbox (badness 10000) in paragraph at lines 93--94

 []

Missing character: There is no ‚ in font cmtt10!
Missing character: There is no Ä in font cmtt10!
Missing character: There is no ú in font cmtt10!
Missing character: There is no ‚ in font cmtt10!
Missing character: There is no Ä in font cmtt10!
Missing character: There is no ù in font cmtt10!

Overfull \hbox (2.54263pt too wide) in paragraph at lines 96--97
 \OT1/cmr/bx/n/10 5.2.1.5 Can-cel No-ti-fi-ca-tion[] \OT1/cmr/m/n/10 The dis-pa
tch-ers should
 []

[17

 <D:/Users/Mattie432/Dropbox/Programming/LaTeX/SoftwareDesignStudy/Specificatio
n/CPRSystem/Iteration1/Android notification icon.jpg> <D:/Users/Mattie432/Dropb
ox/Programming/LaTeX/SoftwareDesignStudy/Specification/CPRSystem/Iteration1/And
roid Notification Layout Extended.png> <D:/Users/Mattie432/Dropbox/Programming/
LaTeX/SoftwareDesignStudy/Specification/CPRSystem/Iteration1/Android Notificati
on Design.png>]
Missing character: There is no ‚ in font cmr10!
Missing character: There is no Ä in font cmr10!
Missing character: There is no ô in font cmr10!
Missing character: There is no ‚ in font cmr10!
Missing character: There is no Ä in font cmr10!
Missing character: There is no ò in font cmr10!
Missing character: There is no ‚ in font cmr10!
Missing character: There is no Ä in font cmr10!
Missing character: There is no ô in font cmr10!

Underfull \hbox (badness 10000) in paragraph at lines 108--109

 []


Underfull \hbox (badness 10000) in paragraph at lines 110--111

 []

[18]
Underfull \hbox (badness 10000) in paragraph at lines 114--115

 []


<Specification/CPRSystem/"Iteration1/Android CPR app pane".png, id=302, 431.612
5pt x 819.06pt>
File: Specification/CPRSystem/"Iteration1/Android CPR app pane".png Graphic fil
e (type png)

<use Specification/CPRSystem/"Iteration1/Android CPR app pane".png>
Package pdftex.def Info: Specification/CPRSystem/"Iteration1/Android CPR app pa
ne".png used on input line 118.
(pdftex.def)             Requested size: 204.85672pt x 388.7451pt.
Missing character: There is no ‚ in font cmr10!
Missing character: There is no Ä in font cmr10!
Missing character: There is no ò in font cmr10!
Missing character: There is no ‚ in font cmr10!
Missing character: There is no Ä in font cmr10!
Missing character: There is no ô in font cmr10!

Underfull \hbox (badness 2142) in paragraph at lines 120--121
\OT1/cmr/m/n/10 at a set in-ter-val so that the value is up-dated while mov-
 []


Underfull \hbox (badness 10000) in paragraph at lines 120--121

 []

Missing character: There is no ‚ in font cmr10!
Missing character: There is no Ä in font cmr10!
Missing character: There is no ò in font cmr10!
Missing character: There is no ‚ in font cmr10!
Missing character: There is no Ä in font cmr10!
Missing character: There is no ô in font cmr10!

Underfull \hbox (badness 10000) in paragraph at lines 122--123

 []

Missing character: There is no ‚ in font cmr10!
Missing character: There is no Ä in font cmr10!
Missing character: There is no ò in font cmr10!
Missing character: There is no ‚ in font cmr10!
Missing character: There is no Ä in font cmr10!
Missing character: There is no ô in font cmr10!

Underfull \hbox (badness 2269) in paragraph at lines 124--125
[]\OT1/cmr/m/n/10 We have de-cided to im-ple-ment an in-app map view rather
 []


Underfull \hbox (badness 1082) in paragraph at lines 124--125
\OT1/cmr/m/n/10 gives us a greater de-gree of con-trol over what we can show
 []


Underfull \hbox (badness 1412) in paragraph at lines 124--125
\OT1/cmr/m/n/10 the user and al-low them to in-ter-act with. For ex-am-ple it
 []


Underfull \hbox (badness 1789) in paragraph at lines 124--125
\OT1/cmr/m/n/10 al-lows us to dis-able the drag-gable state of the marker [18]
 []


Underfull \hbox (badness 1990) in paragraph at lines 124--125
\OT1/cmr/m/n/10 so that the user can-not ac-ci-den-tally move it to the wrong
 []


Underfull \hbox (badness 3148) in paragraph at lines 124--125
\OT1/cmr/m/n/10 lo-ca-tion and then de-lay their re-sponse time. It also al-
 []


Underfull \hbox (badness 2205) in paragraph at lines 124--125
\OT1/cmr/m/n/10 lows us to dis-play our own con-tent on the screen (in the
 []


Underfull \hbox (badness 1939) in paragraph at lines 124--125
\OT1/cmr/m/n/10 lower third) at the same time that the user is get-ting di-
 []


Underfull \hbox (badness 1527) in paragraph at lines 124--125
\OT1/cmr/m/n/10 rec-tions to the emer-gency. This is cur-rently dis-play-ing th
e
 []


Underfull \hbox (badness 2269) in paragraph at lines 124--125
\OT1/cmr/m/n/10 ad-dress and dis-tance of the emer-gency from the user how-
 []


Underfull \hbox (badness 10000) in paragraph at lines 124--125

 []

Missing character: There is no ‚ in font cmtt10!
Missing character: There is no Ä in font cmtt10!
Missing character: There is no ú in font cmtt10!
Missing character: There is no ‚ in font cmtt10!
Missing character: There is no Ä in font cmtt10!
Missing character: There is no ù in font cmtt10!
Missing character: There is no ‚ in font cmr10!
Missing character: There is no Ä in font cmr10!
Missing character: There is no ò in font cmr10!
Missing character: There is no ‚ in font cmr10!
Missing character: There is no Ä in font cmr10!
Missing character: There is no ô in font cmr10!

Underfull \hbox (badness 10000) in paragraph at lines 126--127

 []


Underfull \hbox (badness 10000) in paragraph at lines 129--130

 []


Underfull \hbox (badness 10000) in paragraph at lines 131--132

 []

[19 <D:/Users/Mattie432/Dropbox/Programming/LaTeX/SoftwareDesignStudy/Specifica
tion/CPRSystem/Iteration1/Android CPR app pane.png>]
Missing character: There is no ‚ in font cmr10!
Missing character: There is no Ä in font cmr10!
Missing character: There is no ú in font cmr10!
Missing character: There is no √ in font cmr10!
Missing character: There is no § in font cmr10!
Missing character: There is no ‚ in font cmr10!
Missing character: There is no Ä in font cmr10!
Missing character: There is no ú in font cmr10!

Underfull \hbox (badness 10000) in paragraph at lines 133--134

 []

Missing character: There is no ‚ in font cmr10!
Missing character: There is no Ä in font cmr10!
Missing character: There is no ô in font cmr10!
Missing character: There is no ‚ in font cmr10!
Missing character: There is no Ä in font cmr10!
Missing character: There is no ô in font cmr10!
Missing character: There is no ‚ in font cmr10!
Missing character: There is no Ä in font cmr10!
Missing character: There is no ò in font cmr10!
Missing character: There is no ‚ in font cmr10!
Missing character: There is no Ä in font cmr10!
Missing character: There is no ô in font cmr10!

Underfull \hbox (badness 10000) in paragraph at lines 135--136

 []

Missing character: There is no ‚ in font cmr10!
Missing character: There is no Ä in font cmr10!
Missing character: There is no ò in font cmr10!
Missing character: There is no ‚ in font cmr10!
Missing character: There is no Ä in font cmr10!
Missing character: There is no ô in font cmr10!
Missing character: There is no ‚ in font cmr10!
Missing character: There is no Ä in font cmr10!
Missing character: There is no ò in font cmr10!
Missing character: There is no ‚ in font cmr10!
Missing character: There is no Ä in font cmr10!
Missing character: There is no ô in font cmr10!

Underfull \hbox (badness 10000) in paragraph at lines 148--149

 []


Underfull \hbox (badness 10000) in paragraph at lines 151--152

 []


Underfull \hbox (badness 10000) in paragraph at lines 153--154

 []

LaTeX Font Info:    Try loading font information for OMS+cmr on input line 157.

("C:\Program Files (x86)\MiKTeX 2.9\tex\latex\base\omscmr.fd"
File: omscmr.fd 1999/05/25 v2.5h Standard LaTeX font definitions
)
LaTeX Font Info:    Font shape `OMS/cmr/m/n' in size <10> not available
(Font)              Font shape `OMS/cmsy/m/n' tried instead on input line 157.
Missing character: There is no ‚ in font cmti10!
Missing character: There is no Ä in font cmti10!
Missing character: There is no ô in font cmti10!
Missing character: There is no ‚ in font cmr10!
Missing character: There is no Ä in font cmr10!
Missing character: There is no ô in font cmr10!
 [20]
Missing character: There is no ‚ in font cmr10!
Missing character: There is no Ä in font cmr10!
Missing character: There is no ô in font cmr10!
Missing character: There is no ‚ in font cmr10!
Missing character: There is no Ä in font cmr10!
Missing character: There is no ô in font cmr10!
Missing character: There is no ‚ in font cmr10!
Missing character: There is no Ä in font cmr10!
Missing character: There is no ô in font cmr10!
Missing character: There is no ‚ in font cmr10!
Missing character: There is no Ä in font cmr10!
Missing character: There is no ô in font cmr10!

Underfull \hbox (badness 10000) in paragraph at lines 165--166

 []

Missing character: There is no ‚ in font cmr10!
Missing character: There is no Ä in font cmr10!
Missing character: There is no ô in font cmr10!

Underfull \hbox (badness 10000) in paragraph at lines 167--168

 []


Underfull \hbox (badness 10000) in paragraph at lines 169--170

 []

[21]
<Specification/CPRSystem/"Iteration1/cpr-database-0".png, id=333, 572.1375pt x 
553.31718pt>
File: Specification/CPRSystem/"Iteration1/cpr-database-0".png Graphic file (typ
e png)
 <use Specification/CPRSystem/"Iteration1/cpr-database-0".png>
Package pdftex.def Info: Specification/CPRSystem/"Iteration1/cpr-database-0".pn
g used on input line 176.
(pdftex.def)             Requested size: 512.14963pt x 495.30444pt.

Underfull \hbox (badness 10000) in paragraph at lines 179--180

 []


Underfull \hbox (badness 10000) in paragraph at lines 182--183

 []

(D:\Users\Mattie432\AppData\Roaming\MiKTeX\2.9\tex\latex\listings\lstlang1.sty
File: lstlang1.sty 2014/09/06 1.5e listings language file
) [22 <D:/Users/Mattie432/Dropbox/Programming/LaTeX/SoftwareDesignStudy/Specifi
cation/CPRSystem/Iteration1/cpr-database-0.png>]
Underfull \hbox (badness 10000) in paragraph at lines 222--223

 []

))
(D:\Users\Mattie432\Dropbox\Programming\LaTeX\SoftwareDesignStudy\ProjectManage
ment/ProjectManagement.tex)
(D:\Users\Mattie432\Dropbox\Programming\LaTeX\SoftwareDesignStudy\PersonalRefle
ctions/PersonalReflections.tex)
Package atveryend Info: Empty hook `BeforeClearDocument' on input line 47.
 [23]
Package atveryend Info: Empty hook `AfterLastShipout' on input line 47.

(D:\Users\Mattie432\Dropbox\Programming\LaTeX\SoftwareDesignStudy\SoftwareDesig
nStudy.aux)
Package atveryend Info: Executing hook `AtVeryEndDocument' on input line 47.
Package atveryend Info: Executing hook `AtEndAfterFileList' on input line 47.
Package rerunfilecheck Info: File `SoftwareDesignStudy.out' has not changed.
(rerunfilecheck)             Checksum: EE7AF379C95D4F5CD1B66D937F2037D1;1315.
Package atveryend Info: Empty hook `AtVeryVeryEnd' on input line 47.
 ) 
Here is how much of TeX's memory you used:
 10185 strings out of 493921
 159703 string characters out of 3144864
 298903 words of memory out of 3000000
 13043 multiletter control sequences out of 15000+200000
 6850 words of font info for 26 fonts, out of 3000000 for 9000
 841 hyphenation exceptions out of 8191
 74i,9n,80p,1244b,2130s stack positions out of 5000i,500n,10000p,200000b,50000s
<C:/Program Files (x86)/MiKTeX 2.9/fonts/type1/public/amsfonts/cm/cmbx10.pfb>
<C:/Program Files (x86)/MiKTeX 2.9/fonts/type1/public/amsfonts/cm/cmbx12.pfb><C
:/Program Files (x86)/MiKTeX 2.9/fonts/type1/public/amsfonts/cm/cmr10.pfb><C:/P
rogram Files (x86)/MiKTeX 2.9/fonts/type1/public/amsfonts/cm/cmr12.pfb><C:/Prog
ram Files (x86)/MiKTeX 2.9/fonts/type1/public/amsfonts/cm/cmsy10.pfb><C:/Progra
m Files (x86)/MiKTeX 2.9/fonts/type1/public/amsfonts/cm/cmti10.pfb><C:/Program 
Files (x86)/MiKTeX 2.9/fonts/type1/public/amsfonts/cm/cmtt10.pfb><C:/Program Fi
les (x86)/MiKTeX 2.9/fonts/type1/public/amsfonts/cm/cmtt9.pfb>
Output written on SoftwareDesignStudy.pdf (23 pages, 1475327 bytes).
PDF statistics:
 439 PDF objects out of 1000 (max. 8388607)
 177 named destinations out of 1000 (max. 500000)
 251 words of extra memory for PDF output out of 10000 (max. 10000000)

