This is pdfTeX, Version 3.1415926-2.5-1.40.14 (MiKTeX 2.9) (preloaded format=pdflatex 2014.4.21)  29 APR 2015 23:55
entering extended mode
**Specification.tex

(D:\Users\Mattie432\Dropbox\Programming\LaTeX\SoftwareDesignStudy\Specification
\Specification.tex
LaTeX2e <2011/06/27>
Babel <v3.8m> and hyphenation patterns for english, afrikaans, ancientgreek, ar
abic, armenian, assamese, basque, bengali, bokmal, bulgarian, catalan, coptic, 
croatian, czech, danish, dutch, esperanto, estonian, farsi, finnish, french, ga
lician, german, german-x-2013-05-26, greek, gujarati, hindi, hungarian, iceland
ic, indonesian, interlingua, irish, italian, kannada, kurmanji, latin, latvian,
 lithuanian, malayalam, marathi, mongolian, mongolianlmc, monogreek, ngerman, n
german-x-2013-05-26, nynorsk, oriya, panjabi, pinyin, polish, portuguese, roman
ian, russian, sanskrit, serbian, slovak, slovenian, spanish, swedish, swissgerm
an, tamil, telugu, turkish, turkmen, ukenglish, ukrainian, uppersorbian, usengl
ishmax, welsh, loaded.
("C:\Program Files (x86)\MiKTeX 2.9\tex\latex\base\article.cls"
Document Class: article 2007/10/19 v1.4h Standard LaTeX document class
("C:\Program Files (x86)\MiKTeX 2.9\tex\latex\base\size10.clo"
File: size10.clo 2007/10/19 v1.4h Standard LaTeX file (size option)
)
\c@part=\count79
\c@section=\count80
\c@subsection=\count81
\c@subsubsection=\count82
\c@paragraph=\count83
\c@subparagraph=\count84
\c@figure=\count85
\c@table=\count86
\abovecaptionskip=\skip41
\belowcaptionskip=\skip42
\bibindent=\dimen102
)
(D:\Users\Mattie432\Dropbox\Programming\LaTeX\SoftwareDesignStudy\myPackage.sty

LaTeX Warning: You have requested package `../myPackage',
               but the package provides `myPackage'.

Package: myPackage 2011/01/11 v0.01 LaTeX package for my own purpose

(D:\Users\Mattie432\AppData\Roaming\MiKTeX\2.9\tex\latex\standalone\standalone.
sty
Package: standalone 2012/09/15 v1.1b Package to include TeX sub-files with prea
mbles
 ("C:\Program Files (x86)\MiKTeX 2.9\tex\generic\oberdiek\ifluatex.sty"
Package: ifluatex 2010/03/01 v1.3 Provides the ifluatex switch (HO)
Package ifluatex Info: LuaTeX not detected.
)
("C:\Program Files (x86)\MiKTeX 2.9\tex\generic\oberdiek\ifpdf.sty"
Package: ifpdf 2011/01/30 v2.3 Provides the ifpdf switch (HO)
Package ifpdf Info: pdfTeX in PDF mode is detected.
)
("C:\Program Files (x86)\MiKTeX 2.9\tex\generic\ifxetex\ifxetex.sty"
Package: ifxetex 2010/09/12 v0.6 Provides ifxetex conditional
)
("C:\Program Files (x86)\MiKTeX 2.9\tex\latex\xkeyval\xkeyval.sty"
Package: xkeyval 2012/10/14 v2.6b package option processing (HA)

("C:\Program Files (x86)\MiKTeX 2.9\tex\generic\xkeyval\xkeyval.tex"
\XKV@toks=\toks14
\XKV@tempa@toks=\toks15
\XKV@depth=\count87
File: xkeyval.tex 2012/10/14 v2.6b key=value parser (HA)

("C:\Program Files (x86)\MiKTeX 2.9\tex\generic\xkeyval\keyval.tex")))
(D:\Users\Mattie432\AppData\Roaming\MiKTeX\2.9\tex\latex\currfile\currfile.sty
Package: currfile 2013/02/01 v0.7b Provides the file path elements of the curre
nt input file

("C:\Program Files (x86)\MiKTeX 2.9\tex\latex\oberdiek\kvoptions.sty"
Package: kvoptions 2011/06/30 v3.11 Key value format for package options (HO)

("C:\Program Files (x86)\MiKTeX 2.9\tex\generic\oberdiek\ltxcmds.sty"
Package: ltxcmds 2011/11/09 v1.22 LaTeX kernel commands for general use (HO)
)
("C:\Program Files (x86)\MiKTeX 2.9\tex\generic\oberdiek\kvsetkeys.sty"
Package: kvsetkeys 2012/04/25 v1.16 Key value parser (HO)

("C:\Program Files (x86)\MiKTeX 2.9\tex\generic\oberdiek\infwarerr.sty"
Package: infwarerr 2010/04/08 v1.3 Providing info/warning/error messages (HO)
)
("C:\Program Files (x86)\MiKTeX 2.9\tex\generic\oberdiek\etexcmds.sty"
Package: etexcmds 2011/02/16 v1.5 Avoid name clashes with e-TeX commands (HO)
Package etexcmds Info: Could not find \expanded.
(etexcmds)             That can mean that you are not using pdfTeX 1.50 or
(etexcmds)             that some package has redefined \expanded.
(etexcmds)             In the latter case, load this package earlier.
)))
(D:\Users\Mattie432\AppData\Roaming\MiKTeX\2.9\tex\latex\filehook\filehook.sty
Package: filehook 2011/10/12 v0.5d Hooks for input files
)
\c@currfiledepth=\count88
)
(D:\Users\Mattie432\AppData\Roaming\MiKTeX\2.9\tex\latex\gincltex\gincltex.sty
(D:\Users\Mattie432\AppData\Roaming\MiKTeX\2.9\tex\latex\svn-prov\svn-prov.sty
Package: svn-prov 2010/04/24 v3.1862 Package Date/Version from SVN Keywords
)
Package: gincltex 2011/09/04 v0.3 Include external LaTeX files like graphics

(D:\Users\Mattie432\AppData\Roaming\MiKTeX\2.9\tex\latex\adjustbox\adjustbox.st
y
Package: adjustbox 2012/05/21 v1.0 Adjusting TeX boxes (trim, clip, ...)

(D:\Users\Mattie432\AppData\Roaming\MiKTeX\2.9\tex\latex\adjustbox\adjcalc.sty
Package: adjcalc 2012/05/16 v1.1 Provides advanced setlength with multiple back
-ends (calc, etex, pgfmath)
)
(D:\Users\Mattie432\AppData\Roaming\MiKTeX\2.9\tex\latex\adjustbox\trimclip.sty
Package: trimclip 2012/05/16 v1.0 Trim and clip general TeX material
("C:\Program Files (x86)\MiKTeX 2.9\tex\latex\graphics\graphicx.sty"
Package: graphicx 1999/02/16 v1.0f Enhanced LaTeX Graphics (DPC,SPQR)

("C:\Program Files (x86)\MiKTeX 2.9\tex\latex\graphics\graphics.sty"
Package: graphics 2009/02/05 v1.0o Standard LaTeX Graphics (DPC,SPQR)

("C:\Program Files (x86)\MiKTeX 2.9\tex\latex\graphics\trig.sty"
Package: trig 1999/03/16 v1.09 sin cos tan (DPC)
)
("C:\Program Files (x86)\MiKTeX 2.9\tex\latex\00miktex\graphics.cfg"
File: graphics.cfg 2007/01/18 v1.5 graphics configuration of teTeX/TeXLive
)
Package graphics Info: Driver file: pdftex.def on input line 91.

("C:\Program Files (x86)\MiKTeX 2.9\tex\latex\pdftex-def\pdftex.def"
File: pdftex.def 2011/05/27 v0.06d Graphics/color for pdfTeX
\Gread@gobject=\count89
))
\Gin@req@height=\dimen103
\Gin@req@width=\dimen104
)
(D:\Users\Mattie432\AppData\Roaming\MiKTeX\2.9\tex\latex\collectbox\collectbox.
sty
Package: collectbox 2012/05/17 v0.4b Collect macro arguments as boxes
\collectedbox=\box26
)
\tc@llx=\dimen105
\tc@lly=\dimen106
\tc@urx=\dimen107
\tc@ury=\dimen108
Package trimclip Info: Using driver 'tc-pdftex.def'.

(D:\Users\Mattie432\AppData\Roaming\MiKTeX\2.9\tex\latex\adjustbox\tc-pdftex.de
f
File: tc-pdftex.def 2012/05/13 v1.0 Clipping driver for pdftex
))
\adjbox@Width=\dimen109
\adjbox@Height=\dimen110
\adjbox@Depth=\dimen111
\adjbox@Totalheight=\dimen112

(D:\Users\Mattie432\AppData\Roaming\MiKTeX\2.9\tex\latex\ifoddpage\ifoddpage.st
y
Package: ifoddpage 2011/09/13 v1.0 Conditionals for odd/even page detection
\c@checkoddpage=\count90
) ("C:\Program Files (x86)\MiKTeX 2.9\tex\latex\ltxmisc\varwidth.sty"
Package: varwidth 2009/03/30 ver 0.92;  Variable-width minipages
\@vwid@box=\box27
\sift@deathcycles=\count91
\@vwid@loff=\dimen113
\@vwid@roff=\dimen114
))
\gincltex@box=\box28
)
(D:\Users\Mattie432\AppData\Roaming\MiKTeX\2.9\tex\latex\filemod\filemod-expmin
.sty
Package: filemod-expmin 2011/09/19 v1.2 Get and compare file modification times
 (expandable; minimal)
)) ("C:\Program Files (x86)\MiKTeX 2.9\tex\generic\babel\babel.sty"
Package: babel 2008/07/08 v3.8m The Babel package

*************************************
* Local config file bblopts.cfg used
*
("C:\Program Files (x86)\MiKTeX 2.9\tex\latex\00miktex\bblopts.cfg"
File: bblopts.cfg 2006/07/31 v1.0 MiKTeX 'babel' configuration
)
("C:\Program Files (x86)\MiKTeX 2.9\tex\generic\babel\english.ldf"
Language: english 2005/03/30 v3.3o English support from the babel system

("C:\Program Files (x86)\MiKTeX 2.9\tex\generic\babel\babel.def"
File: babel.def 2008/07/08 v3.8m Babel common definitions
\babel@savecnt=\count92
\U@D=\dimen115
)
\l@canadian = a dialect from \language\l@american 
\l@australian = a dialect from \language\l@british 
\l@newzealand = a dialect from \language\l@british 
))
("C:\Program Files (x86)\MiKTeX 2.9\tex\latex\tools\multicol.sty"
Package: multicol 2011/06/27 v1.7a multicolumn formatting (FMi)
\c@tracingmulticols=\count93
\mult@box=\box29
\multicol@leftmargin=\dimen116
\c@unbalance=\count94
\c@collectmore=\count95
\doublecol@number=\count96
\multicoltolerance=\count97
\multicolpretolerance=\count98
\full@width=\dimen117
\page@free=\dimen118
\premulticols=\dimen119
\postmulticols=\dimen120
\multicolsep=\skip43
\multicolbaselineskip=\skip44
\partial@page=\box30
\last@line=\box31
\mult@rightbox=\box32
\mult@grightbox=\box33
\mult@gfirstbox=\box34
\mult@firstbox=\box35
\@tempa=\box36
\@tempa=\box37
\@tempa=\box38
\@tempa=\box39
\@tempa=\box40
\@tempa=\box41
\@tempa=\box42
\@tempa=\box43
\@tempa=\box44
\@tempa=\box45
\@tempa=\box46
\@tempa=\box47
\@tempa=\box48
\@tempa=\box49
\@tempa=\box50
\@tempa=\box51
\@tempa=\box52
\c@columnbadness=\count99
\c@finalcolumnbadness=\count100
\last@try=\dimen121
\multicolovershoot=\dimen122
\multicolundershoot=\dimen123
\mult@nat@firstbox=\box53
\colbreak@box=\box54
\multicol@sort@counter=\count101
)
("C:\Program Files (x86)\MiKTeX 2.9\tex\latex\geometry\geometry.sty"
Package: geometry 2010/09/12 v5.6 Page Geometry

("C:\Program Files (x86)\MiKTeX 2.9\tex\generic\oberdiek\ifvtex.sty"
Package: ifvtex 2010/03/01 v1.5 Detect VTeX and its facilities (HO)
Package ifvtex Info: VTeX not detected.
)
\Gm@cnth=\count102
\Gm@cntv=\count103
\c@Gm@tempcnt=\count104
\Gm@bindingoffset=\dimen124
\Gm@wd@mp=\dimen125
\Gm@odd@mp=\dimen126
\Gm@even@mp=\dimen127
\Gm@layoutwidth=\dimen128
\Gm@layoutheight=\dimen129
\Gm@layouthoffset=\dimen130
\Gm@layoutvoffset=\dimen131
\Gm@dimlist=\toks16

("C:\Program Files (x86)\MiKTeX 2.9\tex\latex\geometry\geometry.cfg"))
(D:\Users\Mattie432\AppData\Roaming\MiKTeX\2.9\tex\latex\enumitem\enumitem.sty
Package: enumitem 2011/09/28 v3.5.2 Customized lists
\enitkv@toks@=\toks17
\labelindent=\skip45
\enit@outerparindent=\dimen132
\enit@toks=\toks18
\enit@inbox=\box55
\enitdp@description=\count105
) (D:\Users\Mattie432\AppData\Roaming\MiKTeX\2.9\tex\latex\ulem\ulem.sty
\UL@box=\box56
\UL@hyphenbox=\box57
\UL@skip=\skip46
\UL@hook=\toks19
\UL@height=\dimen133
\UL@pe=\count106
\UL@pixel=\dimen134
\ULC@box=\box58
Package: ulem 2012/05/18
\ULdepth=\dimen135
)
("C:\Program Files (x86)\MiKTeX 2.9\tex\latex\base\fixltx2e.sty"
Package: fixltx2e 2006/09/13 v1.1m fixes to LaTeX
LaTeX Info: Redefining \em on input line 420.
)
("C:\Program Files (x86)\MiKTeX 2.9\tex\latex\graphics\color.sty"
Package: color 2005/11/14 v1.0j Standard LaTeX Color (DPC)

("C:\Program Files (x86)\MiKTeX 2.9\tex\latex\00miktex\color.cfg"
File: color.cfg 2007/01/18 v1.5 color configuration of teTeX/TeXLive
)
Package color Info: Driver file: pdftex.def on input line 130.
)
("C:\Program Files (x86)\MiKTeX 2.9\tex\latex\hyperref\hyperref.sty"
Package: hyperref 2012/11/06 v6.83m Hypertext links for LaTeX

("C:\Program Files (x86)\MiKTeX 2.9\tex\generic\oberdiek\hobsub-hyperref.sty"
Package: hobsub-hyperref 2012/04/25 v1.12 Bundle oberdiek, subset hyperref (HO)


("C:\Program Files (x86)\MiKTeX 2.9\tex\generic\oberdiek\hobsub-generic.sty"
Package: hobsub-generic 2012/04/25 v1.12 Bundle oberdiek, subset generic (HO)
Package: hobsub 2012/04/25 v1.12 Construct package bundles (HO)
Package hobsub Info: Skipping package `infwarerr' (already loaded).
Package hobsub Info: Skipping package `ltxcmds' (already loaded).
Package hobsub Info: Skipping package `ifluatex' (already loaded).
Package hobsub Info: Skipping package `ifvtex' (already loaded).
Package: intcalc 2007/09/27 v1.1 Expandable calculations with integers (HO)
Package hobsub Info: Skipping package `ifpdf' (already loaded).
Package hobsub Info: Skipping package `etexcmds' (already loaded).
Package hobsub Info: Skipping package `kvsetkeys' (already loaded).
Package: kvdefinekeys 2011/04/07 v1.3 Define keys (HO)
Package: pdftexcmds 2011/11/29 v0.20 Utility functions of pdfTeX for LuaTeX (HO
)
Package pdftexcmds Info: LuaTeX not detected.
Package pdftexcmds Info: \pdf@primitive is available.
Package pdftexcmds Info: \pdf@ifprimitive is available.
Package pdftexcmds Info: \pdfdraftmode found.
Package: pdfescape 2011/11/25 v1.13 Implements pdfTeX's escape features (HO)
Package: bigintcalc 2012/04/08 v1.3 Expandable calculations on big integers (HO
)
Package: bitset 2011/01/30 v1.1 Handle bit-vector datatype (HO)
Package: uniquecounter 2011/01/30 v1.2 Provide unlimited unique counter (HO)
)
Package hobsub Info: Skipping package `hobsub' (already loaded).
Package: letltxmacro 2010/09/02 v1.4 Let assignment for LaTeX macros (HO)
Package: hopatch 2011/06/24 v1.1 Wrapper for package hooks (HO)
Package: xcolor-patch 2011/01/30 xcolor patch
Package: atveryend 2011/06/30 v1.8 Hooks at the very end of document (HO)
Package atveryend Info: \enddocument detected (standard20110627).
Package: atbegshi 2011/10/05 v1.16 At begin shipout hook (HO)
Package: refcount 2011/10/16 v3.4 Data extraction from label references (HO)
Package: hycolor 2011/01/30 v1.7 Color options for hyperref/bookmark (HO)
)
("C:\Program Files (x86)\MiKTeX 2.9\tex\latex\oberdiek\auxhook.sty"
Package: auxhook 2011/03/04 v1.3 Hooks for auxiliary files (HO)
)
\@linkdim=\dimen136
\Hy@linkcounter=\count107
\Hy@pagecounter=\count108

("C:\Program Files (x86)\MiKTeX 2.9\tex\latex\hyperref\pd1enc.def"
File: pd1enc.def 2012/11/06 v6.83m Hyperref: PDFDocEncoding definition (HO)
)
\Hy@SavedSpaceFactor=\count109

("C:\Program Files (x86)\MiKTeX 2.9\tex\latex\00miktex\hyperref.cfg"
File: hyperref.cfg 2002/06/06 v1.2 hyperref configuration of TeXLive
)
Package hyperref Info: Hyper figures OFF on input line 4443.
Package hyperref Info: Link nesting OFF on input line 4448.
Package hyperref Info: Hyper index ON on input line 4451.
Package hyperref Info: Plain pages OFF on input line 4458.
Package hyperref Info: Backreferencing OFF on input line 4463.
Package hyperref Info: Implicit mode ON; LaTeX internals redefined.
Package hyperref Info: Bookmarks ON on input line 4688.
\c@Hy@tempcnt=\count110

(D:\Users\Mattie432\AppData\Roaming\MiKTeX\2.9\tex\latex\url\url.sty
\Urlmuskip=\muskip10
Package: url 2013/09/16  ver 3.4  Verb mode for urls, etc.
)
LaTeX Info: Redefining \url on input line 5041.
\XeTeXLinkMargin=\dimen137
\Fld@menulength=\count111
\Field@Width=\dimen138
\Fld@charsize=\dimen139
Package hyperref Info: Hyper figures OFF on input line 6295.
Package hyperref Info: Link nesting OFF on input line 6300.
Package hyperref Info: Hyper index ON on input line 6303.
Package hyperref Info: backreferencing OFF on input line 6310.
Package hyperref Info: Link coloring OFF on input line 6315.
Package hyperref Info: Link coloring with OCG OFF on input line 6320.
Package hyperref Info: PDF/A mode OFF on input line 6325.
LaTeX Info: Redefining \ref on input line 6365.
LaTeX Info: Redefining \pageref on input line 6369.
\Hy@abspage=\count112
\c@Item=\count113
\c@Hfootnote=\count114
)

Package hyperref Message: Driver (autodetected): hpdftex.

("C:\Program Files (x86)\MiKTeX 2.9\tex\latex\hyperref\hpdftex.def"
File: hpdftex.def 2012/11/06 v6.83m Hyperref driver for pdfTeX
\Fld@listcount=\count115
\c@bookmark@seq@number=\count116

("C:\Program Files (x86)\MiKTeX 2.9\tex\latex\oberdiek\rerunfilecheck.sty"
Package: rerunfilecheck 2011/04/15 v1.7 Rerun checks for auxiliary files (HO)
Package uniquecounter Info: New unique counter `rerunfilecheck' on input line 2
82.
)
\Hy@SectionHShift=\skip47
)
("C:\Program Files (x86)\MiKTeX 2.9\tex\latex\float\float.sty"
Package: float 2001/11/08 v1.3d Float enhancements (AL)
\c@float@type=\count117
\float@exts=\toks20
\float@box=\box59
\@float@everytoks=\toks21
\@floatcapt=\box60
)
(D:\Users\Mattie432\AppData\Roaming\MiKTeX\2.9\tex\latex\was\gensymb.sty
Package: gensymb 2003/07/02 v1.0 (WaS)
)
(D:\Users\Mattie432\AppData\Roaming\MiKTeX\2.9\tex\latex\wrapfig\wrapfig.sty
\wrapoverhang=\dimen140
\WF@size=\dimen141
\c@WF@wrappedlines=\count118
\WF@box=\box61
\WF@everypar=\toks22
Package: wrapfig 2003/01/31  v 3.6
)
("C:\Program Files (x86)\MiKTeX 2.9\tex\latex\tools\longtable.sty"
Package: longtable 2004/02/01 v4.11 Multi-page Table package (DPC)
\LTleft=\skip48
\LTright=\skip49
\LTpre=\skip50
\LTpost=\skip51
\LTchunksize=\count119
\LTcapwidth=\dimen142
\LT@head=\box62
\LT@firsthead=\box63
\LT@foot=\box64
\LT@lastfoot=\box65
\LT@cols=\count120
\LT@rows=\count121
\c@LT@tables=\count122
\c@LT@chunks=\count123
\LT@p@ftn=\toks23
)
(D:\Users\Mattie432\AppData\Roaming\MiKTeX\2.9\tex\latex\xcolor\xcolor.sty
Package: xcolor 2007/01/21 v2.11 LaTeX color extensions (UK)

("C:\Program Files (x86)\MiKTeX 2.9\tex\latex\00miktex\color.cfg"
File: color.cfg 2007/01/18 v1.5 color configuration of teTeX/TeXLive
)
Package xcolor Info: Package option `usenames' ignored on input line 216.
Package xcolor Info: Driver file: pdftex.def on input line 225.
LaTeX Info: Redefining \color on input line 702.
Package xcolor Info: Model `cmy' substituted by `cmy0' on input line 1337.
Package xcolor Info: Model `hsb' substituted by `rgb' on input line 1341.
Package xcolor Info: Model `RGB' extended on input line 1353.
Package xcolor Info: Model `HTML' substituted by `rgb' on input line 1355.
Package xcolor Info: Model `Hsb' substituted by `hsb' on input line 1356.
Package xcolor Info: Model `tHsb' substituted by `hsb' on input line 1357.
Package xcolor Info: Model `HSB' substituted by `hsb' on input line 1358.
Package xcolor Info: Model `Gray' substituted by `gray' on input line 1359.
Package xcolor Info: Model `wave' substituted by `hsb' on input line 1360.

("C:\Program Files (x86)\MiKTeX 2.9\tex\latex\graphics\dvipsnam.def"
File: dvipsnam.def 1999/02/16 v3.0i Driver-dependant file (DPC,SPQR)
))
(D:\Users\Mattie432\AppData\Roaming\MiKTeX\2.9\tex\latex\caption\caption.sty
Package: caption 2013/05/02 v3.3-89 Customizing captions (AR)

(D:\Users\Mattie432\AppData\Roaming\MiKTeX\2.9\tex\latex\caption\caption3.sty
Package: caption3 2013/05/02 v1.6-88 caption3 kernel (AR)
Package caption3 Info: TeX engine: e-TeX on input line 57.
\captionmargin=\dimen143
\captionmargin@=\dimen144
\captionwidth=\dimen145
\caption@tempdima=\dimen146
\caption@indent=\dimen147
\caption@parindent=\dimen148
\caption@hangindent=\dimen149
)
\c@ContinuedFloat=\count124
Package caption Info: float package is loaded.
Package caption Info: hyperref package is loaded.
Package caption Info: longtable package is loaded.

(D:\Users\Mattie432\AppData\Roaming\MiKTeX\2.9\tex\latex\caption\ltcaption.sty
Package: ltcaption 2013/02/03 v1.3-62 longtable captions (AR)
)
Package caption Info: wrapfig package is loaded.
)
(D:\Users\Mattie432\AppData\Roaming\MiKTeX\2.9\tex\latex\caption\subcaption.sty
Package: subcaption 2013/02/03 v1.1-62 Sub-captions (AR)
\c@subfigure=\count125
\c@subtable=\count126
) ("C:\Program Files (x86)\MiKTeX 2.9\tex\latex\ltxmisc\parskip.sty"
Package: parskip 2001/04/09 non-zero parskip adjustments
)
(D:\Users\Mattie432\AppData\Roaming\MiKTeX\2.9\tex\latex\supertabular\supertabu
lar.sty
Package: supertabular 2004/02/20 v4.1e the supertabular environment
\c@tracingst=\count127
\ST@wd=\dimen150
\ST@rightskip=\skip52
\ST@leftskip=\skip53
\ST@parfillskip=\skip54
\ST@pageleft=\dimen151
\ST@headht=\dimen152
\ST@tailht=\dimen153
\ST@pagesofar=\dimen154
\ST@pboxht=\dimen155
\ST@lineht=\dimen156
\ST@stretchht=\dimen157
\ST@prevht=\dimen158
\ST@toadd=\dimen159
\ST@dimen=\dimen160
\ST@pbox=\box66
)
(D:\Users\Mattie432\AppData\Roaming\MiKTeX\2.9\tex\latex\booktabs\booktabs.sty
Package: booktabs 2005/04/14 v1.61803 publication quality tables
\heavyrulewidth=\dimen161
\lightrulewidth=\dimen162
\cmidrulewidth=\dimen163
\belowrulesep=\dimen164
\belowbottomsep=\dimen165
\aboverulesep=\dimen166
\abovetopsep=\dimen167
\cmidrulesep=\dimen168
\cmidrulekern=\dimen169
\defaultaddspace=\dimen170
\@cmidla=\count128
\@cmidlb=\count129
\@aboverulesep=\dimen171
\@belowrulesep=\dimen172
\@thisruleclass=\count130
\@lastruleclass=\count131
\@thisrulewidth=\dimen173
) (D:\Users\Mattie432\AppData\Roaming\MiKTeX\2.9\tex\latex\listings\listings.st
y
\lst@mode=\count132
\lst@gtempboxa=\box67
\lst@token=\toks24
\lst@length=\count133
\lst@currlwidth=\dimen174
\lst@column=\count134
\lst@pos=\count135
\lst@lostspace=\dimen175
\lst@width=\dimen176
\lst@newlines=\count136
\lst@lineno=\count137
\lst@maxwidth=\dimen177
(D:\Users\Mattie432\AppData\Roaming\MiKTeX\2.9\tex\latex\listings\lstmisc.sty
File: lstmisc.sty 2014/09/06 1.5e (Carsten Heinz)
\c@lstnumber=\count138
\lst@skipnumbers=\count139
\lst@framebox=\box68
)
(D:\Users\Mattie432\AppData\Roaming\MiKTeX\2.9\tex\latex\listings\listings.cfg
File: listings.cfg 2014/09/06 1.5e listings configuration
))
Package: listings 2014/09/06 1.5e (Carsten Heinz)

(D:\Users\Mattie432\AppData\Roaming\MiKTeX\2.9\tex\latex\listings\lstlang1.sty
File: lstlang1.sty 2014/09/06 1.5e listings language file
) (D:\Users\Mattie432\AppData\Roaming\MiKTeX\2.9\tex\latex\listings\lstmisc.sty
File: lstmisc.sty 2014/09/06 1.5e (Carsten Heinz)
))
(D:\Users\Mattie432\Dropbox\Programming\LaTeX\SoftwareDesignStudy\Specification
\Specification.aux)
LaTeX Font Info:    Checking defaults for OML/cmm/m/it on input line 5.
LaTeX Font Info:    ... okay on input line 5.
LaTeX Font Info:    Checking defaults for T1/cmr/m/n on input line 5.
LaTeX Font Info:    ... okay on input line 5.
LaTeX Font Info:    Checking defaults for OT1/cmr/m/n on input line 5.
LaTeX Font Info:    ... okay on input line 5.
LaTeX Font Info:    Checking defaults for OMS/cmsy/m/n on input line 5.
LaTeX Font Info:    ... okay on input line 5.
LaTeX Font Info:    Checking defaults for OMX/cmex/m/n on input line 5.
LaTeX Font Info:    ... okay on input line 5.
LaTeX Font Info:    Checking defaults for U/cmr/m/n on input line 5.
LaTeX Font Info:    ... okay on input line 5.
LaTeX Font Info:    Checking defaults for PD1/pdf/m/n on input line 5.
LaTeX Font Info:    ... okay on input line 5.

(D:\Users\Mattie432\AppData\Roaming\MiKTeX\2.9\tex\context\base\supp-pdf.mkii
[Loading MPS to PDF converter (version 2006.09.02).]
\scratchcounter=\count140
\scratchdimen=\dimen178
\scratchbox=\box69
\nofMPsegments=\count141
\nofMParguments=\count142
\everyMPshowfont=\toks25
\MPscratchCnt=\count143
\MPscratchDim=\dimen179
\MPnumerator=\count144
\makeMPintoPDFobject=\count145
\everyMPtoPDFconversion=\toks26
)
*geometry* driver: auto-detecting
*geometry* detected driver: pdftex
*geometry* verbose mode - [ preamble ] result:
* driver: pdftex
* paper: a4paper
* layout: <same size as paper>
* layoutoffset:(h,v)=(0.0pt,0.0pt)
* modes: 
* h-part:(L,W,R)=(89.62709pt, 418.25368pt, 89.6271pt)
* v-part:(T,H,B)=(101.40665pt, 591.5302pt, 152.11pt)
* \paperwidth=597.50787pt
* \paperheight=845.04684pt
* \textwidth=418.25368pt
* \textheight=591.5302pt
* \oddsidemargin=17.3571pt
* \evensidemargin=17.3571pt
* \topmargin=-7.86334pt
* \headheight=12.0pt
* \headsep=25.0pt
* \topskip=10.0pt
* \footskip=30.0pt
* \marginparwidth=65.0pt
* \marginparsep=11.0pt
* \columnsep=10.0pt
* \skip\footins=9.0pt plus 4.0pt minus 2.0pt
* \hoffset=0.0pt
* \voffset=0.0pt
* \mag=1000
* \@twocolumnfalse
* \@twosidefalse
* \@mparswitchfalse
* \@reversemarginfalse
* (1in=72.27pt=25.4mm, 1cm=28.453pt)

\AtBeginShipoutBox=\box70
Package hyperref Info: Link coloring OFF on input line 5.
("C:\Program Files (x86)\MiKTeX 2.9\tex\latex\hyperref\nameref.sty"
Package: nameref 2012/10/27 v2.43 Cross-referencing by name of section

("C:\Program Files (x86)\MiKTeX 2.9\tex\generic\oberdiek\gettitlestring.sty"
Package: gettitlestring 2010/12/03 v1.4 Cleanup title references (HO)
)
\c@section@level=\count146
)
LaTeX Info: Redefining \ref on input line 5.
LaTeX Info: Redefining \pageref on input line 5.
LaTeX Info: Redefining \nameref on input line 5.

(D:\Users\Mattie432\Dropbox\Programming\LaTeX\SoftwareDesignStudy\Specification
\Specification.out)
(D:\Users\Mattie432\Dropbox\Programming\LaTeX\SoftwareDesignStudy\Specification
\Specification.out)
\@outlinefile=\write3
LaTeX Info: Redefining \celsius on input line 5.
Package gensymb Info: Faking symbols for \degree and \celsius on input line 5.


Package gensymb Warning: Not defining \perthousand.

LaTeX Info: Redefining \ohm on input line 5.
Package gensymb Info: Using \Omega for \ohm on input line 5.

Package gensymb Warning: Not defining \micro.

Package caption Info: Begin \AtBeginDocument code.
Package caption Info: listings package is loaded.
Package caption Info: supertabular package is loaded.
Package caption Info: End \AtBeginDocument code.
\c@lstlisting=\count147

(D:\Users\Mattie432\Dropbox\Programming\LaTeX\SoftwareDesignStudy\Specification
\CommonTechnologies/CommonTechnologies.tex
Underfull \hbox (badness 10000) in paragraph at lines 11--12

 []


<CommonTechnologies/"Network Map - Iteration 0".png, id=35, 1039.885pt x 538.01
pt>
File: CommonTechnologies/"Network Map - Iteration 0".png Graphic file (type png
)
 <use CommonTechnologies/"Network Map - Iteration 0".png>
Package pdftex.def Info: CommonTechnologies/"Network Map - Iteration 0".png use
d on input line 15.
(pdftex.def)             Requested size: 418.25368pt x 216.39053pt.

Underfull \hbox (badness 10000) in paragraph at lines 19--20

 []


Underfull \hbox (badness 10000) in paragraph at lines 21--22

 []

[1

{D:/Users/Mattie432/AppData/Local/MiKTeX/2.9/pdftex/config/pdftex.map} <D:/User
s/Mattie432/Dropbox/Programming/LaTeX/SoftwareDesignStudy/Specification/CommonT
echnologies/Network Map - Iteration 0.png>]
Underfull \hbox (badness 10000) in paragraph at lines 26--27

 []


<CommonTechnologies/"Initial GCM Setup - Iteration 0".png, id=48, 783.92876pt x
 456.70625pt>
File: CommonTechnologies/"Initial GCM Setup - Iteration 0".png Graphic file (ty
pe png)
 <use CommonTechnologies/"Initial GCM Setup - Iteration 0".png>
Package pdftex.def Info: CommonTechnologies/"Initial GCM Setup - Iteration 0".p
ng used on input line 30.
(pdftex.def)             Requested size: 334.60422pt x 194.93732pt.

Underfull \hbox (badness 10000) in paragraph at lines 34--35

 []


<CommonTechnologies/"GCM Registration Sequence Diagram - Iteration 0".png, id=4
9, 634.37pt x 405.515pt>
File: CommonTechnologies/"GCM Registration Sequence Diagram - Iteration 0".png 
Graphic file (type png)

<use CommonTechnologies/"GCM Registration Sequence Diagram - Iteration 0".png>
Package pdftex.def Info: CommonTechnologies/"GCM Registration Sequence Diagram 
- Iteration 0".png used on input line 38.
(pdftex.def)             Requested size: 334.60422pt x 213.89476pt.

[2 <D:/Users/Mattie432/Dropbox/Programming/LaTeX/SoftwareDesignStudy/Specificat
ion/CommonTechnologies/Initial GCM Setup - Iteration 0.png>]
Missing character: There is no ‚ in font cmr10!
Missing character: There is no Ä in font cmr10!
Missing character: There is no ô in font cmr10!

Underfull \hbox (badness 10000) in paragraph at lines 44--45

 []


<CommonTechnologies/"Sending a message via GCM - Iteration 0".png, id=57, 795.9
7375pt x 538.01pt>
File: CommonTechnologies/"Sending a message via GCM - Iteration 0".png Graphic 
file (type png)

<use CommonTechnologies/"Sending a message via GCM - Iteration 0".png>
Package pdftex.def Info: CommonTechnologies/"Sending a message via GCM - Iterat
ion 0".png used on input line 48.
(pdftex.def)             Requested size: 418.25368pt x 282.69754pt.
 [3 <D:/Users/Mattie432/Dropbox/Programming/LaTeX/SoftwareDesignStudy/Specifica
tion/CommonTechnologies/GCM Registration Sequence Diagram - Iteration 0.png>]
Missing character: There is no ‚ in font cmr10!
Missing character: There is no Ä in font cmr10!
Missing character: There is no ô in font cmr10!

Underfull \hbox (badness 10000) in paragraph at lines 52--53

 []


<CommonTechnologies/"GCM Send Message Sequence Diagram - Iteration 0".png, id=6
5, 735.74875pt x 626.34pt>
File: CommonTechnologies/"GCM Send Message Sequence Diagram - Iteration 0".png 
Graphic file (type png)

<use CommonTechnologies/"GCM Send Message Sequence Diagram - Iteration 0".png>
Package pdftex.def Info: CommonTechnologies/"GCM Send Message Sequence Diagram 
- Iteration 0".png used on input line 56.
(pdftex.def)             Requested size: 418.25368pt x 356.06178pt.

[4 <D:/Users/Mattie432/Dropbox/Programming/LaTeX/SoftwareDesignStudy/Specificat
ion/CommonTechnologies/Sending a message via GCM - Iteration 0.png>]
Missing character: There is no ‚ in font cmtt9!
Missing character: There is no Ä in font cmtt9!
Missing character: There is no ô in font cmtt9!
 [5 <D:/Users/Mattie432/Dropbox/Programming/LaTeX/SoftwareDesignStudy/Specifica
tion/CommonTechnologies/GCM Send Message Sequence Diagram - Iteration 0.png>]
Underfull \hbox (badness 10000) in paragraph at lines 78--79

 []


Underfull \hbox (badness 10000) in paragraph at lines 80--81

 []

Missing character: There is no ‚ in font cmr10!
Missing character: There is no Ä in font cmr10!
Missing character: There is no ò in font cmr10!
Missing character: There is no ‚ in font cmr10!
Missing character: There is no Ä in font cmr10!
Missing character: There is no ô in font cmr10!

Underfull \hbox (badness 10000) in paragraph at lines 82--83

 []

Missing character: There is no ‚ in font cmr10!
Missing character: There is no Ä in font cmr10!
Missing character: There is no ô in font cmr10!
Missing character: There is no ‚ in font cmr10!
Missing character: There is no Ä in font cmr10!
Missing character: There is no ô in font cmr10!

Underfull \hbox (badness 10000) in paragraph at lines 85--86

 []


<CommonTechnologies/"GSM Sending a message upstream".png, id=90, 603.0028pt x 1
32.495pt>
File: CommonTechnologies/"GSM Sending a message upstream".png Graphic file (typ
e png)
 <use CommonTechnologies/"GSM Sending a message upstream".png>
Package pdftex.def Info: CommonTechnologies/"GSM Sending a message upstream".pn
g used on input line 89.
(pdftex.def)             Requested size: 334.60422pt x 73.51941pt.
Missing character: There is no ‚ in font cmr10!
Missing character: There is no Ä in font cmr10!
Missing character: There is no ò in font cmr10!
Missing character: There is no ‚ in font cmr10!
Missing character: There is no Ä in font cmr10!
Missing character: There is no ô in font cmr10!

[6 <D:/Users/Mattie432/Dropbox/Programming/LaTeX/SoftwareDesignStudy/Specificat
ion/CommonTechnologies/GSM Sending a message upstream.png>]
Missing character: There is no ‚ in font cmr10!
Missing character: There is no Ä in font cmr10!
Missing character: There is no ò in font cmr10!
Missing character: There is no ‚ in font cmr10!
Missing character: There is no Ä in font cmr10!
Missing character: There is no ô in font cmr10!

Underfull \hbox (badness 10000) in paragraph at lines 113--114

 []


<CommonTechnologies/"GCM Upstream Message Sequence Diagram".png, id=107, 450.18
187pt x 277.78781pt>
File: CommonTechnologies/"GCM Upstream Message Sequence Diagram".png Graphic fi
le (type png)

<use CommonTechnologies/"GCM Upstream Message Sequence Diagram".png>
Package pdftex.def Info: CommonTechnologies/"GCM Upstream Message Sequence Diag
ram".png used on input line 130.
(pdftex.def)             Requested size: 334.60422pt x 206.47954pt.
 [7]
Underfull \hbox (badness 10000) in paragraph at lines 136--137

 []


Underfull \hbox (badness 10000) in paragraph at lines 138--139

 []

Missing character: There is no ‚ in font cmr10!
Missing character: There is no Ä in font cmr10!
Missing character: There is no ô in font cmr10!

Underfull \hbox (badness 10000) in paragraph at lines 140--141

 []


Underfull \hbox (badness 10000) in paragraph at lines 142--143

 []

)
(D:\Users\Mattie432\Dropbox\Programming\LaTeX\SoftwareDesignStudy\Specification
\EmergencyApp/EmergencyApp.tex)
(D:\Users\Mattie432\Dropbox\Programming\LaTeX\SoftwareDesignStudy\Specification
\CPRSystem/CPRSystem.tex
Underfull \hbox (badness 10000) in paragraph at lines 10--11

 []

[8 <D:/Users/Mattie432/Dropbox/Programming/LaTeX/SoftwareDesignStudy/Specificat
ion/CommonTechnologies/GCM Upstream Message Sequence Diagram.png>]
Missing character: There is no ‚ in font cmr10!
Missing character: There is no Ä in font cmr10!
Missing character: There is no ô in font cmr10!

Underfull \hbox (badness 10000) in paragraph at lines 12--13

 []


<CPRSystem/"Iteration1/Storyboard - Iteration 0 - 1".png, id=141, 894.34125pt x
 464.73625pt>
File: CPRSystem/"Iteration1/Storyboard - Iteration 0 - 1".png Graphic file (typ
e png)
 <use CPRSystem/"Iteration1/Storyboard - Iteration 0 - 1".png>
Package pdftex.def Info: CPRSystem/"Iteration1/Storyboard - Iteration 0 - 1".pn
g used on input line 18.
(pdftex.def)             Requested size: 418.25368pt x 217.3411pt.

<CPRSystem/"Iteration1/Storyboard - Iteration 0 - 2".png, id=142, 894.34125pt x
 455.7025pt>
File: CPRSystem/"Iteration1/Storyboard - Iteration 0 - 2".png Graphic file (typ
e png)
 <use CPRSystem/"Iteration1/Storyboard - Iteration 0 - 2".png>
Package pdftex.def Info: CPRSystem/"Iteration1/Storyboard - Iteration 0 - 2".pn
g used on input line 22.
(pdftex.def)             Requested size: 418.25368pt x 213.11632pt.

<CPRSystem/"Iteration1/Storyboard - Iteration 0 - 3".png, id=143, 894.34125pt x
 454.69875pt>
File: CPRSystem/"Iteration1/Storyboard - Iteration 0 - 3".png Graphic file (typ
e png)
 <use CPRSystem/"Iteration1/Storyboard - Iteration 0 - 3".png>
Package pdftex.def Info: CPRSystem/"Iteration1/Storyboard - Iteration 0 - 3".pn
g used on input line 26.
(pdftex.def)             Requested size: 418.25368pt x 212.6469pt.

[9 <D:/Users/Mattie432/Dropbox/Programming/LaTeX/SoftwareDesignStudy/Specificat
ion/CPRSystem/Iteration1/Storyboard - Iteration 0 - 1.png>] [10 <D:/Users/Matti
e432/Dropbox/Programming/LaTeX/SoftwareDesignStudy/Specification/CPRSystem/Iter
ation1/Storyboard - Iteration 0 - 2.png> <D:/Users/Mattie432/Dropbox/Programmin
g/LaTeX/SoftwareDesignStudy/Specification/CPRSystem/Iteration1/Storyboard - Ite
ration 0 - 3.png>]
Underfull \hbox (badness 10000) in paragraph at lines 34--35

 []

Missing character: There is no ‚ in font cmr10!
Missing character: There is no Ä in font cmr10!
Missing character: There is no ò in font cmr10!
Missing character: There is no ‚ in font cmr10!
Missing character: There is no Ä in font cmr10!
Missing character: There is no ô in font cmr10!

Underfull \hbox (badness 10000) in paragraph at lines 47--48

 []

(D:\Users\Mattie432\AppData\Roaming\MiKTeX\2.9\tex\latex\listings\lstlang1.sty
File: lstlang1.sty 2014/09/06 1.5e listings language file
)
Underfull \hbox (badness 10000) in paragraph at lines 59--60

 []

[11]
Underfull \hbox (badness 10000) in paragraph at lines 62--63

 []


Underfull \hbox (badness 10000) in paragraph at lines 64--65

 []

Missing character: There is no ‚ in font cmr10!
Missing character: There is no Ä in font cmr10!
Missing character: There is no ô in font cmr10!

Underfull \hbox (badness 10000) in paragraph at lines 66--67

 []


<CPRSystem/"Iteration1/Android Notification Layout".png, id=187, 365.6862pt x 1
23.3408pt>
File: CPRSystem/"Iteration1/Android Notification Layout".png Graphic file (type
 png)
 <use CPRSystem/"Iteration1/Android Notification Layout".png>
Package pdftex.def Info: CPRSystem/"Iteration1/Android Notification Layout".png
 used on input line 70.
(pdftex.def)             Requested size: 200.75996pt x 67.7153pt.
Missing character: There is no ‚ in font cmr10!
Missing character: There is no Ä in font cmr10!
Missing character: There is no ú in font cmr10!
Missing character: There is no ‚ in font cmr10!
Missing character: There is no Ä in font cmr10!
Missing character: There is no ù in font cmr10!

Underfull \hbox (badness 1127) in paragraph at lines 73--74
\OT1/cmr/m/n/10 fea-tures, a Ti-tle/-Name, No-ti-fi-ca-tion Icon,
 []


Underfull \hbox (badness 10000) in paragraph at lines 73--74

 []

[12 <D:/Users/Mattie432/Dropbox/Programming/LaTeX/SoftwareDesignStudy/Specifica
tion/CPRSystem/Iteration1/Android Notification Layout.png>]
<CPRSystem/"Iteration1/Android notification icon".jpg, id=195, 278.9622pt x 288
.5982pt>
File: CPRSystem/"Iteration1/Android notification icon".jpg Graphic file (type j
pg)
 <use CPRSystem/"Iteration1/Android notification icon".jpg>
Package pdftex.def Info: CPRSystem/"Iteration1/Android notification icon".jpg u
sed on input line 78.
(pdftex.def)             Requested size: 62.73549pt x 64.90096pt.

Underfull \hbox (badness 10000) in paragraph at lines 81--82

 []


<CPRSystem/"Iteration1/Android Notification Layout Extended".png, id=196, 576.6
5437pt x 476.53032pt>
File: CPRSystem/"Iteration1/Android Notification Layout Extended".png Graphic f
ile (type png)

<use CPRSystem/"Iteration1/Android Notification Layout Extended".png>
Package pdftex.def Info: CPRSystem/"Iteration1/Android Notification Layout Exte
nded".png used on input line 85.
(pdftex.def)             Requested size: 200.75996pt x 165.90102pt.
Missing character: There is no ‚ in font cmr10!
Missing character: There is no Ä in font cmr10!
Missing character: There is no ú in font cmr10!
Missing character: There is no ‚ in font cmr10!
Missing character: There is no Ä in font cmr10!
Missing character: There is no ù in font cmr10!

Underfull \hbox (badness 1237) in paragraph at lines 88--89
[][]\OT1/cmr/m/n/10 The times-tamp of the no-ti-fi-ca-tion should
 []


Underfull \hbox (badness 2894) in paragraph at lines 88--89
\OT1/cmr/m/n/10 be set to the time that the push no-
 []


Underfull \hbox (badness 3601) in paragraph at lines 88--89
\OT1/cmr/m/n/10 ti-fi-ca-tion was re-ceived and the mes-sage
 []


Underfull \hbox (badness 4846) in paragraph at lines 88--89
\OT1/cmr/m/n/10 body should con-tain both the dis-tance
 []


Underfull \hbox (badness 5533) in paragraph at lines 88--89
\OT1/cmr/m/n/10 to and the ad-dress of the emer-gency.
 []


Underfull \hbox (badness 7291) in paragraph at lines 88--89
\OT1/cmr/m/n/10 An-droid al-lows ex-pand-able lay-outs [22]
 []


Underfull \hbox (badness 1540) in paragraph at lines 88--89
\OT1/cmr/m/n/10 which al-lows the no-ti-fi-ca-tion to be min-
 []


Underfull \hbox (badness 4899) in paragraph at lines 88--89
\OT1/cmr/m/n/10 i-mal ini-tially and ex-pand when clicked
 []


Underfull \hbox (badness 2990) in paragraph at lines 88--89
\OT1/cmr/m/n/10 on. The min-i-mal lay-out still con-tains
 []


Underfull \hbox (badness 1596) in paragraph at lines 88--89
\OT1/cmr/m/n/10 both the ti-tle and the icon (along with
 []


Underfull \hbox (badness 4492) in paragraph at lines 88--89
\OT1/cmr/m/n/10 a line of text) which means the user
 []


Underfull \hbox (badness 1681) in paragraph at lines 88--89
\OT1/cmr/m/n/10 can still in-stantly see what the no-ti-fi-ca-
 []


Underfull \hbox (badness 10000) in paragraph at lines 88--89

 []


Underfull \hbox (badness 10000) in paragraph at lines 88--89

 []


<CPRSystem/"Iteration1/Android Notification Design".png, id=197, 416.30531pt x 
318.43968pt>
File: CPRSystem/"Iteration1/Android Notification Design".png Graphic file (type
 png)
 <use CPRSystem/"Iteration1/Android Notification Design".png>
Package pdftex.def Info: CPRSystem/"Iteration1/Android Notification Design".png
 used on input line 92.
(pdftex.def)             Requested size: 209.12683pt x 159.96773pt.
Missing character: There is no ‚ in font cmr10!
Missing character: There is no Ä in font cmr10!
Missing character: There is no ò in font cmr10!
Missing character: There is no ‚ in font cmr10!
Missing character: There is no Ä in font cmr10!
Missing character: There is no ô in font cmr10!

Underfull \hbox (badness 3386) in paragraph at lines 94--95
[][]\OT1/cmr/m/n/10 This is a de-sign shown how our no-ti-
 []


Underfull \hbox (badness 3503) in paragraph at lines 94--95
\OT1/cmr/m/n/10 fi-ca-tion might look to the user on ei-
 []


Underfull \hbox (badness 1831) in paragraph at lines 94--95
\OT1/cmr/m/n/10 ing the phone. Upon click-ing this no-
 []


Underfull \hbox (badness 2608) in paragraph at lines 94--95
\OT1/cmr/m/n/10 ti-fi-ca-tion the app will be launched and
 []


Underfull \hbox (badness 1975) in paragraph at lines 94--95
\OT1/cmr/m/n/10 show a CPR pane which would not be
 []


Underfull \hbox (badness 1661) in paragraph at lines 94--95
\OT1/cmr/m/n/10 nor-mally ac-ces-si-ble. This pane con-tains
 []


Underfull \hbox (badness 3291) in paragraph at lines 94--95
\OT1/cmr/m/n/10 a map with the lo-ca-tion of the emer-
 []


Underfull \hbox (badness 1748) in paragraph at lines 94--95
\OT1/cmr/m/n/10 gency shown clearly with a marker, the
 []


Underfull \hbox (badness 5175) in paragraph at lines 94--95
\OT1/cmr/m/n/10 users cur-rent lo-ca-tion and a di-rec-tions
 []


Underfull \hbox (badness 3364) in paragraph at lines 94--95
\OT1/cmr/m/n/10 but-ton which will plot a route to the
 []


Underfull \hbox (badness 3919) in paragraph at lines 94--95
\OT1/cmr/m/n/10 emer-gency from the users cur-rent lo-ca-
 []


Underfull \hbox (badness 10000) in paragraph at lines 94--95

 []


Underfull \hbox (badness 10000) in paragraph at lines 94--95

 []


Underfull \hbox (badness 10000) in paragraph at lines 94--95

 []

Missing character: There is no ‚ in font cmtt10!
Missing character: There is no Ä in font cmtt10!
Missing character: There is no ú in font cmtt10!
Missing character: There is no ‚ in font cmtt10!
Missing character: There is no Ä in font cmtt10!
Missing character: There is no ù in font cmtt10!
[13

 <D:/Users/Mattie432/Dropbox/Programming/LaTeX/SoftwareDesignStudy/Specificatio
n/CPRSystem/Iteration1/Android notification icon.jpg> <D:/Users/Mattie432/Dropb
ox/Programming/LaTeX/SoftwareDesignStudy/Specification/CPRSystem/Iteration1/And
roid Notification Layout Extended.png> <D:/Users/Mattie432/Dropbox/Programming/
LaTeX/SoftwareDesignStudy/Specification/CPRSystem/Iteration1/Android Notificati
on Design.png>]
Missing character: There is no ‚ in font cmr10!
Missing character: There is no Ä in font cmr10!
Missing character: There is no ô in font cmr10!
Missing character: There is no ‚ in font cmr10!
Missing character: There is no Ä in font cmr10!
Missing character: There is no ò in font cmr10!
Missing character: There is no ‚ in font cmr10!
Missing character: There is no Ä in font cmr10!
Missing character: There is no ô in font cmr10!

Underfull \hbox (badness 10000) in paragraph at lines 109--110

 []


Underfull \hbox (badness 10000) in paragraph at lines 111--112

 []

[14]
Underfull \hbox (badness 10000) in paragraph at lines 115--116

 []


<CPRSystem/"Iteration1/Android CPR app pane".png, id=222, 431.6125pt x 819.06pt
>
File: CPRSystem/"Iteration1/Android CPR app pane".png Graphic file (type png)
 <use CPRSystem/"Iteration1/Android CPR app pane".png>
Package pdftex.def Info: CPRSystem/"Iteration1/Android CPR app pane".png used o
n input line 119.
(pdftex.def)             Requested size: 167.2989pt x 317.46996pt.
Missing character: There is no ‚ in font cmr10!
Missing character: There is no Ä in font cmr10!
Missing character: There is no ò in font cmr10!
Missing character: There is no ‚ in font cmr10!
Missing character: There is no Ä in font cmr10!
Missing character: There is no ô in font cmr10!

Underfull \hbox (badness 1231) in paragraph at lines 121--122
\OT1/cmr/m/n/10 in-ter-val so that the value is up-dated while mov-
 []


Underfull \hbox (badness 10000) in paragraph at lines 121--122

 []

Missing character: There is no ‚ in font cmr10!
Missing character: There is no Ä in font cmr10!
Missing character: There is no ò in font cmr10!
Missing character: There is no ‚ in font cmr10!
Missing character: There is no Ä in font cmr10!
Missing character: There is no ô in font cmr10!

Underfull \hbox (badness 10000) in paragraph at lines 123--124

 []

Missing character: There is no ‚ in font cmr10!
Missing character: There is no Ä in font cmr10!
Missing character: There is no ò in font cmr10!
Missing character: There is no ‚ in font cmr10!
Missing character: There is no Ä in font cmr10!
Missing character: There is no ô in font cmr10!

Underfull \hbox (badness 3815) in paragraph at lines 125--126
[]\OT1/cmr/m/n/10 We have de-cided to im-ple-ment an in-app map
 []


Underfull \hbox (badness 1348) in paragraph at lines 125--126
\OT1/cmr/m/n/10 fault map app be-cause it gives us a greater de-
 []


Underfull \hbox (badness 1320) in paragraph at lines 125--126
\OT1/cmr/m/n/10 gree of con-trol over what we can show the user
 []


Underfull \hbox (badness 3679) in paragraph at lines 125--126
\OT1/cmr/m/n/10 and al-low them to in-ter-act with. For ex-am-
 []


Underfull \hbox (badness 1158) in paragraph at lines 125--126
\OT1/cmr/m/n/10 the marker [18] so that the user can-not ac-ci-den-
 []


Underfull \hbox (badness 2932) in paragraph at lines 125--126
\OT1/cmr/m/n/10 lay their re-sponse time. It also al-lows us to
 []


Underfull \hbox (badness 3158) in paragraph at lines 125--126
\OT1/cmr/m/n/10 dis-play our own con-tent on the screen (in the
 []


Underfull \hbox (badness 2158) in paragraph at lines 125--126
\OT1/cmr/m/n/10 lower third) at the same time that the user is
 []


Underfull \hbox (badness 5316) in paragraph at lines 125--126
\OT1/cmr/m/n/10 get-ting di-rec-tions to the emer-gency. This is
 []


Underfull \hbox (badness 3118) in paragraph at lines 125--126
\OT1/cmr/m/n/10 cur-rently dis-play-ing the ad-dress and dis-tance of
 []


Underfull \hbox (badness 4266) in paragraph at lines 125--126
\OT1/cmr/m/n/10 the emer-gency from the user how-ever it could
 []


Underfull \hbox (badness 1028) in paragraph at lines 125--126
\OT1/cmr/m/n/10 be used to dis-play ex-tra in-for-ma-tion as ap-pro-pri-
 []


Underfull \hbox (badness 10000) in paragraph at lines 125--126

 []

Missing character: There is no ‚ in font cmtt10!
Missing character: There is no Ä in font cmtt10!
Missing character: There is no ú in font cmtt10!
Missing character: There is no ‚ in font cmtt10!
Missing character: There is no Ä in font cmtt10!
Missing character: There is no ù in font cmtt10!
Missing character: There is no ‚ in font cmr10!
Missing character: There is no Ä in font cmr10!
Missing character: There is no ò in font cmr10!
Missing character: There is no ‚ in font cmr10!
Missing character: There is no Ä in font cmr10!
Missing character: There is no ô in font cmr10!

Underfull \hbox (badness 10000) in paragraph at lines 127--128

 []


Underfull \hbox (badness 10000) in paragraph at lines 130--131

 []

[15 <D:/Users/Mattie432/Dropbox/Programming/LaTeX/SoftwareDesignStudy/Specifica
tion/CPRSystem/Iteration1/Android CPR app pane.png>]
Underfull \hbox (badness 10000) in paragraph at lines 132--133

 []

Missing character: There is no ‚ in font cmr10!
Missing character: There is no Ä in font cmr10!
Missing character: There is no ú in font cmr10!
Missing character: There is no √ in font cmr10!
Missing character: There is no § in font cmr10!
Missing character: There is no ‚ in font cmr10!
Missing character: There is no Ä in font cmr10!
Missing character: There is no ú in font cmr10!

Underfull \hbox (badness 10000) in paragraph at lines 134--135

 []

Missing character: There is no ‚ in font cmr10!
Missing character: There is no Ä in font cmr10!
Missing character: There is no ô in font cmr10!
Missing character: There is no ‚ in font cmr10!
Missing character: There is no Ä in font cmr10!
Missing character: There is no ô in font cmr10!
Missing character: There is no ‚ in font cmr10!
Missing character: There is no Ä in font cmr10!
Missing character: There is no ò in font cmr10!
Missing character: There is no ‚ in font cmr10!
Missing character: There is no Ä in font cmr10!
Missing character: There is no ô in font cmr10!

Underfull \hbox (badness 10000) in paragraph at lines 136--137

 []

Missing character: There is no ‚ in font cmr10!
Missing character: There is no Ä in font cmr10!
Missing character: There is no ò in font cmr10!
Missing character: There is no ‚ in font cmr10!
Missing character: There is no Ä in font cmr10!
Missing character: There is no ô in font cmr10!
[16]
Missing character: There is no ‚ in font cmr10!
Missing character: There is no Ä in font cmr10!
Missing character: There is no ò in font cmr10!
Missing character: There is no ‚ in font cmr10!
Missing character: There is no Ä in font cmr10!
Missing character: There is no ô in font cmr10!

Underfull \hbox (badness 10000) in paragraph at lines 149--150

 []


Underfull \hbox (badness 10000) in paragraph at lines 152--153

 []


Underfull \hbox (badness 10000) in paragraph at lines 154--155

 []

LaTeX Font Info:    Try loading font information for OMS+cmr on input line 158.

("C:\Program Files (x86)\MiKTeX 2.9\tex\latex\base\omscmr.fd"
File: omscmr.fd 1999/05/25 v2.5h Standard LaTeX font definitions
)
LaTeX Font Info:    Font shape `OMS/cmr/m/n' in size <10> not available
(Font)              Font shape `OMS/cmsy/m/n' tried instead on input line 158.
Missing character: There is no ‚ in font cmti10!
Missing character: There is no Ä in font cmti10!
Missing character: There is no ô in font cmti10!
Missing character: There is no ‚ in font cmr10!
Missing character: There is no Ä in font cmr10!
Missing character: There is no ô in font cmr10!
Missing character: There is no ‚ in font cmr10!
Missing character: There is no Ä in font cmr10!
Missing character: There is no ô in font cmr10!
 [17]
Missing character: There is no ‚ in font cmr10!
Missing character: There is no Ä in font cmr10!
Missing character: There is no ô in font cmr10!
Missing character: There is no ‚ in font cmr10!
Missing character: There is no Ä in font cmr10!
Missing character: There is no ô in font cmr10!
Missing character: There is no ‚ in font cmr10!
Missing character: There is no Ä in font cmr10!
Missing character: There is no ô in font cmr10!

Underfull \hbox (badness 10000) in paragraph at lines 166--167

 []

Missing character: There is no ‚ in font cmr10!
Missing character: There is no Ä in font cmr10!
Missing character: There is no ô in font cmr10!

Underfull \hbox (badness 10000) in paragraph at lines 168--169

 []


Underfull \hbox (badness 10000) in paragraph at lines 170--171

 []

[18]
<CPRSystem/"Iteration1/cpr-database-0".png, id=257, 572.1375pt x 553.31718pt>
File: CPRSystem/"Iteration1/cpr-database-0".png Graphic file (type png)

<use CPRSystem/"Iteration1/cpr-database-0".png>
Package pdftex.def Info: CPRSystem/"Iteration1/cpr-database-0".png used on inpu
t line 177.
(pdftex.def)             Requested size: 418.25368pt x 404.50075pt.

Overfull \hbox (6.29564pt too wide) in paragraph at lines 174--178
 \OT1/cmr/bx/n/10 2.1.1.9.3 En-tity Re-la-tion-ship Di-a-gram[] \OT1/cmr/m/n/10
 En-tity re-la-tion-ship di-a-gram of the database. 
 []


Underfull \hbox (badness 10000) in paragraph at lines 180--181

 []


Underfull \hbox (badness 10000) in paragraph at lines 183--184

 []

(D:\Users\Mattie432\AppData\Roaming\MiKTeX\2.9\tex\latex\listings\lstlang1.sty
File: lstlang1.sty 2014/09/06 1.5e listings language file
) [19 <D:/Users/Mattie432/Dropbox/Programming/LaTeX/SoftwareDesignStudy/Specifi
cation/CPRSystem/Iteration1/cpr-database-0.png>]
Underfull \hbox (badness 10000) in paragraph at lines 223--224

 []

[20]
Underfull \hbox (badness 10000) in paragraph at lines 230--231

 []


Underfull \hbox (badness 10000) in paragraph at lines 232--233

 []


<CPRSystem/"Iteration2/Storyboard - Iteration 1 - 1".png, id=301, 799.98875pt x
 389.455pt>
File: CPRSystem/"Iteration2/Storyboard - Iteration 1 - 1".png Graphic file (typ
e png)
 <use CPRSystem/"Iteration2/Storyboard - Iteration 1 - 1".png>
Package pdftex.def Info: CPRSystem/"Iteration2/Storyboard - Iteration 1 - 1".pn
g used on input line 238.
(pdftex.def)             Requested size: 418.25368pt x 203.61714pt.

Overfull \hbox (8.69775pt too wide) in paragraph at lines 235--239
 \OT1/cmr/bx/n/10 2.1.2.2 Sto-ry-board[] \OT1/cmr/m/n/10 This sto-ry-board vi-s
u-alises the in-tended func-tion-al-ity of the sys-tem. 
 []


<CPRSystem/"Iteration2/Storyboard - Iteration 1 - 2".png, id=302, 799.98875pt x
 399.4925pt>
File: CPRSystem/"Iteration2/Storyboard - Iteration 1 - 2".png Graphic file (typ
e png)
 <use CPRSystem/"Iteration2/Storyboard - Iteration 1 - 2".png>
Package pdftex.def Info: CPRSystem/"Iteration2/Storyboard - Iteration 1 - 2".pn
g used on input line 242.
(pdftex.def)             Requested size: 418.25368pt x 208.865pt.

<CPRSystem/"Iteration2/Storyboard - Iteration 1 - 3".png, id=303, 799.98875pt x
 389.455pt>
File: CPRSystem/"Iteration2/Storyboard - Iteration 1 - 3".png Graphic file (typ
e png)
 <use CPRSystem/"Iteration2/Storyboard - Iteration 1 - 3".png>
Package pdftex.def Info: CPRSystem/"Iteration2/Storyboard - Iteration 1 - 3".pn
g used on input line 246.
(pdftex.def)             Requested size: 418.25368pt x 203.61714pt.

[21 <D:/Users/Mattie432/Dropbox/Programming/LaTeX/SoftwareDesignStudy/Specifica
tion/CPRSystem/Iteration2/Storyboard - Iteration 1 - 1.png>]
Underfull \hbox (badness 10000) in paragraph at lines 254--255

 []

[22 <D:/Users/Mattie432/Dropbox/Programming/LaTeX/SoftwareDesignStudy/Specifica
tion/CPRSystem/Iteration2/Storyboard - Iteration 1 - 2.png> <D:/Users/Mattie432
/Dropbox/Programming/LaTeX/SoftwareDesignStudy/Specification/CPRSystem/Iteratio
n2/Storyboard - Iteration 1 - 3.png>]
<CPRSystem/"Iteration2/Iteration 1 - Accept_Decline Buttons 1".png, id=325, 422
.57875pt x 808.01875pt>
File: CPRSystem/"Iteration2/Iteration 1 - Accept_Decline Buttons 1".png Graphic
 file (type png)

<use CPRSystem/"Iteration2/Iteration 1 - Accept_Decline Buttons 1".png>
Package pdftex.def Info: CPRSystem/"Iteration2/Iteration 1 - Accept_Decline But
tons 1".png used on input line 260.
(pdftex.def)             Requested size: 167.2989pt x 319.8975pt.

Underfull \hbox (badness 10000) in paragraph at lines 257--262

 []


Underfull \hbox (badness 1412) in paragraph at lines 262--264
\OT1/cmr/m/n/10 than the no-ti-fi-ca-tion as then re-spon-ders are able
 []


Underfull \hbox (badness 4995) in paragraph at lines 262--264
\OT1/cmr/m/n/10 as its the lo-ca-tion on a map) be-fore mak-ing
 []


Underfull \hbox (badness 1147) in paragraph at lines 262--264
\OT1/cmr/m/n/10 their de-ci-sion. It is also less likely to be miss-
 []


Underfull \hbox (badness 1231) in paragraph at lines 262--264
\OT1/cmr/m/n/10 tapped, as the user first has to ac-knowl-edge the
 []


Underfull \hbox (badness 1502) in paragraph at lines 262--264
\OT1/cmr/m/n/10 no-ti-fi-ca-tion and open the app to be able to re-
 []


Underfull \hbox (badness 10000) in paragraph at lines 262--264

 []

Missing character: There is no ‚ in font cmr10!
Missing character: There is no Ä in font cmr10!
Missing character: There is no ò in font cmr10!
Missing character: There is no ‚ in font cmr10!
Missing character: There is no Ä in font cmr10!
Missing character: There is no ô in font cmr10!

Underfull \hbox (badness 1584) in paragraph at lines 265--266
\OT1/cmr/m/n/10 of the Ac-cept and De-cline but-tons. They have
 []


Underfull \hbox (badness 2644) in paragraph at lines 265--266
\OT1/cmr/m/n/10 taken the place of the di-rec-tions but-ton (which
 []


Underfull \hbox (badness 4569) in paragraph at lines 265--266
\OT1/cmr/m/n/10 are at-tend-ing the in-ci-dent. In ad-di-tion, this
 []


Underfull \hbox (badness 2564) in paragraph at lines 265--266
\OT1/cmr/m/n/10 place-ment does not in-ter-fere with any other vi-
 []


Underfull \hbox (badness 10000) in paragraph at lines 265--266

 []


Underfull \hbox (badness 1596) in paragraph at lines 267--268
\OT1/cmr/m/n/10 dard for-mat for Yes/No but-tons, and to en-cour-
 []


Underfull \hbox (badness 1072) in paragraph at lines 267--268
\OT1/cmr/m/n/10 age re-spon-ders to ac-cept re-quests for help. The
 []


Underfull \hbox (badness 3049) in paragraph at lines 267--268
\OT1/cmr/m/n/10 left, as this makes it harder to mis-tap - the
 []


Underfull \hbox (badness 1112) in paragraph at lines 267--268
\OT1/cmr/m/n/10 ma-jor-ity of the pop-u-la-tion are right handed, [29]
 []


Underfull \hbox (badness 10000) in paragraph at lines 267--268

 []


Underfull \hbox (badness 10000) in paragraph at lines 269--270

 []


Underfull \hbox (badness 10000) in paragraph at lines 271--272

 []

[23 <D:/Users/Mattie432/Dropbox/Programming/LaTeX/SoftwareDesignStudy/Specifica
tion/CPRSystem/Iteration2/Iteration 1 - Accept_Decline Buttons 1.png>]
Underfull \hbox (badness 10000) in paragraph at lines 278--279

 []


<CPRSystem/"Iteration2/Iteration 1 - Accept_Decline Buttons 2".png, id=333, 429
.605pt x 809.0225pt>
File: CPRSystem/"Iteration2/Iteration 1 - Accept_Decline Buttons 2".png Graphic
 file (type png)

<use CPRSystem/"Iteration2/Iteration 1 - Accept_Decline Buttons 2".png>
Package pdftex.def Info: CPRSystem/"Iteration2/Iteration 1 - Accept_Decline But
tons 2".png used on input line 284.
(pdftex.def)             Requested size: 167.2989pt x 315.06076pt.

Underfull \hbox (badness 2951) in paragraph at lines 288--289
\OT1/cmr/m/n/10 sage box to en-sure the user in-tended to se-lect
 []


Underfull \hbox (badness 1721) in paragraph at lines 288--289
\OT1/cmr/m/n/10 (ac-cept or de-cline) and be placed on the screen
 []


Underfull \hbox (badness 10000) in paragraph at lines 288--289

 []

[24 <D:/Users/Mattie432/Dropbox/Programming/LaTeX/SoftwareDesignStudy/Specifica
tion/CPRSystem/Iteration2/Iteration 1 - Accept_Decline Buttons 2.png>]
<CPRSystem/"Iteration2/Iteration 1 - Accept_Decline Buttons 3".png, id=341, 430
.60875pt x 809.0225pt>
File: CPRSystem/"Iteration2/Iteration 1 - Accept_Decline Buttons 3".png Graphic
 file (type png)

<use CPRSystem/"Iteration2/Iteration 1 - Accept_Decline Buttons 3".png>
Package pdftex.def Info: CPRSystem/"Iteration2/Iteration 1 - Accept_Decline But
tons 3".png used on input line 296.
(pdftex.def)             Requested size: 230.04079pt x 432.21172pt.

Underfull \hbox (badness 1342) in paragraph at lines 302--303
\OT1/cmr/m/n/10 left hand side of the screen for the
 []


Underfull \hbox (badness 1648) in paragraph at lines 302--303
\OT1/cmr/m/n/10 afore-men-tioned rea-sons, and be next
 []


Underfull \hbox (badness 2111) in paragraph at lines 302--303
\OT1/cmr/m/n/10 to the Di-rec-tions but-ton so that it
 []


Underfull \hbox (badness 3098) in paragraph at lines 302--303
\OT1/cmr/m/n/10 does not in-ter-fere with any of the
 []


Underfull \hbox (badness 6859) in paragraph at lines 302--303
\OT1/cmr/m/n/10 in-for-ma-tion be-ing dis-played to the
 []


Underfull \hbox (badness 10000) in paragraph at lines 302--303

 []


Underfull \hbox (badness 2253) in paragraph at lines 304--305
[]\OT1/cmr/m/n/10 Upon click-ing this but-ton, the user
 []


Underfull \hbox (badness 4279) in paragraph at lines 304--305
\OT1/cmr/m/n/10 should be pre-sented with a con-fir-
 []


Underfull \hbox (badness 7832) in paragraph at lines 304--305
\OT1/cmr/m/n/10 ma-tion screen which clearly states
 []


Underfull \hbox (badness 1173) in paragraph at lines 304--305
\OT1/cmr/m/n/10 what the ac-tion they are per-form-ing
 []


Underfull \hbox (badness 10000) in paragraph at lines 304--305

 []

[25 <D:/Users/Mattie432/Dropbox/Programming/LaTeX/SoftwareDesignStudy/Specifica
tion/CPRSystem/Iteration2/Iteration 1 - Accept_Decline Buttons 3.png>]
Underfull \hbox (badness 10000) in paragraph at lines 308--309

 []


Underfull \hbox (badness 10000) in paragraph at lines 310--311

 []


<CPRSystem/"Iteration2/cpr-database-1".png, id=349, 572.89032pt x 551.81157pt>
File: CPRSystem/"Iteration2/cpr-database-1".png Graphic file (type png)

<use CPRSystem/"Iteration2/cpr-database-1".png>
Package pdftex.def Info: CPRSystem/"Iteration2/cpr-database-1".png used on inpu
t line 316.
(pdftex.def)             Requested size: 363.87865pt x 350.4975pt.

Underfull \hbox (badness 10000) in paragraph at lines 319--320

 []

[26 <D:/Users/Mattie432/Dropbox/Programming/LaTeX/SoftwareDesignStudy/Specifica
tion/CPRSystem/Iteration2/cpr-database-1.png>]
<CPRSystem/"Iteration2/cpr-database-2-portrait".png, id=358, 580.41844pt x 663.
22781pt>
File: CPRSystem/"Iteration2/cpr-database-2-portrait".png Graphic file (type png
)
 <use CPRSystem/"Iteration2/cpr-database-2-portrait".png>
Package pdftex.def Info: CPRSystem/"Iteration2/cpr-database-2-portrait".png use
d on input line 324.
(pdftex.def)             Requested size: 418.25368pt x 477.92847pt.

Underfull \hbox (badness 10000) in paragraph at lines 321--325

 []

Missing character: There is no ‚ in font cmr10!
Missing character: There is no Ä in font cmr10!
Missing character: There is no ò in font cmr10!
Missing character: There is no ‚ in font cmr10!
Missing character: There is no Ä in font cmr10!
Missing character: There is no ô in font cmr10!

Underfull \hbox (badness 10000) in paragraph at lines 327--328

 []

[27 <D:/Users/Mattie432/Dropbox/Programming/LaTeX/SoftwareDesignStudy/Specifica
tion/CPRSystem/Iteration2/cpr-database-2-portrait.png>]
Missing character: There is no ‚ in font cmr10!
Missing character: There is no Ä in font cmr10!
Missing character: There is no ò in font cmr10!
Missing character: There is no ‚ in font cmr10!
Missing character: There is no Ä in font cmr10!
Missing character: There is no ô in font cmr10!
Missing character: There is no ‚ in font cmr10!
Missing character: There is no Ä in font cmr10!
Missing character: There is no ò in font cmr10!
Missing character: There is no ‚ in font cmr10!
Missing character: There is no Ä in font cmr10!
Missing character: There is no ô in font cmr10!
Missing character: There is no ‚ in font cmr10!
Missing character: There is no Ä in font cmr10!
Missing character: There is no ò in font cmr10!
Missing character: There is no ‚ in font cmr10!
Missing character: There is no Ä in font cmr10!
Missing character: There is no ô in font cmr10!
Missing character: There is no ‚ in font cmr10!
Missing character: There is no Ä in font cmr10!
Missing character: There is no ò in font cmr10!
Missing character: There is no ‚ in font cmr10!
Missing character: There is no Ä in font cmr10!
Missing character: There is no ô in font cmr10!

Underfull \hbox (badness 10000) in paragraph at lines 329--331

 []

Missing character: There is no ‚ in font cmr10!
Missing character: There is no Ä in font cmr10!
Missing character: There is no ò in font cmr10!
Missing character: There is no ‚ in font cmr10!
Missing character: There is no Ä in font cmr10!
Missing character: There is no ô in font cmr10!

Underfull \hbox (badness 10000) in paragraph at lines 333--334

 []

Missing character: There is no ‚ in font cmr10!
Missing character: There is no Ä in font cmr10!
Missing character: There is no ô in font cmr10!
Missing character: There is no ‚ in font cmr10!
Missing character: There is no Ä in font cmr10!
Missing character: There is no ô in font cmr10!

Underfull \hbox (badness 10000) in paragraph at lines 335--336

 []

[28]
Underfull \hbox (badness 10000) in paragraph at lines 343--344

 []


Underfull \hbox (badness 10000) in paragraph at lines 345--346

 []


<CPRSystem/"Iteration3/Storyboard - Iteration 2 - 1".png, id=369, 914.41624pt x
 456.70625pt>
File: CPRSystem/"Iteration3/Storyboard - Iteration 2 - 1".png Graphic file (typ
e png)
 <use CPRSystem/"Iteration3/Storyboard - Iteration 2 - 1".png>
Package pdftex.def Info: CPRSystem/"Iteration3/Storyboard - Iteration 2 - 1".pn
g used on input line 351.
(pdftex.def)             Requested size: 418.25368pt x 208.89575pt.

Overfull \hbox (8.69775pt too wide) in paragraph at lines 348--352
 \OT1/cmr/bx/n/10 2.1.3.2 Sto-ry-board[] \OT1/cmr/m/n/10 This sto-ry-board vi-s
u-alises the in-tended func-tion-al-ity of the sys-tem. 
 []


<CPRSystem/"Iteration3/Storyboard - Iteration 2 - 2".png, id=370, 923.45pt x 46
2.72874pt>
File: CPRSystem/"Iteration3/Storyboard - Iteration 2 - 2".png Graphic file (typ
e png)
 <use CPRSystem/"Iteration3/Storyboard - Iteration 2 - 2".png>
Package pdftex.def Info: CPRSystem/"Iteration3/Storyboard - Iteration 2 - 2".pn
g used on input line 355.
(pdftex.def)             Requested size: 418.25368pt x 209.58165pt.

<CPRSystem/"Iteration3/Storyboard - Iteration 2 - 3".png, id=371, 923.45pt x 45
8.71375pt>
File: CPRSystem/"Iteration3/Storyboard - Iteration 2 - 3".png Graphic file (typ
e png)
 <use CPRSystem/"Iteration3/Storyboard - Iteration 2 - 3".png>
Package pdftex.def Info: CPRSystem/"Iteration3/Storyboard - Iteration 2 - 3".pn
g used on input line 359.
(pdftex.def)             Requested size: 418.25368pt x 207.76317pt.

[29 <D:/Users/Mattie432/Dropbox/Programming/LaTeX/SoftwareDesignStudy/Specifica
tion/CPRSystem/Iteration3/Storyboard - Iteration 2 - 1.png>]
Underfull \hbox (badness 10000) in paragraph at lines 367--368

 []

[30 <D:/Users/Mattie432/Dropbox/Programming/LaTeX/SoftwareDesignStudy/Specifica
tion/CPRSystem/Iteration3/Storyboard - Iteration 2 - 2.png> <D:/Users/Mattie432
/Dropbox/Programming/LaTeX/SoftwareDesignStudy/Specification/CPRSystem/Iteratio
n3/Storyboard - Iteration 2 - 3.png>]
<CPRSystem/"Iteration3/parallelization_of_search (4) (1)".png, id=393, 355.3275
pt x 894.34125pt>
File: CPRSystem/"Iteration3/parallelization_of_search (4) (1)".png Graphic file
 (type png)

<use CPRSystem/"Iteration3/parallelization_of_search (4) (1)".png>
Package pdftex.def Info: CPRSystem/"Iteration3/parallelization_of_search (4) (1
)".png used on input line 372.
(pdftex.def)             Requested size: 167.2989pt x 421.091pt.

Underfull \hbox (badness 3989) in paragraph at lines 376--377
[] \OT1/cmr/bx/n/10 2.1.3.3 Par-al-lel Searches[] \OT1/cmr/m/n/10 In or-der to 
im-ple-
 []


Underfull \hbox (badness 1867) in paragraph at lines 376--377
\OT1/cmr/m/n/10 ment the abil-ity to per-form par-al-lel searches for
 []


Underfull \hbox (badness 1953) in paragraph at lines 376--377
\OT1/cmr/m/n/10 re-spon-ders we need to first look at the way in
 []


Underfull \hbox (badness 2980) in paragraph at lines 376--377
\OT1/cmr/m/n/10 which the pro-cess for search-ing and se-lect-ing a
 []


Underfull \hbox (badness 2088) in paragraph at lines 376--377
\OT1/cmr/m/n/10 re-spon-der is done. Be-low is a flowchart show-
 []


Underfull \hbox (badness 2894) in paragraph at lines 376--377
\OT1/cmr/m/n/10 ing the ba-sic lay-out of search-ing for a re-spon-
 []


Underfull \hbox (badness 2435) in paragraph at lines 376--377
\OT1/cmr/m/n/10 der on the server side. We can see how the
 []


Underfull \hbox (badness 5203) in paragraph at lines 376--377
\OT1/cmr/m/n/10 work-flow lends it-self to par-al-leliza-tion as there
 []


Underfull \hbox (badness 7777) in paragraph at lines 376--377
\OT1/cmr/m/n/10 is a sin-gle flow from top to bot-tom which,
 []


Underfull \hbox (badness 2343) in paragraph at lines 376--377
\OT1/cmr/m/n/10 once started, has no out-side in-flu-ences and will
 []


Underfull \hbox (badness 4686) in paragraph at lines 376--377
\OT1/cmr/m/n/10 ter-mi-nate by it-self once a re-spon-der has been
 []


Underfull \hbox (badness 1616) in paragraph at lines 376--377
\OT1/cmr/m/n/10 ask (based off the cri-te-ria in the pre-vi-ous it-er-a-
 []


Underfull \hbox (badness 10000) in paragraph at lines 376--377

 []


Underfull \hbox (badness 10000) in paragraph at lines 378--379

 []

[31 <D:/Users/Mattie432/Dropbox/Programming/LaTeX/SoftwareDesignStudy/Specifica
tion/CPRSystem/Iteration3/parallelization_of_search (4) (1).png>]
<CPRSystem/"Iteration3/parallelization_of_search (2) (1)".png, id=402, 680.5425
pt x 1081.03876pt>
File: CPRSystem/"Iteration3/parallelization_of_search (2) (1)".png Graphic file
 (type png)

<use CPRSystem/"Iteration3/parallelization_of_search (2) (1)".png>
Package pdftex.def Info: CPRSystem/"Iteration3/parallelization_of_search (2) (1
)".png used on input line 384.
(pdftex.def)             Requested size: 376.42575pt x 597.9547pt.

Underfull \hbox (badness 10000) in paragraph at lines 386--388

 []

[32 <D:/Users/Mattie432/Dropbox/Programming/LaTeX/SoftwareDesignStudy/Specifica
tion/CPRSystem/Iteration3/parallelization_of_search (2) (1).png>]
<CPRSystem/"Iteration3/parallelization_of_search (3) (1)".png, id=409, 246.9225
pt x 609.77812pt>
File: CPRSystem/"Iteration3/parallelization_of_search (3) (1)".png Graphic file
 (type png)

<use CPRSystem/"Iteration3/parallelization_of_search (3) (1)".png>
Package pdftex.def Info: CPRSystem/"Iteration3/parallelization_of_search (3) (1
)".png used on input line 391.
(pdftex.def)             Requested size: 167.2989pt x 413.14561pt.

Underfull \hbox (badness 1783) in paragraph at lines 394--395
\OT1/cmr/m/n/10 when par-al-lel searches come to se-lect a new re-
 []


Underfull \hbox (badness 1253) in paragraph at lines 394--395
\OT1/cmr/m/n/10 spon-der in the time be-tween one search se-lect-ing
 []


Underfull \hbox (badness 1325) in paragraph at lines 394--395
\OT1/cmr/m/n/10 able. The red box on the be-low di-a-gram il-lus-
 []


Underfull \hbox (badness 10000) in paragraph at lines 394--395

 []


Underfull \hbox (badness 2875) in paragraph at lines 396--397
\OT1/cmr/m/n/10 cepted or de-clined (min-i-mum of 30 sec-onds) so
 []


Underfull \hbox (badness 5787) in paragraph at lines 396--397
\OT1/cmr/m/n/10 if we were to leave it like this any par-al-lel
 []


Underfull \hbox (badness 10000) in paragraph at lines 396--397

 []

Missing character: There is no ‚ in font cmr10!
Missing character: There is no Ä in font cmr10!
Missing character: There is no ò in font cmr10!
Missing character: There is no ‚ in font cmr10!
Missing character: There is no Ä in font cmr10!
Missing character: There is no ô in font cmr10!
Missing character: There is no ‚ in font cmr10!
Missing character: There is no Ä in font cmr10!
Missing character: There is no ò in font cmr10!
Missing character: There is no ‚ in font cmr10!
Missing character: There is no Ä in font cmr10!
Missing character: There is no ô in font cmr10!
Missing character: There is no ‚ in font cmr10!
Missing character: There is no Ä in font cmr10!
Missing character: There is no ò in font cmr10!
Missing character: There is no ‚ in font cmr10!
Missing character: There is no Ä in font cmr10!
Missing character: There is no ô in font cmr10!
Missing character: There is no ‚ in font cmr10!
Missing character: There is no Ä in font cmr10!
Missing character: There is no ò in font cmr10!
Missing character: There is no ‚ in font cmr10!
Missing character: There is no Ä in font cmr10!
Missing character: There is no ô in font cmr10!

Underfull \hbox (badness 10000) in paragraph at lines 398--399

 []


Underfull \hbox (badness 10000) in paragraph at lines 400--401

 []

[33 <D:/Users/Mattie432/Dropbox/Programming/LaTeX/SoftwareDesignStudy/Specifica
tion/CPRSystem/Iteration3/parallelization_of_search (3) (1).png>]
<CPRSystem/"Iteration3/parallelization_of_search (4) (2)".png, id=416, 355.3275
pt x 894.34125pt>
File: CPRSystem/"Iteration3/parallelization_of_search (4) (2)".png Graphic file
 (type png)

<use CPRSystem/"Iteration3/parallelization_of_search (4) (2)".png>
Package pdftex.def Info: CPRSystem/"Iteration3/parallelization_of_search (4) (2
)".png used on input line 404.
(pdftex.def)             Requested size: 167.2989pt x 421.091pt.

Underfull \hbox (badness 1092) in paragraph at lines 408--409
\OT1/cmr/m/n/10 for the search to com-plete and dis-plays the time
 []


Underfull \hbox (badness 1112) in paragraph at lines 408--409
\OT1/cmr/m/n/10 that the database ta-ble would need to be locked
 []


Underfull \hbox (badness 4518) in paragraph at lines 408--409
\OT1/cmr/m/n/10 for. As you can see it is sub-stan-tially less
 []


Underfull \hbox (badness 2326) in paragraph at lines 408--409
\OT1/cmr/m/n/10 than the over-lap time from be-fore and both of
 []


Underfull \hbox (badness 4699) in paragraph at lines 408--409
\OT1/cmr/m/n/10 the op-er-a-tions in-side the lock should be com-
 []


Underfull \hbox (badness 4366) in paragraph at lines 408--409
\OT1/cmr/m/n/10 pleted very swiftly. As soon as the lock is
 []


Underfull \hbox (badness 4229) in paragraph at lines 408--409
\OT1/cmr/m/n/10 lifted any other searches look-ing for a re-spon-
 []


Underfull \hbox (badness 2469) in paragraph at lines 408--409
\OT1/cmr/m/n/10 by the search that owned the lock has marked
 []


Underfull \hbox (badness 3861) in paragraph at lines 408--409
\OT1/cmr/m/n/10 that re-spon-der so no other searches will se-lect
 []


Underfull \hbox (badness 10000) in paragraph at lines 408--409

 []


Underfull \hbox (badness 10000) in paragraph at lines 410--411

 []

[34 <D:/Users/Mattie432/Dropbox/Programming/LaTeX/SoftwareDesignStudy/Specifica
tion/CPRSystem/Iteration3/parallelization_of_search (4) (2).png>]
Underfull \hbox (badness 10000) in paragraph at lines 414--415

 []


Underfull \hbox (badness 10000) in paragraph at lines 416--417

 []


Underfull \hbox (badness 10000) in paragraph at lines 418--419

 []

[35]
Underfull \hbox (badness 10000) in paragraph at lines 426--427

 []


<CPRSystem/"Iteration4/Storyboard - Iteration 3 - 1".png, id=428, 894.34125pt x
 464.73625pt>
File: CPRSystem/"Iteration4/Storyboard - Iteration 3 - 1".png Graphic file (typ
e png)
 <use CPRSystem/"Iteration4/Storyboard - Iteration 3 - 1".png>
Package pdftex.def Info: CPRSystem/"Iteration4/Storyboard - Iteration 3 - 1".pn
g used on input line 432.
(pdftex.def)             Requested size: 418.25368pt x 217.3411pt.

Overfull \hbox (8.69775pt too wide) in paragraph at lines 429--433
 \OT1/cmr/bx/n/10 2.1.4.2 Sto-ry-board[] \OT1/cmr/m/n/10 This sto-ry-board vi-s
u-alises the in-tended func-tion-al-ity of the sys-tem. 
 []


<CPRSystem/"Iteration4/Storyboard - Iteration 3 - 2".png, id=429, 894.34125pt x
 464.73625pt>
File: CPRSystem/"Iteration4/Storyboard - Iteration 3 - 2".png Graphic file (typ
e png)
 <use CPRSystem/"Iteration4/Storyboard - Iteration 3 - 2".png>
Package pdftex.def Info: CPRSystem/"Iteration4/Storyboard - Iteration 3 - 2".pn
g used on input line 437.
(pdftex.def)             Requested size: 418.25368pt x 217.3411pt.

[36 <D:/Users/Mattie432/Dropbox/Programming/LaTeX/SoftwareDesignStudy/Specifica
tion/CPRSystem/Iteration4/Storyboard - Iteration 3 - 1.png> <D:/Users/Mattie432
/Dropbox/Programming/LaTeX/SoftwareDesignStudy/Specification/CPRSystem/Iteratio
n4/Storyboard - Iteration 3 - 2.png>]
Underfull \hbox (badness 10000) in paragraph at lines 449--450

 []


Underfull \hbox (badness 10000) in paragraph at lines 451--452

 []

Missing character: There is no ‚ in font cmr10!
Missing character: There is no Ä in font cmr10!
Missing character: There is no ô in font cmr10!
Missing character: There is no ‚ in font cmr10!
Missing character: There is no Ä in font cmr10!
Missing character: There is no ú in font cmr10!
Missing character: There is no ‚ in font cmr10!
Missing character: There is no Ä in font cmr10!
Missing character: There is no ù in font cmr10!
Missing character: There is no ‚ in font cmr10!
Missing character: There is no Ä in font cmr10!
Missing character: There is no ò in font cmr10!
Missing character: There is no ‚ in font cmr10!
Missing character: There is no Ä in font cmr10!
Missing character: There is no ô in font cmr10!

Underfull \hbox (badness 10000) in paragraph at lines 453--454

 []

[37]
Missing character: There is no ‚ in font cmr10!
Missing character: There is no Ä in font cmr10!
Missing character: There is no ô in font cmr10!
Missing character: There is no ‚ in font cmtt10!
Missing character: There is no Ä in font cmtt10!
Missing character: There is no ò in font cmtt10!
Missing character: There is no ‚ in font cmtt10!
Missing character: There is no Ä in font cmtt10!
Missing character: There is no ô in font cmtt10!
Missing character: There is no ‚ in font cmtt10!
Missing character: There is no Ä in font cmtt10!
Missing character: There is no ú in font cmtt10!
Missing character: There is no ‚ in font cmtt10!
Missing character: There is no Ä in font cmtt10!
Missing character: There is no ù in font cmtt10!
Missing character: There is no ‚ in font cmtt10!
Missing character: There is no Ä in font cmtt10!
Missing character: There is no ò in font cmtt10!
Missing character: There is no ‚ in font cmtt10!
Missing character: There is no Ä in font cmtt10!
Missing character: There is no ô in font cmtt10!

Underfull \hbox (badness 10000) in paragraph at lines 494--495

 []

LaTeX Font Info:    External font `cmex10' loaded for size
(Font)              <7> on input line 498.
LaTeX Font Info:    External font `cmex10' loaded for size
(Font)              <5> on input line 498.

Underfull \hbox (badness 10000) in paragraph at lines 496--512

 []

[38]
Missing character: There is no ‚ in font cmr10!
Missing character: There is no Ä in font cmr10!
Missing character: There is no ò in font cmr10!
Missing character: There is no ‚ in font cmr10!
Missing character: There is no Ä in font cmr10!
Missing character: There is no ô in font cmr10!

Underfull \hbox (badness 10000) in paragraph at lines 514--515

 []


Underfull \hbox (badness 10000) in paragraph at lines 516--517

 []


<CPRSystem/"Iteration4/Additional Details - 1".png, id=475, 900.36375pt x 872.2
5874pt>
File: CPRSystem/"Iteration4/Additional Details - 1".png Graphic file (type png)

 <use CPRSystem/"Iteration4/Additional Details - 1".png>
Package pdftex.def Info: CPRSystem/"Iteration4/Additional Details - 1".png used
 on input line 522.
(pdftex.def)             Requested size: 418.25368pt x 405.19684pt.

Underfull \hbox (badness 10000) in paragraph at lines 518--523

 []

[39]
Missing character: There is no ‚ in font cmtt10!
Missing character: There is no Ä in font cmtt10!
Missing character: There is no ò in font cmtt10!
Missing character: There is no ‚ in font cmtt10!
Missing character: There is no Ä in font cmtt10!
Missing character: There is no ô in font cmtt10!

Underfull \hbox (badness 10000) in paragraph at lines 525--526

 []


Underfull \hbox (badness 10000) in paragraph at lines 527--528

 []


<CPRSystem/"Iteration4/Additional Details - 2".png, id=482, 428.60126pt x 872.2
5874pt>
File: CPRSystem/"Iteration4/Additional Details - 2".png Graphic file (type png)

 <use CPRSystem/"Iteration4/Additional Details - 2".png>
Package pdftex.def Info: CPRSystem/"Iteration4/Additional Details - 2".png used
 on input line 532.
(pdftex.def)             Requested size: 250.95476pt x 510.72849pt.
 [40 <D:/Users/Mattie432/Dropbox/Programming/LaTeX/SoftwareDesignStudy/Specific
ation/CPRSystem/Iteration4/Additional Details - 1.png>] [41 <D:/Users/Mattie432
/Dropbox/Programming/LaTeX/SoftwareDesignStudy/Specification/CPRSystem/Iteratio
n4/Additional Details - 2.png>]
<CPRSystem/"Iteration5/Storyboard - Iteration 5 - 1".png, id=495, 816.04875pt x
 423.5825pt>
File: CPRSystem/"Iteration5/Storyboard - Iteration 5 - 1".png Graphic file (typ
e png)
 <use CPRSystem/"Iteration5/Storyboard - Iteration 5 - 1".png>
Package pdftex.def Info: CPRSystem/"Iteration5/Storyboard - Iteration 5 - 1".pn
g used on input line 546.
(pdftex.def)             Requested size: 418.25368pt x 217.10359pt.

Overfull \hbox (8.69775pt too wide) in paragraph at lines 543--547
 \OT1/cmr/bx/n/10 2.1.5.2 Sto-ry-board[] \OT1/cmr/m/n/10 This sto-ry-board vi-s
u-alises the in-tended func-tion-al-ity of the sys-tem. 
 []


<CPRSystem/"Iteration5/Storyboard - Iteration 5 - 2".png, id=496, 821.0675pt x 
414.54875pt>
File: CPRSystem/"Iteration5/Storyboard - Iteration 5 - 2".png Graphic file (typ
e png)
 <use CPRSystem/"Iteration5/Storyboard - Iteration 5 - 2".png>
Package pdftex.def Info: CPRSystem/"Iteration5/Storyboard - Iteration 5 - 2".pn
g used on input line 550.
(pdftex.def)             Requested size: 418.25368pt x 211.17036pt.

[42 <D:/Users/Mattie432/Dropbox/Programming/LaTeX/SoftwareDesignStudy/Specifica
tion/CPRSystem/Iteration5/Storyboard - Iteration 5 - 1.png> <D:/Users/Mattie432
/Dropbox/Programming/LaTeX/SoftwareDesignStudy/Specification/CPRSystem/Iteratio
n5/Storyboard - Iteration 5 - 2.png>]
Underfull \hbox (badness 10000) in paragraph at lines 558--559

 []

Missing character: There is no ‚ in font cmr10!
Missing character: There is no Ä in font cmr10!
Missing character: There is no ò in font cmr10!
Missing character: There is no ‚ in font cmr10!
Missing character: There is no Ä in font cmr10!
Missing character: There is no ô in font cmr10!

Underfull \hbox (badness 10000) in paragraph at lines 563--564

 []


Underfull \hbox (badness 10000) in paragraph at lines 568--569

 []


<CPRSystem/"Iteration5/Storyboard - Iteration 6 - 1".png, id=508, 912.40875pt x
 876.27374pt>
File: CPRSystem/"Iteration5/Storyboard - Iteration 6 - 1".png Graphic file (typ
e png)
 <use CPRSystem/"Iteration5/Storyboard - Iteration 6 - 1".png>
Package pdftex.def Info: CPRSystem/"Iteration5/Storyboard - Iteration 6 - 1".pn
g used on input line 573.
(pdftex.def)             Requested size: 418.25368pt x 401.68687pt.

[43]
Missing character: There is no ‚ in font cmr10!
Missing character: There is no Ä in font cmr10!
Missing character: There is no ò in font cmr10!
Missing character: There is no ‚ in font cmr10!
Missing character: There is no Ä in font cmr10!
Missing character: There is no ô in font cmr10!
Missing character: There is no ‚ in font cmr10!
Missing character: There is no Ä in font cmr10!
Missing character: There is no ò in font cmr10!
Missing character: There is no ‚ in font cmr10!
Missing character: There is no Ä in font cmr10!
Missing character: There is no ô in font cmr10!

Underfull \hbox (badness 10000) in paragraph at lines 583--584

 []

[44 <D:/Users/Mattie432/Dropbox/Programming/LaTeX/SoftwareDesignStudy/Specifica
tion/CPRSystem/Iteration5/Storyboard - Iteration 6 - 1.png>]
Underfull \hbox (badness 10000) in paragraph at lines 588--589

 []

Missing character: There is no ‚ in font cmr10!
Missing character: There is no Ä in font cmr10!
Missing character: There is no ô in font cmr10!

<CPRSystem/"Iteration5/iteration-5-dnd".png, id=525, 248.42813pt x 161.10187pt>
File: CPRSystem/"Iteration5/iteration-5-dnd".png Graphic file (type png)
<use CPRSystem/"Iteration5/iteration-5-dnd".png>
Package pdftex.def Info: CPRSystem/"Iteration5/iteration-5-dnd".png used on inp
ut line 594.
(pdftex.def)             Requested size: 209.12683pt x 135.61717pt.
Missing character: There is no ‚ in font cmr10!
Missing character: There is no Ä in font cmr10!
Missing character: There is no ô in font cmr10!
Missing character: There is no ‚ in font cmr10!
Missing character: There is no Ä in font cmr10!
Missing character: There is no ô in font cmr10!
Missing character: There is no ‚ in font cmr10!
Missing character: There is no Ä in font cmr10!
Missing character: There is no ò in font cmr10!
Missing character: There is no ‚ in font cmr10!
Missing character: There is no Ä in font cmr10!
Missing character: There is no ô in font cmr10!
Missing character: There is no ‚ in font cmr10!
Missing character: There is no Ä in font cmr10!
Missing character: There is no ò in font cmr10!
Missing character: There is no ‚ in font cmr10!
Missing character: There is no Ä in font cmr10!
Missing character: There is no ô in font cmr10!

Underfull \hbox (badness 10000) in paragraph at lines 598--599

 []


Underfull \hbox (badness 10000) in paragraph at lines 600--601

 []


Underfull \hbox (badness 10000) in paragraph at lines 605--606

 []

[45 <D:/Users/Mattie432/Dropbox/Programming/LaTeX/SoftwareDesignStudy/Specifica
tion/CPRSystem/Iteration5/iteration-5-dnd.png>]
<CPRSystem/"Iteration5/Storyboard - Iteration 6 - 2".png, id=534, 912.40875pt x
 854.19125pt>
File: CPRSystem/"Iteration5/Storyboard - Iteration 6 - 2".png Graphic file (typ
e png)
 <use CPRSystem/"Iteration5/Storyboard - Iteration 6 - 2".png>
Package pdftex.def Info: CPRSystem/"Iteration5/Storyboard - Iteration 6 - 2".pn
g used on input line 610.
(pdftex.def)             Requested size: 418.25368pt x 391.5642pt.

Underfull \hbox (badness 10000) in paragraph at lines 613--614

 []

Missing character: There is no ‚ in font cmr10!
Missing character: There is no Ä in font cmr10!
Missing character: There is no ò in font cmr10!
Missing character: There is no ‚ in font cmr10!
Missing character: There is no Ä in font cmr10!
Missing character: There is no ô in font cmr10!
Missing character: There is no ‚ in font cmr10!
Missing character: There is no Ä in font cmr10!
Missing character: There is no ú in font cmr10!
Missing character: There is no ‚ in font cmr10!
Missing character: There is no Ä in font cmr10!
Missing character: There is no ù in font cmr10!
Missing character: There is no ‚ in font cmr10!
Missing character: There is no Ä in font cmr10!
Missing character: There is no ò in font cmr10!
Missing character: There is no ‚ in font cmr10!
Missing character: There is no Ä in font cmr10!
Missing character: There is no ô in font cmr10!
[46 <D:/Users/Mattie432/Dropbox/Programming/LaTeX/SoftwareDesignStudy/Specifica
tion/CPRSystem/Iteration5/Storyboard - Iteration 6 - 2.png>]
Missing character: There is no ‚ in font cmr10!
Missing character: There is no Ä in font cmr10!
Missing character: There is no ò in font cmr10!
Missing character: There is no ‚ in font cmr10!
Missing character: There is no Ä in font cmr10!
Missing character: There is no ô in font cmr10!
Missing character: There is no ‚ in font cmr10!
Missing character: There is no Ä in font cmr10!
Missing character: There is no ú in font cmr10!
Missing character: There is no ‚ in font cmr10!
Missing character: There is no Ä in font cmr10!
Missing character: There is no ù in font cmr10!

<CPRSystem/"Iteration5/Storyboard - Iteration 6 - 3".png, id=543, 912.40875pt x
 870.25125pt>
File: CPRSystem/"Iteration5/Storyboard - Iteration 6 - 3".png Graphic file (typ
e png)
 <use CPRSystem/"Iteration5/Storyboard - Iteration 6 - 3".png>
Package pdftex.def Info: CPRSystem/"Iteration5/Storyboard - Iteration 6 - 3".pn
g used on input line 625.
(pdftex.def)             Requested size: 418.25368pt x 398.92615pt.

Underfull \hbox (badness 10000) in paragraph at lines 621--627

 []

Missing character: There is no ‚ in font cmr10!
Missing character: There is no Ä in font cmr10!
Missing character: There is no ô in font cmr10!
Missing character: There is no ‚ in font cmr10!
Missing character: There is no Ä in font cmr10!
Missing character: There is no ú in font cmr10!
Missing character: There is no ‚ in font cmr10!
Missing character: There is no Ä in font cmr10!
Missing character: There is no ù in font cmr10!
Missing character: There is no ‚ in font cmr10!
Missing character: There is no Ä in font cmr10!
Missing character: There is no ò in font cmr10!
Missing character: There is no ‚ in font cmr10!
Missing character: There is no Ä in font cmr10!
Missing character: There is no ô in font cmr10!
Missing character: There is no ‚ in font cmr10!
Missing character: There is no Ä in font cmr10!
Missing character: There is no ò in font cmr10!
Missing character: There is no ‚ in font cmr10!
Missing character: There is no Ä in font cmr10!
Missing character: There is no ô in font cmr10!
[47 <D:/Users/Mattie432/Dropbox/Programming/LaTeX/SoftwareDesignStudy/Specifica
tion/CPRSystem/Iteration5/Storyboard - Iteration 6 - 3.png>]
Missing character: There is no ‚ in font cmr10!
Missing character: There is no Ä in font cmr10!
Missing character: There is no ô in font cmr10!

<CPRSystem/"Iteration5/iteration-5-sleep".png, id=551, 248.42813pt x 193.47281p
t>
File: CPRSystem/"Iteration5/iteration-5-sleep".png Graphic file (type png)
 <use CPRSystem/"Iteration5/iteration-5-sleep".png>
Package pdftex.def Info: CPRSystem/"Iteration5/iteration-5-sleep".png used on i
nput line 638.
(pdftex.def)             Requested size: 209.12683pt x 162.86736pt.
 [48 <D:/Users/Mattie432/Dropbox/Programming/LaTeX/SoftwareDesignStudy/Specific
ation/CPRSystem/Iteration5/iteration-5-sleep.png>]
<CPRSystem/"Iteration5/iteration-5-end".png, id=559, 580.41844pt x 724.95844pt>
File: CPRSystem/"Iteration5/iteration-5-end".png Graphic file (type png)
<use CPRSystem/"Iteration5/iteration-5-end".png>
Package pdftex.def Info: CPRSystem/"Iteration5/iteration-5-end".png used on inp
ut line 645.
(pdftex.def)             Requested size: 418.25368pt x 522.41216pt.
 [49 <D:/Users/Mattie432/Dropbox/Programming/LaTeX/SoftwareDesignStudy/Specific
ation/CPRSystem/Iteration5/iteration-5-end.png>]
Missing character: There is no ‚ in font cmr10!
Missing character: There is no Ä in font cmr10!
Missing character: There is no ô in font cmr10!
Missing character: There is no ‚ in font cmr10!
Missing character: There is no Ä in font cmr10!
Missing character: There is no ô in font cmr10!

Underfull \hbox (badness 10000) in paragraph at lines 664--665

 []


Underfull \hbox (badness 10000) in paragraph at lines 666--667

 []

Missing character: There is no ‚ in font cmr10!
Missing character: There is no Ä in font cmr10!
Missing character: There is no ô in font cmr10!

Underfull \hbox (badness 10000) in paragraph at lines 668--669

 []

[50]
Underfull \hbox (badness 10000) in paragraph at lines 670--671

 []

Missing character: There is no ‚ in font cmr10!
Missing character: There is no Ä in font cmr10!
Missing character: There is no ô in font cmr10!
Missing character: There is no ‚ in font cmr10!
Missing character: There is no Ä in font cmr10!
Missing character: There is no ò in font cmr10!
Missing character: There is no ‚ in font cmr10!
Missing character: There is no Ä in font cmr10!
Missing character: There is no ô in font cmr10!

Underfull \hbox (badness 10000) in paragraph at lines 672--673

 []

)
Package atveryend Info: Empty hook `BeforeClearDocument' on input line 13.
 [51]
Package atveryend Info: Empty hook `AfterLastShipout' on input line 13.

(D:\Users\Mattie432\Dropbox\Programming\LaTeX\SoftwareDesignStudy\Specification
\Specification.aux)
Package atveryend Info: Executing hook `AtVeryEndDocument' on input line 13.
Package atveryend Info: Executing hook `AtEndAfterFileList' on input line 13.


Package rerunfilecheck Warning: File `Specification.out' has changed.
(rerunfilecheck)                Rerun to get outlines right
(rerunfilecheck)                or use package `bookmark'.

Package rerunfilecheck Info: Checksums for `Specification.out':
(rerunfilecheck)             Before: AF01C2E7CE5699686F66B70C6ED6D790;626
(rerunfilecheck)             After:  9F23C913874BFF65360DF86AB7B084D7;966.
Package atveryend Info: Empty hook `AtVeryVeryEnd' on input line 13.
 ) 
Here is how much of TeX's memory you used:
 11494 strings out of 493921
 185998 string characters out of 3144864
 325432 words of memory out of 3000000
 14187 multiletter control sequences out of 15000+200000
 6244 words of font info for 24 fonts, out of 3000000 for 9000
 841 hyphenation exceptions out of 8191
 74i,9n,98p,1201b,2078s stack positions out of 5000i,500n,10000p,200000b,50000s
pdfTeX warning (dest): name{subsubsection.1.2.3} has been referenced but does
 not exist, replaced by a fixed one

pdfTeX warning (dest): name{subsubsection.1.2.2} has been referenced but does n
ot exist, replaced by a fixed one

pdfTeX warning (dest): name{subsubsection.1.2.1} has been referenced but does n
ot exist, replaced by a fixed one

pdfTeX warning (dest): name{subsection.1.2} has been referenced but does not ex
ist, replaced by a fixed one

<C:/Program Files (x86)/MiKTeX 2.9/fonts/type1/public/amsfonts/cm/cmbx10.pfb><C
:/Program Files (x86)/MiKTeX 2.9/fonts/type1/public/amsfonts/cm/cmbx12.pfb><C:/
Program Files (x86)/MiKTeX 2.9/fonts/type1/public/amsfonts/cm/cmr10.pfb><C:/Pro
gram Files (x86)/MiKTeX 2.9/fonts/type1/public/amsfonts/cm/cmsy10.pfb><C:/Progr
am Files (x86)/MiKTeX 2.9/fonts/type1/public/amsfonts/cm/cmti10.pfb><C:/Program
 Files (x86)/MiKTeX 2.9/fonts/type1/public/amsfonts/cm/cmtt10.pfb><C:/Program F
iles (x86)/MiKTeX 2.9/fonts/type1/public/amsfonts/cm/cmtt9.pfb>
Output written on Specification.pdf (51 pages, 2923344 bytes).
PDF statistics:
 671 PDF objects out of 1000 (max. 8388607)
 303 named destinations out of 1000 (max. 500000)
 280 words of extra memory for PDF output out of 10000 (max. 10000000)

