\BOOKMARK [1][-]{section.1}{Specification}{}% 1
\BOOKMARK [2][-]{subsection.1.1}{Common Technologies}{section.1}% 2
\BOOKMARK [3][-]{subsubsection.1.1.1}{Google Cloud Messaging}{subsection.1.1}% 3
\BOOKMARK [3][-]{subsubsection.1.1.2}{Database}{subsection.1.1}% 4
\BOOKMARK [2][-]{subsection.1.2}{Emergency App - Video Streaming}{section.1}% 5
\BOOKMARK [3][-]{subsubsection.1.2.1}{Iteration 1 - Basic Functionality}{subsection.1.2}% 6
\BOOKMARK [3][-]{subsubsection.1.2.2}{Iteration 2 - Enhanced User Experience}{subsection.1.2}% 7
\BOOKMARK [3][-]{subsubsection.1.2.3}{Iteration 3 - Enhanced Dispatcher Experience}{subsection.1.2}% 8
\BOOKMARK [3][-]{subsubsection.1.2.4}{Iteration 4 - Improving Reliability}{subsection.1.2}% 9
\BOOKMARK [3][-]{subsubsection.1.2.5}{Iteration 5 - Multiple Live Streams}{subsection.1.2}% 10
\BOOKMARK [2][-]{subsection.1.3}{Emergency App - Chat}{section.1}% 11
\BOOKMARK [3][-]{subsubsection.1.3.1}{Iteration 1 - Basic Functionality}{subsection.1.3}% 12
\BOOKMARK [3][-]{subsubsection.1.3.2}{Iteration 2 - Security and Accessibility}{subsection.1.3}% 13
\BOOKMARK [2][-]{subsection.1.4}{Emergency App - Automatic Location Sending}{section.1}% 14
\BOOKMARK [3][-]{subsubsection.1.4.1}{Iteration 1 - Basic Functionality}{subsection.1.4}% 15
\BOOKMARK [2][-]{subsection.1.5}{Emergency App - Database}{section.1}% 16
\BOOKMARK [3][-]{subsubsection.1.5.1}{Database Design}{subsection.1.5}% 17
\BOOKMARK [3][-]{subsubsection.1.5.2}{ER Diagram}{subsection.1.5}% 18
\BOOKMARK [2][-]{subsection.1.6}{CPR System}{section.1}% 19
\BOOKMARK [3][-]{subsubsection.1.6.1}{Iteration 1 - Basic Functionality}{subsection.1.6}% 20
\BOOKMARK [3][-]{subsubsection.1.6.2}{Iteration 2 - Accept \046 Decline an emergency}{subsection.1.6}% 21
\BOOKMARK [3][-]{subsubsection.1.6.3}{Iteration 3 - Improving Responder Alert}{subsection.1.6}% 22
\BOOKMARK [3][-]{subsubsection.1.6.4}{Iteration 4 - Context of the emergency}{subsection.1.6}% 23
\BOOKMARK [3][-]{subsubsection.1.6.5}{Iteration 5 - User Preferences}{subsection.1.6}% 24
\BOOKMARK [3][-]{subsubsection.1.6.6}{Iteration 6 - Improving User Selection}{subsection.1.6}% 25
\BOOKMARK [2][-]{subsection.1.7}{API}{section.1}% 26
\BOOKMARK [3][-]{subsubsection.1.7.1}{HTTP}{subsection.1.7}% 27
\BOOKMARK [3][-]{subsubsection.1.7.2}{JSON}{subsection.1.7}% 28
\BOOKMARK [3][-]{subsubsection.1.7.3}{Documentation}{subsection.1.7}% 29
\BOOKMARK [3][-]{subsubsection.1.7.4}{Security}{subsection.1.7}% 30
\BOOKMARK [3][-]{subsubsection.1.7.5}{Requests}{subsection.1.7}% 31
