This is pdfTeX, Version 3.1415926-2.5-1.40.14 (MiKTeX 2.9) (preloaded format=pdflatex 2014.4.21)  1 MAY 2015 09:58
entering extended mode
**EmergencyApp.tex

(D:\Users\Mattie432\Dropbox\Programming\LaTeX\SoftwareDesignStudy\Specification
\EmergencyApp\EmergencyApp.tex
LaTeX2e <2011/06/27>
Babel <v3.8m> and hyphenation patterns for english, afrikaans, ancientgreek, ar
abic, armenian, assamese, basque, bengali, bokmal, bulgarian, catalan, coptic, 
croatian, czech, danish, dutch, esperanto, estonian, farsi, finnish, french, ga
lician, german, german-x-2013-05-26, greek, gujarati, hindi, hungarian, iceland
ic, indonesian, interlingua, irish, italian, kannada, kurmanji, latin, latvian,
 lithuanian, malayalam, marathi, mongolian, mongolianlmc, monogreek, ngerman, n
german-x-2013-05-26, nynorsk, oriya, panjabi, pinyin, polish, portuguese, roman
ian, russian, sanskrit, serbian, slovak, slovenian, spanish, swedish, swissgerm
an, tamil, telugu, turkish, turkmen, ukenglish, ukrainian, uppersorbian, usengl
ishmax, welsh, loaded.
("C:\Program Files (x86)\MiKTeX 2.9\tex\latex\base\article.cls"
Document Class: article 2007/10/19 v1.4h Standard LaTeX document class
("C:\Program Files (x86)\MiKTeX 2.9\tex\latex\base\size10.clo"
File: size10.clo 2007/10/19 v1.4h Standard LaTeX file (size option)
)
\c@part=\count79
\c@section=\count80
\c@subsection=\count81
\c@subsubsection=\count82
\c@paragraph=\count83
\c@subparagraph=\count84
\c@figure=\count85
\c@table=\count86
\abovecaptionskip=\skip41
\belowcaptionskip=\skip42
\bibindent=\dimen102
)
(D:\Users\Mattie432\Dropbox\Programming\LaTeX\SoftwareDesignStudy\myPackage.sty

LaTeX Warning: You have requested package `../../myPackage',
               but the package provides `myPackage'.

Package: myPackage 2011/01/11 v0.01 LaTeX package for my own purpose

(D:\Users\Mattie432\AppData\Roaming\MiKTeX\2.9\tex\latex\standalone\standalone.
sty
Package: standalone 2012/09/15 v1.1b Package to include TeX sub-files with prea
mbles
 ("C:\Program Files (x86)\MiKTeX 2.9\tex\generic\oberdiek\ifluatex.sty"
Package: ifluatex 2010/03/01 v1.3 Provides the ifluatex switch (HO)
Package ifluatex Info: LuaTeX not detected.
)
("C:\Program Files (x86)\MiKTeX 2.9\tex\generic\oberdiek\ifpdf.sty"
Package: ifpdf 2011/01/30 v2.3 Provides the ifpdf switch (HO)
Package ifpdf Info: pdfTeX in PDF mode is detected.
)
("C:\Program Files (x86)\MiKTeX 2.9\tex\generic\ifxetex\ifxetex.sty"
Package: ifxetex 2010/09/12 v0.6 Provides ifxetex conditional
)
("C:\Program Files (x86)\MiKTeX 2.9\tex\latex\xkeyval\xkeyval.sty"
Package: xkeyval 2012/10/14 v2.6b package option processing (HA)

("C:\Program Files (x86)\MiKTeX 2.9\tex\generic\xkeyval\xkeyval.tex"
\XKV@toks=\toks14
\XKV@tempa@toks=\toks15
\XKV@depth=\count87
File: xkeyval.tex 2012/10/14 v2.6b key=value parser (HA)

("C:\Program Files (x86)\MiKTeX 2.9\tex\generic\xkeyval\keyval.tex")))
(D:\Users\Mattie432\AppData\Roaming\MiKTeX\2.9\tex\latex\currfile\currfile.sty
Package: currfile 2013/02/01 v0.7b Provides the file path elements of the curre
nt input file

("C:\Program Files (x86)\MiKTeX 2.9\tex\latex\oberdiek\kvoptions.sty"
Package: kvoptions 2011/06/30 v3.11 Key value format for package options (HO)

("C:\Program Files (x86)\MiKTeX 2.9\tex\generic\oberdiek\ltxcmds.sty"
Package: ltxcmds 2011/11/09 v1.22 LaTeX kernel commands for general use (HO)
)
("C:\Program Files (x86)\MiKTeX 2.9\tex\generic\oberdiek\kvsetkeys.sty"
Package: kvsetkeys 2012/04/25 v1.16 Key value parser (HO)

("C:\Program Files (x86)\MiKTeX 2.9\tex\generic\oberdiek\infwarerr.sty"
Package: infwarerr 2010/04/08 v1.3 Providing info/warning/error messages (HO)
)
("C:\Program Files (x86)\MiKTeX 2.9\tex\generic\oberdiek\etexcmds.sty"
Package: etexcmds 2011/02/16 v1.5 Avoid name clashes with e-TeX commands (HO)
Package etexcmds Info: Could not find \expanded.
(etexcmds)             That can mean that you are not using pdfTeX 1.50 or
(etexcmds)             that some package has redefined \expanded.
(etexcmds)             In the latter case, load this package earlier.
)))
(D:\Users\Mattie432\AppData\Roaming\MiKTeX\2.9\tex\latex\filehook\filehook.sty
Package: filehook 2011/10/12 v0.5d Hooks for input files
)
\c@currfiledepth=\count88
)
(D:\Users\Mattie432\AppData\Roaming\MiKTeX\2.9\tex\latex\gincltex\gincltex.sty
(D:\Users\Mattie432\AppData\Roaming\MiKTeX\2.9\tex\latex\svn-prov\svn-prov.sty
Package: svn-prov 2010/04/24 v3.1862 Package Date/Version from SVN Keywords
)
Package: gincltex 2011/09/04 v0.3 Include external LaTeX files like graphics

(D:\Users\Mattie432\AppData\Roaming\MiKTeX\2.9\tex\latex\adjustbox\adjustbox.st
y
Package: adjustbox 2012/05/21 v1.0 Adjusting TeX boxes (trim, clip, ...)

(D:\Users\Mattie432\AppData\Roaming\MiKTeX\2.9\tex\latex\adjustbox\adjcalc.sty
Package: adjcalc 2012/05/16 v1.1 Provides advanced setlength with multiple back
-ends (calc, etex, pgfmath)
)
(D:\Users\Mattie432\AppData\Roaming\MiKTeX\2.9\tex\latex\adjustbox\trimclip.sty
Package: trimclip 2012/05/16 v1.0 Trim and clip general TeX material
("C:\Program Files (x86)\MiKTeX 2.9\tex\latex\graphics\graphicx.sty"
Package: graphicx 1999/02/16 v1.0f Enhanced LaTeX Graphics (DPC,SPQR)

("C:\Program Files (x86)\MiKTeX 2.9\tex\latex\graphics\graphics.sty"
Package: graphics 2009/02/05 v1.0o Standard LaTeX Graphics (DPC,SPQR)

("C:\Program Files (x86)\MiKTeX 2.9\tex\latex\graphics\trig.sty"
Package: trig 1999/03/16 v1.09 sin cos tan (DPC)
)
("C:\Program Files (x86)\MiKTeX 2.9\tex\latex\00miktex\graphics.cfg"
File: graphics.cfg 2007/01/18 v1.5 graphics configuration of teTeX/TeXLive
)
Package graphics Info: Driver file: pdftex.def on input line 91.

("C:\Program Files (x86)\MiKTeX 2.9\tex\latex\pdftex-def\pdftex.def"
File: pdftex.def 2011/05/27 v0.06d Graphics/color for pdfTeX
\Gread@gobject=\count89
))
\Gin@req@height=\dimen103
\Gin@req@width=\dimen104
)
(D:\Users\Mattie432\AppData\Roaming\MiKTeX\2.9\tex\latex\collectbox\collectbox.
sty
Package: collectbox 2012/05/17 v0.4b Collect macro arguments as boxes
\collectedbox=\box26
)
\tc@llx=\dimen105
\tc@lly=\dimen106
\tc@urx=\dimen107
\tc@ury=\dimen108
Package trimclip Info: Using driver 'tc-pdftex.def'.

(D:\Users\Mattie432\AppData\Roaming\MiKTeX\2.9\tex\latex\adjustbox\tc-pdftex.de
f
File: tc-pdftex.def 2012/05/13 v1.0 Clipping driver for pdftex
))
\adjbox@Width=\dimen109
\adjbox@Height=\dimen110
\adjbox@Depth=\dimen111
\adjbox@Totalheight=\dimen112

(D:\Users\Mattie432\AppData\Roaming\MiKTeX\2.9\tex\latex\ifoddpage\ifoddpage.st
y
Package: ifoddpage 2011/09/13 v1.0 Conditionals for odd/even page detection
\c@checkoddpage=\count90
) ("C:\Program Files (x86)\MiKTeX 2.9\tex\latex\ltxmisc\varwidth.sty"
Package: varwidth 2009/03/30 ver 0.92;  Variable-width minipages
\@vwid@box=\box27
\sift@deathcycles=\count91
\@vwid@loff=\dimen113
\@vwid@roff=\dimen114
))
\gincltex@box=\box28
)
(D:\Users\Mattie432\AppData\Roaming\MiKTeX\2.9\tex\latex\filemod\filemod-expmin
.sty
Package: filemod-expmin 2011/09/19 v1.2 Get and compare file modification times
 (expandable; minimal)
)) ("C:\Program Files (x86)\MiKTeX 2.9\tex\generic\babel\babel.sty"
Package: babel 2008/07/08 v3.8m The Babel package

*************************************
* Local config file bblopts.cfg used
*
("C:\Program Files (x86)\MiKTeX 2.9\tex\latex\00miktex\bblopts.cfg"
File: bblopts.cfg 2006/07/31 v1.0 MiKTeX 'babel' configuration
)
("C:\Program Files (x86)\MiKTeX 2.9\tex\generic\babel\english.ldf"
Language: english 2005/03/30 v3.3o English support from the babel system

("C:\Program Files (x86)\MiKTeX 2.9\tex\generic\babel\babel.def"
File: babel.def 2008/07/08 v3.8m Babel common definitions
\babel@savecnt=\count92
\U@D=\dimen115
)
\l@canadian = a dialect from \language\l@american 
\l@australian = a dialect from \language\l@british 
\l@newzealand = a dialect from \language\l@british 
))
("C:\Program Files (x86)\MiKTeX 2.9\tex\latex\tools\multicol.sty"
Package: multicol 2011/06/27 v1.7a multicolumn formatting (FMi)
\c@tracingmulticols=\count93
\mult@box=\box29
\multicol@leftmargin=\dimen116
\c@unbalance=\count94
\c@collectmore=\count95
\doublecol@number=\count96
\multicoltolerance=\count97
\multicolpretolerance=\count98
\full@width=\dimen117
\page@free=\dimen118
\premulticols=\dimen119
\postmulticols=\dimen120
\multicolsep=\skip43
\multicolbaselineskip=\skip44
\partial@page=\box30
\last@line=\box31
\mult@rightbox=\box32
\mult@grightbox=\box33
\mult@gfirstbox=\box34
\mult@firstbox=\box35
\@tempa=\box36
\@tempa=\box37
\@tempa=\box38
\@tempa=\box39
\@tempa=\box40
\@tempa=\box41
\@tempa=\box42
\@tempa=\box43
\@tempa=\box44
\@tempa=\box45
\@tempa=\box46
\@tempa=\box47
\@tempa=\box48
\@tempa=\box49
\@tempa=\box50
\@tempa=\box51
\@tempa=\box52
\c@columnbadness=\count99
\c@finalcolumnbadness=\count100
\last@try=\dimen121
\multicolovershoot=\dimen122
\multicolundershoot=\dimen123
\mult@nat@firstbox=\box53
\colbreak@box=\box54
\multicol@sort@counter=\count101
)
("C:\Program Files (x86)\MiKTeX 2.9\tex\latex\geometry\geometry.sty"
Package: geometry 2010/09/12 v5.6 Page Geometry

("C:\Program Files (x86)\MiKTeX 2.9\tex\generic\oberdiek\ifvtex.sty"
Package: ifvtex 2010/03/01 v1.5 Detect VTeX and its facilities (HO)
Package ifvtex Info: VTeX not detected.
)
\Gm@cnth=\count102
\Gm@cntv=\count103
\c@Gm@tempcnt=\count104
\Gm@bindingoffset=\dimen124
\Gm@wd@mp=\dimen125
\Gm@odd@mp=\dimen126
\Gm@even@mp=\dimen127
\Gm@layoutwidth=\dimen128
\Gm@layoutheight=\dimen129
\Gm@layouthoffset=\dimen130
\Gm@layoutvoffset=\dimen131
\Gm@dimlist=\toks16

("C:\Program Files (x86)\MiKTeX 2.9\tex\latex\geometry\geometry.cfg"))
(D:\Users\Mattie432\AppData\Roaming\MiKTeX\2.9\tex\latex\enumitem\enumitem.sty
Package: enumitem 2011/09/28 v3.5.2 Customized lists
\enitkv@toks@=\toks17
\labelindent=\skip45
\enit@outerparindent=\dimen132
\enit@toks=\toks18
\enit@inbox=\box55
\enitdp@description=\count105
) (D:\Users\Mattie432\AppData\Roaming\MiKTeX\2.9\tex\latex\ulem\ulem.sty
\UL@box=\box56
\UL@hyphenbox=\box57
\UL@skip=\skip46
\UL@hook=\toks19
\UL@height=\dimen133
\UL@pe=\count106
\UL@pixel=\dimen134
\ULC@box=\box58
Package: ulem 2012/05/18
\ULdepth=\dimen135
)
("C:\Program Files (x86)\MiKTeX 2.9\tex\latex\base\fixltx2e.sty"
Package: fixltx2e 2006/09/13 v1.1m fixes to LaTeX
LaTeX Info: Redefining \em on input line 420.
)
("C:\Program Files (x86)\MiKTeX 2.9\tex\latex\graphics\color.sty"
Package: color 2005/11/14 v1.0j Standard LaTeX Color (DPC)

("C:\Program Files (x86)\MiKTeX 2.9\tex\latex\00miktex\color.cfg"
File: color.cfg 2007/01/18 v1.5 color configuration of teTeX/TeXLive
)
Package color Info: Driver file: pdftex.def on input line 130.
)
("C:\Program Files (x86)\MiKTeX 2.9\tex\latex\hyperref\hyperref.sty"
Package: hyperref 2012/11/06 v6.83m Hypertext links for LaTeX

("C:\Program Files (x86)\MiKTeX 2.9\tex\generic\oberdiek\hobsub-hyperref.sty"
Package: hobsub-hyperref 2012/04/25 v1.12 Bundle oberdiek, subset hyperref (HO)


("C:\Program Files (x86)\MiKTeX 2.9\tex\generic\oberdiek\hobsub-generic.sty"
Package: hobsub-generic 2012/04/25 v1.12 Bundle oberdiek, subset generic (HO)
Package: hobsub 2012/04/25 v1.12 Construct package bundles (HO)
Package hobsub Info: Skipping package `infwarerr' (already loaded).
Package hobsub Info: Skipping package `ltxcmds' (already loaded).
Package hobsub Info: Skipping package `ifluatex' (already loaded).
Package hobsub Info: Skipping package `ifvtex' (already loaded).
Package: intcalc 2007/09/27 v1.1 Expandable calculations with integers (HO)
Package hobsub Info: Skipping package `ifpdf' (already loaded).
Package hobsub Info: Skipping package `etexcmds' (already loaded).
Package hobsub Info: Skipping package `kvsetkeys' (already loaded).
Package: kvdefinekeys 2011/04/07 v1.3 Define keys (HO)
Package: pdftexcmds 2011/11/29 v0.20 Utility functions of pdfTeX for LuaTeX (HO
)
Package pdftexcmds Info: LuaTeX not detected.
Package pdftexcmds Info: \pdf@primitive is available.
Package pdftexcmds Info: \pdf@ifprimitive is available.
Package pdftexcmds Info: \pdfdraftmode found.
Package: pdfescape 2011/11/25 v1.13 Implements pdfTeX's escape features (HO)
Package: bigintcalc 2012/04/08 v1.3 Expandable calculations on big integers (HO
)
Package: bitset 2011/01/30 v1.1 Handle bit-vector datatype (HO)
Package: uniquecounter 2011/01/30 v1.2 Provide unlimited unique counter (HO)
)
Package hobsub Info: Skipping package `hobsub' (already loaded).
Package: letltxmacro 2010/09/02 v1.4 Let assignment for LaTeX macros (HO)
Package: hopatch 2011/06/24 v1.1 Wrapper for package hooks (HO)
Package: xcolor-patch 2011/01/30 xcolor patch
Package: atveryend 2011/06/30 v1.8 Hooks at the very end of document (HO)
Package atveryend Info: \enddocument detected (standard20110627).
Package: atbegshi 2011/10/05 v1.16 At begin shipout hook (HO)
Package: refcount 2011/10/16 v3.4 Data extraction from label references (HO)
Package: hycolor 2011/01/30 v1.7 Color options for hyperref/bookmark (HO)
)
("C:\Program Files (x86)\MiKTeX 2.9\tex\latex\oberdiek\auxhook.sty"
Package: auxhook 2011/03/04 v1.3 Hooks for auxiliary files (HO)
)
\@linkdim=\dimen136
\Hy@linkcounter=\count107
\Hy@pagecounter=\count108

("C:\Program Files (x86)\MiKTeX 2.9\tex\latex\hyperref\pd1enc.def"
File: pd1enc.def 2012/11/06 v6.83m Hyperref: PDFDocEncoding definition (HO)
)
\Hy@SavedSpaceFactor=\count109

("C:\Program Files (x86)\MiKTeX 2.9\tex\latex\00miktex\hyperref.cfg"
File: hyperref.cfg 2002/06/06 v1.2 hyperref configuration of TeXLive
)
Package hyperref Info: Hyper figures OFF on input line 4443.
Package hyperref Info: Link nesting OFF on input line 4448.
Package hyperref Info: Hyper index ON on input line 4451.
Package hyperref Info: Plain pages OFF on input line 4458.
Package hyperref Info: Backreferencing OFF on input line 4463.
Package hyperref Info: Implicit mode ON; LaTeX internals redefined.
Package hyperref Info: Bookmarks ON on input line 4688.
\c@Hy@tempcnt=\count110

(D:\Users\Mattie432\AppData\Roaming\MiKTeX\2.9\tex\latex\url\url.sty
\Urlmuskip=\muskip10
Package: url 2013/09/16  ver 3.4  Verb mode for urls, etc.
)
LaTeX Info: Redefining \url on input line 5041.
\XeTeXLinkMargin=\dimen137
\Fld@menulength=\count111
\Field@Width=\dimen138
\Fld@charsize=\dimen139
Package hyperref Info: Hyper figures OFF on input line 6295.
Package hyperref Info: Link nesting OFF on input line 6300.
Package hyperref Info: Hyper index ON on input line 6303.
Package hyperref Info: backreferencing OFF on input line 6310.
Package hyperref Info: Link coloring OFF on input line 6315.
Package hyperref Info: Link coloring with OCG OFF on input line 6320.
Package hyperref Info: PDF/A mode OFF on input line 6325.
LaTeX Info: Redefining \ref on input line 6365.
LaTeX Info: Redefining \pageref on input line 6369.
\Hy@abspage=\count112
\c@Item=\count113
\c@Hfootnote=\count114
)

Package hyperref Message: Driver (autodetected): hpdftex.

("C:\Program Files (x86)\MiKTeX 2.9\tex\latex\hyperref\hpdftex.def"
File: hpdftex.def 2012/11/06 v6.83m Hyperref driver for pdfTeX
\Fld@listcount=\count115
\c@bookmark@seq@number=\count116

("C:\Program Files (x86)\MiKTeX 2.9\tex\latex\oberdiek\rerunfilecheck.sty"
Package: rerunfilecheck 2011/04/15 v1.7 Rerun checks for auxiliary files (HO)
Package uniquecounter Info: New unique counter `rerunfilecheck' on input line 2
82.
)
\Hy@SectionHShift=\skip47
)
("C:\Program Files (x86)\MiKTeX 2.9\tex\latex\float\float.sty"
Package: float 2001/11/08 v1.3d Float enhancements (AL)
\c@float@type=\count117
\float@exts=\toks20
\float@box=\box59
\@float@everytoks=\toks21
\@floatcapt=\box60
)
(D:\Users\Mattie432\AppData\Roaming\MiKTeX\2.9\tex\latex\was\gensymb.sty
Package: gensymb 2003/07/02 v1.0 (WaS)
)
(D:\Users\Mattie432\AppData\Roaming\MiKTeX\2.9\tex\latex\wrapfig\wrapfig.sty
\wrapoverhang=\dimen140
\WF@size=\dimen141
\c@WF@wrappedlines=\count118
\WF@box=\box61
\WF@everypar=\toks22
Package: wrapfig 2003/01/31  v 3.6
)
("C:\Program Files (x86)\MiKTeX 2.9\tex\latex\tools\longtable.sty"
Package: longtable 2004/02/01 v4.11 Multi-page Table package (DPC)
\LTleft=\skip48
\LTright=\skip49
\LTpre=\skip50
\LTpost=\skip51
\LTchunksize=\count119
\LTcapwidth=\dimen142
\LT@head=\box62
\LT@firsthead=\box63
\LT@foot=\box64
\LT@lastfoot=\box65
\LT@cols=\count120
\LT@rows=\count121
\c@LT@tables=\count122
\c@LT@chunks=\count123
\LT@p@ftn=\toks23
)
(D:\Users\Mattie432\AppData\Roaming\MiKTeX\2.9\tex\latex\xcolor\xcolor.sty
Package: xcolor 2007/01/21 v2.11 LaTeX color extensions (UK)

("C:\Program Files (x86)\MiKTeX 2.9\tex\latex\00miktex\color.cfg"
File: color.cfg 2007/01/18 v1.5 color configuration of teTeX/TeXLive
)
Package xcolor Info: Package option `usenames' ignored on input line 216.
Package xcolor Info: Driver file: pdftex.def on input line 225.
LaTeX Info: Redefining \color on input line 702.
Package xcolor Info: Model `cmy' substituted by `cmy0' on input line 1337.
Package xcolor Info: Model `hsb' substituted by `rgb' on input line 1341.
Package xcolor Info: Model `RGB' extended on input line 1353.
Package xcolor Info: Model `HTML' substituted by `rgb' on input line 1355.
Package xcolor Info: Model `Hsb' substituted by `hsb' on input line 1356.
Package xcolor Info: Model `tHsb' substituted by `hsb' on input line 1357.
Package xcolor Info: Model `HSB' substituted by `hsb' on input line 1358.
Package xcolor Info: Model `Gray' substituted by `gray' on input line 1359.
Package xcolor Info: Model `wave' substituted by `hsb' on input line 1360.

("C:\Program Files (x86)\MiKTeX 2.9\tex\latex\graphics\dvipsnam.def"
File: dvipsnam.def 1999/02/16 v3.0i Driver-dependant file (DPC,SPQR)
))
(D:\Users\Mattie432\AppData\Roaming\MiKTeX\2.9\tex\latex\caption\caption.sty
Package: caption 2013/05/02 v3.3-89 Customizing captions (AR)

(D:\Users\Mattie432\AppData\Roaming\MiKTeX\2.9\tex\latex\caption\caption3.sty
Package: caption3 2013/05/02 v1.6-88 caption3 kernel (AR)
Package caption3 Info: TeX engine: e-TeX on input line 57.
\captionmargin=\dimen143
\captionmargin@=\dimen144
\captionwidth=\dimen145
\caption@tempdima=\dimen146
\caption@indent=\dimen147
\caption@parindent=\dimen148
\caption@hangindent=\dimen149
)
\c@ContinuedFloat=\count124
Package caption Info: float package is loaded.
Package caption Info: hyperref package is loaded.
Package caption Info: longtable package is loaded.

(D:\Users\Mattie432\AppData\Roaming\MiKTeX\2.9\tex\latex\caption\ltcaption.sty
Package: ltcaption 2013/02/03 v1.3-62 longtable captions (AR)
)
Package caption Info: wrapfig package is loaded.
)
(D:\Users\Mattie432\AppData\Roaming\MiKTeX\2.9\tex\latex\caption\subcaption.sty
Package: subcaption 2013/02/03 v1.1-62 Sub-captions (AR)
\c@subfigure=\count125
\c@subtable=\count126
)
(D:\Users\Mattie432\AppData\Roaming\MiKTeX\2.9\tex\latex\pdfpages\pdfpages.sty
Package: pdfpages 2015/04/15 v0.4w Insert pages of external PDF documents (AM)

("C:\Program Files (x86)\MiKTeX 2.9\tex\latex\base\ifthen.sty"
Package: ifthen 2001/05/26 v1.1c Standard LaTeX ifthen package (DPC)
)
("C:\Program Files (x86)\MiKTeX 2.9\tex\latex\tools\calc.sty"
Package: calc 2007/08/22 v4.3 Infix arithmetic (KKT,FJ)
\calc@Acount=\count127
\calc@Bcount=\count128
\calc@Adimen=\dimen150
\calc@Bdimen=\dimen151
\calc@Askip=\skip52
\calc@Bskip=\skip53
LaTeX Info: Redefining \setlength on input line 76.
LaTeX Info: Redefining \addtolength on input line 77.
\calc@Ccount=\count129
\calc@Cskip=\skip54
)
(D:\Users\Mattie432\AppData\Roaming\MiKTeX\2.9\tex\latex\eso-pic\eso-pic.sty
Package: eso-pic 2013/10/06 v2.0d eso-pic (RN)
)
(D:\Users\Mattie432\AppData\Roaming\MiKTeX\2.9\tex\latex\pdfpages\pppdftex.def
File: pppdftex.def 2015/04/15 v0.4w Pdfpages driver for pdfTeX (AM)
)
\AM@pagebox=\box66
\AM@toc@title=\toks24
\c@AM@survey=\count130
\AM@templatesizebox=\box67
) ("C:\Program Files (x86)\MiKTeX 2.9\tex\latex\ltxmisc\parskip.sty"
Package: parskip 2001/04/09 non-zero parskip adjustments
)
(D:\Users\Mattie432\AppData\Roaming\MiKTeX\2.9\tex\latex\supertabular\supertabu
lar.sty
Package: supertabular 2004/02/20 v4.1e the supertabular environment
\c@tracingst=\count131
\ST@wd=\dimen152
\ST@rightskip=\skip55
\ST@leftskip=\skip56
\ST@parfillskip=\skip57
\ST@pageleft=\dimen153
\ST@headht=\dimen154
\ST@tailht=\dimen155
\ST@pagesofar=\dimen156
\ST@pboxht=\dimen157
\ST@lineht=\dimen158
\ST@stretchht=\dimen159
\ST@prevht=\dimen160
\ST@toadd=\dimen161
\ST@dimen=\dimen162
\ST@pbox=\box68
)
(D:\Users\Mattie432\AppData\Roaming\MiKTeX\2.9\tex\latex\booktabs\booktabs.sty
Package: booktabs 2005/04/14 v1.61803 publication quality tables
\heavyrulewidth=\dimen163
\lightrulewidth=\dimen164
\cmidrulewidth=\dimen165
\belowrulesep=\dimen166
\belowbottomsep=\dimen167
\aboverulesep=\dimen168
\abovetopsep=\dimen169
\cmidrulesep=\dimen170
\cmidrulekern=\dimen171
\defaultaddspace=\dimen172
\@cmidla=\count132
\@cmidlb=\count133
\@aboverulesep=\dimen173
\@belowrulesep=\dimen174
\@thisruleclass=\count134
\@lastruleclass=\count135
\@thisrulewidth=\dimen175
) (D:\Users\Mattie432\AppData\Roaming\MiKTeX\2.9\tex\latex\listings\listings.st
y
\lst@mode=\count136
\lst@gtempboxa=\box69
\lst@token=\toks25
\lst@length=\count137
\lst@currlwidth=\dimen176
\lst@column=\count138
\lst@pos=\count139
\lst@lostspace=\dimen177
\lst@width=\dimen178
\lst@newlines=\count140
\lst@lineno=\count141
\lst@maxwidth=\dimen179
(D:\Users\Mattie432\AppData\Roaming\MiKTeX\2.9\tex\latex\listings\lstmisc.sty
File: lstmisc.sty 2014/09/06 1.5e (Carsten Heinz)
\c@lstnumber=\count142
\lst@skipnumbers=\count143
\lst@framebox=\box70
)
(D:\Users\Mattie432\AppData\Roaming\MiKTeX\2.9\tex\latex\listings\listings.cfg
File: listings.cfg 2014/09/06 1.5e listings configuration
))
Package: listings 2014/09/06 1.5e (Carsten Heinz)

(D:\Users\Mattie432\AppData\Roaming\MiKTeX\2.9\tex\latex\listings\lstlang1.sty
File: lstlang1.sty 2014/09/06 1.5e listings language file
) (D:\Users\Mattie432\AppData\Roaming\MiKTeX\2.9\tex\latex\listings\lstmisc.sty
File: lstmisc.sty 2014/09/06 1.5e (Carsten Heinz)
))
(D:\Users\Mattie432\Dropbox\Programming\LaTeX\SoftwareDesignStudy\Specification
\EmergencyApp\EmergencyApp.aux)
LaTeX Font Info:    Checking defaults for OML/cmm/m/it on input line 5.
LaTeX Font Info:    ... okay on input line 5.
LaTeX Font Info:    Checking defaults for T1/cmr/m/n on input line 5.
LaTeX Font Info:    ... okay on input line 5.
LaTeX Font Info:    Checking defaults for OT1/cmr/m/n on input line 5.
LaTeX Font Info:    ... okay on input line 5.
LaTeX Font Info:    Checking defaults for OMS/cmsy/m/n on input line 5.
LaTeX Font Info:    ... okay on input line 5.
LaTeX Font Info:    Checking defaults for OMX/cmex/m/n on input line 5.
LaTeX Font Info:    ... okay on input line 5.
LaTeX Font Info:    Checking defaults for U/cmr/m/n on input line 5.
LaTeX Font Info:    ... okay on input line 5.
LaTeX Font Info:    Checking defaults for PD1/pdf/m/n on input line 5.
LaTeX Font Info:    ... okay on input line 5.

(D:\Users\Mattie432\AppData\Roaming\MiKTeX\2.9\tex\context\base\supp-pdf.mkii
[Loading MPS to PDF converter (version 2006.09.02).]
\scratchcounter=\count144
\scratchdimen=\dimen180
\scratchbox=\box71
\nofMPsegments=\count145
\nofMParguments=\count146
\everyMPshowfont=\toks26
\MPscratchCnt=\count147
\MPscratchDim=\dimen181
\MPnumerator=\count148
\makeMPintoPDFobject=\count149
\everyMPtoPDFconversion=\toks27
)
*geometry* driver: auto-detecting
*geometry* detected driver: pdftex
*geometry* verbose mode - [ preamble ] result:
* driver: pdftex
* paper: a4paper
* layout: <same size as paper>
* layoutoffset:(h,v)=(0.0pt,0.0pt)
* modes: 
* h-part:(L,W,R)=(89.62709pt, 418.25368pt, 89.6271pt)
* v-part:(T,H,B)=(101.40665pt, 591.5302pt, 152.11pt)
* \paperwidth=597.50787pt
* \paperheight=845.04684pt
* \textwidth=418.25368pt
* \textheight=591.5302pt
* \oddsidemargin=17.3571pt
* \evensidemargin=17.3571pt
* \topmargin=-7.86334pt
* \headheight=12.0pt
* \headsep=25.0pt
* \topskip=10.0pt
* \footskip=30.0pt
* \marginparwidth=65.0pt
* \marginparsep=11.0pt
* \columnsep=10.0pt
* \skip\footins=9.0pt plus 4.0pt minus 2.0pt
* \hoffset=0.0pt
* \voffset=0.0pt
* \mag=1000
* \@twocolumnfalse
* \@twosidefalse
* \@mparswitchfalse
* \@reversemarginfalse
* (1in=72.27pt=25.4mm, 1cm=28.453pt)

\AtBeginShipoutBox=\box72
Package hyperref Info: Link coloring OFF on input line 5.
("C:\Program Files (x86)\MiKTeX 2.9\tex\latex\hyperref\nameref.sty"
Package: nameref 2012/10/27 v2.43 Cross-referencing by name of section

("C:\Program Files (x86)\MiKTeX 2.9\tex\generic\oberdiek\gettitlestring.sty"
Package: gettitlestring 2010/12/03 v1.4 Cleanup title references (HO)
)
\c@section@level=\count150
)
LaTeX Info: Redefining \ref on input line 5.
LaTeX Info: Redefining \pageref on input line 5.
LaTeX Info: Redefining \nameref on input line 5.

(D:\Users\Mattie432\Dropbox\Programming\LaTeX\SoftwareDesignStudy\Specification
\EmergencyApp\EmergencyApp.out)
(D:\Users\Mattie432\Dropbox\Programming\LaTeX\SoftwareDesignStudy\Specification
\EmergencyApp\EmergencyApp.out)
\@outlinefile=\write3
LaTeX Info: Redefining \celsius on input line 5.
Package gensymb Info: Faking symbols for \degree and \celsius on input line 5.


Package gensymb Warning: Not defining \perthousand.

LaTeX Info: Redefining \ohm on input line 5.
Package gensymb Info: Using \Omega for \ohm on input line 5.

Package gensymb Warning: Not defining \micro.

Package caption Info: Begin \AtBeginDocument code.
Package caption Info: listings package is loaded.
Package caption Info: supertabular package is loaded.
Package caption Info: End \AtBeginDocument code.
\c@lstlisting=\count151
[1

{D:/Users/Mattie432/AppData/Local/MiKTeX/2.9/pdftex/config/pdftex.map}]
Underfull \hbox (badness 10000) in paragraph at lines 49--50

 []

Missing character: There is no ‚ in font cmr10!
Missing character: There is no Ä in font cmr10!
Missing character: There is no ô in font cmr10!
Missing character: There is no ‚ in font cmr10!
Missing character: There is no Ä in font cmr10!
Missing character: There is no ô in font cmr10!

<"EmergencyAppIteration1/iteration1backendsearch".png, id=89, 832.10875pt x 552
.0625pt>
File: "EmergencyAppIteration1/iteration1backendsearch".png Graphic file (type p
ng)
 <use "EmergencyAppIteration1/iteration1backendsearch".png>
Package pdftex.def Info: "EmergencyAppIteration1/iteration1backendsearch".png u
sed on input line 57.
(pdftex.def)             Requested size: 418.25368pt x 277.48788pt.
Missing character: There is no ‚ in font cmr10!
Missing character: There is no Ä in font cmr10!
Missing character: There is no ô in font cmr10!

<"EmergencyAppIteration1/sequenceinitiatesession (2)".png, id=91, 634.37pt x 71
1.65875pt>
File: "EmergencyAppIteration1/sequenceinitiatesession (2)".png Graphic file (ty
pe png)
 <use "EmergencyAppIteration1/sequenceinitiatesession (2)".png>
Package pdftex.def Info: "EmergencyAppIteration1/sequenceinitiatesession (2)".p
ng used on input line 63.
(pdftex.def)             Requested size: 418.25368pt x 469.2293pt.

[2 <D:/Users/Mattie432/Dropbox/Programming/LaTeX/SoftwareDesignStudy/Specificat
ion/EmergencyApp/EmergencyAppIteration1/iteration1backendsearch.png>]
Missing character: There is no ‚ in font cmr10!
Missing character: There is no Ä in font cmr10!
Missing character: There is no ô in font cmr10!
Missing character: There is no ‚ in font cmr10!
Missing character: There is no Ä in font cmr10!
Missing character: There is no ô in font cmr10!

Underfull \hbox (badness 10000) in paragraph at lines 67--68

 []

[3 <D:/Users/Mattie432/Dropbox/Programming/LaTeX/SoftwareDesignStudy/Specificat
ion/EmergencyApp/EmergencyAppIteration1/sequenceinitiatesession (2).png>]
[4]
<"EmergencyAppIteration1/emergencydialog".png, id=111, 430.60875pt x 811.03pt>
File: "EmergencyAppIteration1/emergencydialog".png Graphic file (type png)

<use "EmergencyAppIteration1/emergencydialog".png>
Package pdftex.def Info: "EmergencyAppIteration1/emergencydialog".png used on i
nput line 87.
(pdftex.def)             Requested size: 200.75996pt x 378.12746pt.
Missing character: There is no ‚ in font cmr10!
Missing character: There is no Ä in font cmr10!
Missing character: There is no ô in font cmr10!

Underfull \hbox (badness 4859) in paragraph at lines 91--92
\OT1/cmr/m/n/10 the phone checks whether the no-ti-fi-ca-
 []


Underfull \hbox (badness 4316) in paragraph at lines 91--92
\OT1/cmr/m/n/10 tion is re-cent and cor-rect by check-ing
 []


Underfull \hbox (badness 3872) in paragraph at lines 91--92
\OT1/cmr/m/n/10 whether []\OT1/cmtt/m/n/10 session[]created[]timestamp[] \OT1/c
mr/m/n/10 plus
 []


Underfull \hbox (badness 1275) in paragraph at lines 91--92
\OT1/cmr/m/n/10 af-ter the emer-gency call. In such case,
 []


Underfull \hbox (badness 10000) in paragraph at lines 91--92

 []

Missing character: There is no ‚ in font cmr10!
Missing character: There is no Ä in font cmr10!
Missing character: There is no ô in font cmr10!
[5 <D:/Users/Mattie432/Dropbox/Programming/LaTeX/SoftwareDesignStudy/Specificat
ion/EmergencyApp/EmergencyAppIteration1/emergencydialog.png>]
Missing character: There is no ‚ in font cmr10!
Missing character: There is no Ä in font cmr10!
Missing character: There is no ô in font cmr10!
Missing character: There is no ‚ in font cmr10!
Missing character: There is no Ä in font cmr10!
Missing character: There is no ô in font cmr10!

Underfull \hbox (badness 10000) in paragraph at lines 101--102

 []

Missing character: There is no ‚ in font cmr10!
Missing character: There is no Ä in font cmr10!
Missing character: There is no ú in font cmr10!
Missing character: There is no ‚ in font cmr10!
Missing character: There is no Ä in font cmr10!
Missing character: There is no ù in font cmr10!

Underfull \hbox (badness 10000) in paragraph at lines 103--104

 []

Missing character: There is no ‚ in font cmr10!
Missing character: There is no Ä in font cmr10!
Missing character: There is no ô in font cmr10!

Underfull \hbox (badness 10000) in paragraph at lines 105--106

 []


Underfull \hbox (badness 10000) in paragraph at lines 107--108

 []


<"EmergencyAppIteration1/sequencestartvideouser".png, id=128, 944.52875pt x 745
.78625pt>
File: "EmergencyAppIteration1/sequencestartvideouser".png Graphic file (type pn
g)
 <use "EmergencyAppIteration1/sequencestartvideouser".png>
Package pdftex.def Info: "EmergencyAppIteration1/sequencestartvideouser".png us
ed on input line 111.
(pdftex.def)             Requested size: 418.25368pt x 330.25223pt.
 [6]
<"EmergencyAppIteration1/sequenceoperatorrequestvideo".png, id=136, 1131.22626p
t x 976.64874pt>
File: "EmergencyAppIteration1/sequenceoperatorrequestvideo".png Graphic file (t
ype png)

<use "EmergencyAppIteration1/sequenceoperatorrequestvideo".png>
Package pdftex.def Info: "EmergencyAppIteration1/sequenceoperatorrequestvideo".
png used on input line 118.
(pdftex.def)             Requested size: 418.25368pt x 361.10104pt.
 [7 <D:/Users/Mattie432/Dropbox/Programming/LaTeX/SoftwareDesignStudy/Specifica
tion/EmergencyApp/EmergencyAppIteration1/sequencestartvideouser.png>]
File: "EmergencyAppIteration1/sequenceoperatorrequestvideo".png Graphic file (t
ype png)

<use "EmergencyAppIteration1/sequenceoperatorrequestvideo".png>
Package pdftex.def Info: "EmergencyAppIteration1/sequenceoperatorrequestvideo".
png used on input line 125.
(pdftex.def)             Requested size: 418.25368pt x 361.10104pt.
 [8 <D:/Users/Mattie432/Dropbox/Programming/LaTeX/SoftwareDesignStudy/Specifica
tion/EmergencyApp/EmergencyAppIteration1/sequenceoperatorrequestvideo.png>]
<EmergencyAppIteration1/iteration1videocallStart.png, id=150, 430.60875pt x 811
.03pt>
File: EmergencyAppIteration1/iteration1videocallStart.png Graphic file (type pn
g)
 <use EmergencyAppIteration1/iteration1videocallStart.png>
Package pdftex.def Info: EmergencyAppIteration1/iteration1videocallStart.png us
ed on input line 132.
(pdftex.def)             Requested size: 209.12683pt x 393.88121pt.

<EmergencyAppIteration1/iteration1videocallEnd.png, id=151, 430.60875pt x 811.0
3pt>
File: EmergencyAppIteration1/iteration1videocallEnd.png Graphic file (type png)

 <use EmergencyAppIteration1/iteration1videocallEnd.png>
Package pdftex.def Info: EmergencyAppIteration1/iteration1videocallEnd.png used
 on input line 137.
(pdftex.def)             Requested size: 209.12683pt x 393.88121pt.

Overfull \hbox (4.44441pt too wide) in paragraph at lines 131--140
 [][]  [] 
 []


<"EmergencyAppIteration1/iteration1backend".png, id=152, 803.0pt x 552.0625pt>
File: "EmergencyAppIteration1/iteration1backend".png Graphic file (type png)

<use "EmergencyAppIteration1/iteration1backend".png>
Package pdftex.def Info: "EmergencyAppIteration1/iteration1backend".png used on
 input line 145.
(pdftex.def)             Requested size: 376.42575pt x 258.7955pt.
 [9] [10 <D:/Users/Mattie432/Dropbox/Programming/LaTeX/SoftwareDesignStudy/Spec
ification/EmergencyApp/EmergencyAppIteration1/iteration1videocallStart.png> <D:
/Users/Mattie432/Dropbox/Programming/LaTeX/SoftwareDesignStudy/Specification/Em
ergencyApp/EmergencyAppIteration1/iteration1videocallEnd.png>]
<"EmergencyAppIteration1/iteration1backend (1)".png, id=165, 803.0pt x 552.0625
pt>
File: "EmergencyAppIteration1/iteration1backend (1)".png Graphic file (type png
)
 <use "EmergencyAppIteration1/iteration1backend (1)".png>
Package pdftex.def Info: "EmergencyAppIteration1/iteration1backend (1)".png use
d on input line 152.
(pdftex.def)             Requested size: 376.42575pt x 258.7955pt.
 [11 <D:/Users/Mattie432/Dropbox/Programming/LaTeX/SoftwareDesignStudy/Specific
ation/EmergencyApp/EmergencyAppIteration1/iteration1backend.png> <D:/Users/Matt
ie432/Dropbox/Programming/LaTeX/SoftwareDesignStudy/Specification/EmergencyApp/
EmergencyAppIteration1/iteration1backend (1).png>]
Missing character: There is no ‚ in font cmr10!
Missing character: There is no Ä in font cmr10!
Missing character: There is no ô in font cmr10!

Underfull \hbox (badness 10000) in paragraph at lines 164--165

 []


Underfull \hbox (badness 10000) in paragraph at lines 166--167

 []

Missing character: There is no ‚ in font cmr10!
Missing character: There is no Ä in font cmr10!
Missing character: There is no ô in font cmr10!
Missing character: There is no ‚ in font cmr10!
Missing character: There is no Ä in font cmr10!
Missing character: There is no ô in font cmr10!
Missing character: There is no ‚ in font cmr10!
Missing character: There is no Ä in font cmr10!
Missing character: There is no ô in font cmr10!

Underfull \hbox (badness 10000) in paragraph at lines 171--172

 []

Missing character: There is no ‚ in font cmr10!
Missing character: There is no Ä in font cmr10!
Missing character: There is no ô in font cmr10!
Missing character: There is no ‚ in font cmr10!
Missing character: There is no Ä in font cmr10!
Missing character: There is no ô in font cmr10!

Underfull \hbox (badness 10000) in paragraph at lines 173--175

 []

Missing character: There is no ‚ in font cmr10!
Missing character: There is no Ä in font cmr10!
Missing character: There is no ô in font cmr10!
Missing character: There is no ‚ in font cmr10!
Missing character: There is no Ä in font cmr10!
Missing character: There is no ô in font cmr10!

Underfull \hbox (badness 10000) in paragraph at lines 176--177

 []


<"EmergencyAppIteration2/iteration2ui (1)".png, id=174, 973.6375pt x 1013.7875p
t>
File: "EmergencyAppIteration2/iteration2ui (1)".png Graphic file (type png)
 <use "EmergencyAppIteration2/iteration2ui (1)".png>
Package pdftex.def Info: "EmergencyAppIteration2/iteration2ui (1)".png used on 
input line 180.
(pdftex.def)             Requested size: 376.42575pt x 391.94139pt.
 [12]
<"EmergencyAppIteration2/iteration2uisettings".png, id=182, 450.68375pt x 831.1
05pt>
File: "EmergencyAppIteration2/iteration2uisettings".png Graphic file (type png)

 <use "EmergencyAppIteration2/iteration2uisettings".png>
Package pdftex.def Info: "EmergencyAppIteration2/iteration2uisettings".png used
 on input line 187.
(pdftex.def)             Requested size: 250.95476pt x 462.79053pt.
 [13 <D:/Users/Mattie432/Dropbox/Programming/LaTeX/SoftwareDesignStudy/Specific
ation/EmergencyApp/EmergencyAppIteration2/iteration2ui (1).png>] [14 <D:/Users/
Mattie432/Dropbox/Programming/LaTeX/SoftwareDesignStudy/Specification/Emergency
App/EmergencyAppIteration2/iteration2uisettings.png>]
Underfull \hbox (badness 10000) in paragraph at lines 200--201

 []


Underfull \hbox (badness 10000) in paragraph at lines 202--203

 []


Underfull \hbox (badness 10000) in paragraph at lines 208--209

 []

Missing character: There is no ‚ in font cmr10!
Missing character: There is no Ä in font cmr10!
Missing character: There is no ô in font cmr10!

Underfull \hbox (badness 10000) in paragraph at lines 210--211

 []


Underfull \hbox (badness 10000) in paragraph at lines 212--213

 []

Missing character: There is no ‚ in font cmr10!
Missing character: There is no Ä in font cmr10!
Missing character: There is no ô in font cmr10!

Underfull \hbox (badness 10000) in paragraph at lines 214--215

 []


<"EmergencyAppIteration3/backend_videocall_nochat (1)".png, id=196, 3212.0pt x 
2208.25pt>
File: "EmergencyAppIteration3/backend_videocall_nochat (1)".png Graphic file (t
ype png)
 <use "EmergencyAppIteration3/backend_videocall_nochat (1)".png>
Package pdftex.def Info: "EmergencyAppIteration3/backend_videocall_nochat (1)".
png used on input line 219.
(pdftex.def)             Requested size: 376.42575pt x 258.77866pt.

<"EmergencyAppIteration3/backend_find_video_footage (1)".png, id=197, 3212.0pt 
x 2208.25pt>
File: "EmergencyAppIteration3/backend_find_video_footage (1)".png Graphic file 
(type png)
 <use "EmergencyAppIteration3/backend_find_video_footage (1)".png>
Package pdftex.def Info: "EmergencyAppIteration3/backend_find_video_footage (1)
".png used on input line 225.
(pdftex.def)             Requested size: 376.42575pt x 258.77866pt.

[15] [16 <D:/Users/Mattie432/Dropbox/Programming/LaTeX/SoftwareDesignStudy/Spec
ification/EmergencyApp/EmergencyAppIteration3/backend_videocall_nochat (1).png>
 <D:/Users/Mattie432/Dropbox/Programming/LaTeX/SoftwareDesignStudy/Specificatio
n/EmergencyApp/EmergencyAppIteration3/backend_find_video_footage (1).png>]
Underfull \hbox (badness 10000) in paragraph at lines 237--238

 []


Underfull \hbox (badness 10000) in paragraph at lines 239--240

 []


Underfull \hbox (badness 10000) in paragraph at lines 241--242

 []


Underfull \hbox (badness 10000) in paragraph at lines 243--244

 []


<"EmergencyAppIteration4/iteration4backendconfirmdialog (1)".png, id=214, 803.0
pt x 552.0625pt>
File: "EmergencyAppIteration4/iteration4backendconfirmdialog (1)".png Graphic f
ile (type png)

<use "EmergencyAppIteration4/iteration4backendconfirmdialog (1)".png>
Package pdftex.def Info: "EmergencyAppIteration4/iteration4backendconfirmdialog
 (1)".png used on input line 248.
(pdftex.def)             Requested size: 376.42575pt x 258.7955pt.

Underfull \hbox (badness 10000) in paragraph at lines 245--251

 []


<"EmergencyAppIteration4/current_session_search_screen".png, id=215, 3328.435pt
 x 2234.3475pt>
File: "EmergencyAppIteration4/current_session_search_screen".png Graphic file (
type png)

<use "EmergencyAppIteration4/current_session_search_screen".png>
Package pdftex.def Info: "EmergencyAppIteration4/current_session_search_screen"
.png used on input line 254.
(pdftex.def)             Requested size: 376.42575pt x 252.66585pt.
 [17] [18 <D:/Users/Mattie432/Dropbox/Programming/LaTeX/SoftwareDesignStudy/Spe
cification/EmergencyApp/EmergencyAppIteration4/iteration4backendconfirmdialog (
1).png> <D:/Users/Mattie432/Dropbox/Programming/LaTeX/SoftwareDesignStudy/Speci
fication/EmergencyApp/EmergencyAppIteration4/current_session_search_screen.png>
]
Underfull \hbox (badness 10000) in paragraph at lines 268--269

 []


Underfull \hbox (badness 10000) in paragraph at lines 270--271

 []


Underfull \hbox (badness 10000) in paragraph at lines 272--273

 []


<"EmergencyAppIteration5/more_accident_streams_iteration3 (1)".png, id=230, 321
2.0pt x 2208.25pt>
File: "EmergencyAppIteration5/more_accident_streams_iteration3 (1)".png Graphic
 file (type png)

<use "EmergencyAppIteration5/more_accident_streams_iteration3 (1)".png>
Package pdftex.def Info: "EmergencyAppIteration5/more_accident_streams_iteratio
n3 (1)".png used on input line 276.
(pdftex.def)             Requested size: 376.42575pt x 258.77866pt.

<"EmergencyAppIteration5/more_accident_streams_opened_iteration3".png, id=231, 
3212.0pt x 2208.25pt>
File: "EmergencyAppIteration5/more_accident_streams_opened_iteration3".png Grap
hic file (type png)

<use "EmergencyAppIteration5/more_accident_streams_opened_iteration3".png>
Package pdftex.def Info: "EmergencyAppIteration5/more_accident_streams_opened_i
teration3".png used on input line 282.
(pdftex.def)             Requested size: 376.42575pt x 258.77866pt.

[19 <D:/Users/Mattie432/Dropbox/Programming/LaTeX/SoftwareDesignStudy/Specifica
tion/EmergencyApp/EmergencyAppIteration5/more_accident_streams_iteration3 (1).p
ng>] [20 <D:/Users/Mattie432/Dropbox/Programming/LaTeX/SoftwareDesignStudy/Spec
ification/EmergencyApp/EmergencyAppIteration5/more_accident_streams_opened_iter
ation3.png>] [21]
Missing character: There is no ‚ in font cmr10!
Missing character: There is no Ä in font cmr10!
Missing character: There is no ô in font cmr10!

Underfull \hbox (badness 10000) in paragraph at lines 328--329

 []

Missing character: There is no ‚ in font cmr10!
Missing character: There is no Ä in font cmr10!
Missing character: There is no ô in font cmr10!

Underfull \hbox (badness 10000) in paragraph at lines 345--346

 []

[22]
Underfull \hbox (badness 10000) in paragraph at lines 357--358

 []


Underfull \hbox (badness 10000) in paragraph at lines 359--360

 []

Missing character: There is no ‚ in font cmr10!
Missing character: There is no Ä in font cmr10!
Missing character: There is no ô in font cmr10!

Underfull \hbox (badness 10000) in paragraph at lines 370--371

 []

[23]
<"ChatIteration1/chat_backend_search".png, id=303, 832.10875pt x 552.0625pt>
File: "ChatIteration1/chat_backend_search".png Graphic file (type png)

<use "ChatIteration1/chat_backend_search".png>
Package pdftex.def Info: "ChatIteration1/chat_backend_search".png used on input
 line 411.
(pdftex.def)             Requested size: 418.25368pt x 277.48788pt.
 [24]
<"ChatIteration1/backend_video_call (1)".png, id=319, 803.0pt x 552.0625pt>
File: "ChatIteration1/backend_video_call (1)".png Graphic file (type png)

<use "ChatIteration1/backend_video_call (1)".png>
Package pdftex.def Info: "ChatIteration1/backend_video_call (1)".png used on in
put line 429.
(pdftex.def)             Requested size: 418.25368pt x 287.5543pt.
 [25 <D:/Users/Mattie432/Dropbox/Programming/LaTeX/SoftwareDesignStudy/Specific
ation/EmergencyApp/ChatIteration1/chat_backend_search.png>] [26 <D:/Users/Matti
e432/Dropbox/Programming/LaTeX/SoftwareDesignStudy/Specification/EmergencyApp/C
hatIteration1/backend_video_call (1).png>]
Missing character: There is no ‚ in font cmr10!
Missing character: There is no Ä in font cmr10!
Missing character: There is no ú in font cmr10!
Missing character: There is no ‚ in font cmr10!
Missing character: There is no Ä in font cmr10!
Missing character: There is no ù in font cmr10!

<"ChatIteration2/videocalluielements (1)".png, id=339, 430.60875pt x 811.03pt>
File: "ChatIteration2/videocalluielements (1)".png Graphic file (type png)

<use "ChatIteration2/videocalluielements (1)".png>
Package pdftex.def Info: "ChatIteration2/videocalluielements (1)".png used on i
nput line 446.
(pdftex.def)             Requested size: 200.75996pt x 378.12746pt.
Missing character: There is no ‚ in font cmr10!
Missing character: There is no Ä in font cmr10!
Missing character: There is no ô in font cmr10!

Underfull \hbox (badness 1297) in paragraph at lines 449--450
[] \OT1/cmr/bx/n/10 0.2.3.3 En-hanc-ing user in-ter-face[] \OT1/cmr/m/n/10 As
 []


Underfull \hbox (badness 5345) in paragraph at lines 449--450
\OT1/cmr/m/n/10 one emer-gency ses-sion will pro-vide ac-
 []


Underfull \hbox (badness 1990) in paragraph at lines 449--450
\OT1/cmr/m/n/10 cess for the cur-rent user to both video
 []


Underfull \hbox (badness 2065) in paragraph at lines 449--450
\OT1/cmr/m/n/10 stream and emer-gency chat, the nav-i-ga-
 []


Underfull \hbox (badness 3803) in paragraph at lines 449--450
\OT1/cmr/m/n/10 and in-tu-itive. To do this, new but-
 []


Underfull \hbox (badness 3646) in paragraph at lines 449--450
\OT1/cmr/m/n/10 tons were in-tro-duced both in the chat
 []


Underfull \hbox (badness 2213) in paragraph at lines 449--450
\OT1/cmr/m/n/10 UI and the video stream UI. Dur-ing a
 []


Underfull \hbox (badness 3514) in paragraph at lines 449--450
\OT1/cmr/m/n/10 chat, the user will have a big but-ton
 []


Underfull \hbox (badness 5802) in paragraph at lines 449--450
\OT1/cmr/m/n/10 on top of the screen, which will di-
 []


Underfull \hbox (badness 2894) in paragraph at lines 449--450
\OT1/cmr/m/n/10 that, there will be a quick but-ton for
 []


Underfull \hbox (badness 4291) in paragraph at lines 449--450
\OT1/cmr/m/n/10 send-ing the users lo-ca-tion in the chat
 []


Underfull \hbox (badness 3323) in paragraph at lines 449--450
\OT1/cmr/m/n/10 his lo-ca-tion, with-out the need to type
 []


Underfull \hbox (badness 10000) in paragraph at lines 449--450

 []


Underfull \hbox (badness 10000) in paragraph at lines 451--452

 []

[27 <D:/Users/Mattie432/Dropbox/Programming/LaTeX/SoftwareDesignStudy/Specifica
tion/EmergencyApp/ChatIteration2/videocalluielements (1).png>]
<"ChatIteration2/chat (1)".png, id=349, 4095.3pt x 3244.12pt>
File: "ChatIteration2/chat (1)".png Graphic file (type png)

<use "ChatIteration2/chat (1)".png>
Package pdftex.def Info: "ChatIteration2/chat (1)".png used on input line 457.
(pdftex.def)             Requested size: 418.25368pt x 331.31168pt.
 [28 <D:/Users/Mattie432/Dropbox/Programming/LaTeX/SoftwareDesignStudy/Specific
ation/EmergencyApp/ChatIteration2/chat (1).png>]
Missing character: There is no ‚ in font cmr10!
Missing character: There is no Ä in font cmr10!
Missing character: There is no ô in font cmr10!

Underfull \hbox (badness 10000) in paragraph at lines 469--470

 []

Missing character: There is no ‚ in font cmr10!
Missing character: There is no Ä in font cmr10!
Missing character: There is no ô in font cmr10!
Missing character: There is no ‚ in font cmr10!
Missing character: There is no Ä in font cmr10!
Missing character: There is no ô in font cmr10!

<"AutomaticVideoSending/locationbackendrequest".png, id=356, 803.0pt x 552.0625
pt>
File: "AutomaticVideoSending/locationbackendrequest".png Graphic file (type png
)
 <use "AutomaticVideoSending/locationbackendrequest".png>
Package pdftex.def Info: "AutomaticVideoSending/locationbackendrequest".png use
d on input line 474.
(pdftex.def)             Requested size: 418.25368pt x 287.5543pt.

<"AutomaticVideoSending/locationbackendreceived".png, id=357, 803.0pt x 552.062
5pt>
File: "AutomaticVideoSending/locationbackendreceived".png Graphic file (type pn
g)
 <use "AutomaticVideoSending/locationbackendreceived".png>
Package pdftex.def Info: "AutomaticVideoSending/locationbackendreceived".png us
ed on input line 482.
(pdftex.def)             Requested size: 418.25368pt x 287.5543pt.
 [29 <D:/Users/Mattie432/Dropbox/Programming/LaTeX/SoftwareDesignStudy/Specific
ation/EmergencyApp/AutomaticVideoSending/locationbackendrequest.png>]
<"AutomaticVideoSending/send_location_confirmation".png, id=366, 1722.435pt x 3
244.12pt>
File: "AutomaticVideoSending/send_location_confirmation".png Graphic file (type
 png)
 <use "AutomaticVideoSending/send_location_confirmation".png>
Package pdftex.def Info: "AutomaticVideoSending/send_location_confirmation".png
 used on input line 491.
(pdftex.def)             Requested size: 167.2989pt x 315.07527pt.
 [30 <D:/Users/Mattie432/Dropbox/Programming/LaTeX/SoftwareDesignStudy/Specific
ation/EmergencyApp/AutomaticVideoSending/locationbackendreceived.png> <D:/Users
/Mattie432/Dropbox/Programming/LaTeX/SoftwareDesignStudy/Specification/Emergenc
yApp/AutomaticVideoSending/send_location_confirmation.png>]
<"AutomaticVideoSending/gcm".png, id=375, 465.99094pt x 301.125pt>
File: "AutomaticVideoSending/gcm".png Graphic file (type png)

<use "AutomaticVideoSending/gcm".png>
Package pdftex.def Info: "AutomaticVideoSending/gcm".png used on input line 509
.
(pdftex.def)             Requested size: 418.25368pt x 270.2886pt.
 [31 <D:/Users/Mattie432/Dropbox/Programming/LaTeX/SoftwareDesignStudy/Specific
ation/EmergencyApp/AutomaticVideoSending/gcm.png>] <"Database/file-page1".png, 
id=388, 481.8pt x 701.5008pt>
File: "Database/file-page1".png Graphic file (type png)

<use "Database/file-page1".png>
Package pdftex.def Info: "Database/file-page1".png used on input line 526.
(pdftex.def)             Requested size: 334.60422pt x 487.19376pt.
Package atveryend Info: Empty hook `BeforeClearDocument' on input line 532.
 [32 <D:/Users/Mattie432/Dropbox/Programming/LaTeX/SoftwareDesignStudy/Specific
ation/EmergencyApp/Database/file-page1.png>]
Package atveryend Info: Empty hook `AfterLastShipout' on input line 532.

(D:\Users\Mattie432\Dropbox\Programming\LaTeX\SoftwareDesignStudy\Specification
\EmergencyApp\EmergencyApp.aux)
Package atveryend Info: Executing hook `AtVeryEndDocument' on input line 532.
Package atveryend Info: Executing hook `AtEndAfterFileList' on input line 532.
Package rerunfilecheck Info: File `EmergencyApp.out' has not changed.
(rerunfilecheck)             Checksum: 345AC137476DBA665927697DFDC08F4B;1348.
Package atveryend Info: Empty hook `AtVeryVeryEnd' on input line 532.
 ) 
Here is how much of TeX's memory you used:
 11597 strings out of 493921
 183724 string characters out of 3144864
 318024 words of memory out of 3000000
 14476 multiletter control sequences out of 15000+200000
 5293 words of font info for 21 fonts, out of 3000000 for 9000
 841 hyphenation exceptions out of 8191
 74i,8n,98p,1273b,1701s stack positions out of 5000i,500n,10000p,200000b,50000s
<C:/Program Files (x86)/MiKTeX 2.9/fonts/type1/public/amsfonts/cm/cmbx10.pfb>
<C:/Program Files (x86)/MiKTeX 2.9/fonts/type1/public/amsfonts/cm/cmbx12.pfb><C
:/Program Files (x86)/MiKTeX 2.9/fonts/type1/public/amsfonts/cm/cmr10.pfb><C:/P
rogram Files (x86)/MiKTeX 2.9/fonts/type1/public/amsfonts/cm/cmtt10.pfb><C:/Pro
gram Files (x86)/MiKTeX 2.9/fonts/type1/public/amsfonts/cm/cmtt9.pfb>
Output written on EmergencyApp.pdf (32 pages, 1663676 bytes).
PDF statistics:
 452 PDF objects out of 1000 (max. 8388607)
 185 named destinations out of 1000 (max. 500000)
 259 words of extra memory for PDF output out of 10000 (max. 10000000)

