This is pdfTeX, Version 3.1415926-2.5-1.40.14 (MiKTeX 2.9) (preloaded format=pdflatex 2014.4.21)  30 APR 2015 18:37
entering extended mode
**Appendices.tex

(D:\Users\Mattie432\Dropbox\Programming\LaTeX\SoftwareDesignStudy\Appendices\Ap
pendices.tex
LaTeX2e <2011/06/27>
Babel <v3.8m> and hyphenation patterns for english, afrikaans, ancientgreek, ar
abic, armenian, assamese, basque, bengali, bokmal, bulgarian, catalan, coptic, 
croatian, czech, danish, dutch, esperanto, estonian, farsi, finnish, french, ga
lician, german, german-x-2013-05-26, greek, gujarati, hindi, hungarian, iceland
ic, indonesian, interlingua, irish, italian, kannada, kurmanji, latin, latvian,
 lithuanian, malayalam, marathi, mongolian, mongolianlmc, monogreek, ngerman, n
german-x-2013-05-26, nynorsk, oriya, panjabi, pinyin, polish, portuguese, roman
ian, russian, sanskrit, serbian, slovak, slovenian, spanish, swedish, swissgerm
an, tamil, telugu, turkish, turkmen, ukenglish, ukrainian, uppersorbian, usengl
ishmax, welsh, loaded.
("C:\Program Files (x86)\MiKTeX 2.9\tex\latex\base\article.cls"
Document Class: article 2007/10/19 v1.4h Standard LaTeX document class
("C:\Program Files (x86)\MiKTeX 2.9\tex\latex\base\size10.clo"
File: size10.clo 2007/10/19 v1.4h Standard LaTeX file (size option)
)
\c@part=\count79
\c@section=\count80
\c@subsection=\count81
\c@subsubsection=\count82
\c@paragraph=\count83
\c@subparagraph=\count84
\c@figure=\count85
\c@table=\count86
\abovecaptionskip=\skip41
\belowcaptionskip=\skip42
\bibindent=\dimen102
)
(D:\Users\Mattie432\Dropbox\Programming\LaTeX\SoftwareDesignStudy\myPackage.sty

LaTeX Warning: You have requested package `../myPackage',
               but the package provides `myPackage'.

Package: myPackage 2011/01/11 v0.01 LaTeX package for my own purpose

(D:\Users\Mattie432\AppData\Roaming\MiKTeX\2.9\tex\latex\standalone\standalone.
sty
Package: standalone 2012/09/15 v1.1b Package to include TeX sub-files with prea
mbles
 ("C:\Program Files (x86)\MiKTeX 2.9\tex\generic\oberdiek\ifluatex.sty"
Package: ifluatex 2010/03/01 v1.3 Provides the ifluatex switch (HO)
Package ifluatex Info: LuaTeX not detected.
)
("C:\Program Files (x86)\MiKTeX 2.9\tex\generic\oberdiek\ifpdf.sty"
Package: ifpdf 2011/01/30 v2.3 Provides the ifpdf switch (HO)
Package ifpdf Info: pdfTeX in PDF mode is detected.
)
("C:\Program Files (x86)\MiKTeX 2.9\tex\generic\ifxetex\ifxetex.sty"
Package: ifxetex 2010/09/12 v0.6 Provides ifxetex conditional
)
("C:\Program Files (x86)\MiKTeX 2.9\tex\latex\xkeyval\xkeyval.sty"
Package: xkeyval 2012/10/14 v2.6b package option processing (HA)

("C:\Program Files (x86)\MiKTeX 2.9\tex\generic\xkeyval\xkeyval.tex"
\XKV@toks=\toks14
\XKV@tempa@toks=\toks15
\XKV@depth=\count87
File: xkeyval.tex 2012/10/14 v2.6b key=value parser (HA)

("C:\Program Files (x86)\MiKTeX 2.9\tex\generic\xkeyval\keyval.tex")))
(D:\Users\Mattie432\AppData\Roaming\MiKTeX\2.9\tex\latex\currfile\currfile.sty
Package: currfile 2013/02/01 v0.7b Provides the file path elements of the curre
nt input file

("C:\Program Files (x86)\MiKTeX 2.9\tex\latex\oberdiek\kvoptions.sty"
Package: kvoptions 2011/06/30 v3.11 Key value format for package options (HO)

("C:\Program Files (x86)\MiKTeX 2.9\tex\generic\oberdiek\ltxcmds.sty"
Package: ltxcmds 2011/11/09 v1.22 LaTeX kernel commands for general use (HO)
)
("C:\Program Files (x86)\MiKTeX 2.9\tex\generic\oberdiek\kvsetkeys.sty"
Package: kvsetkeys 2012/04/25 v1.16 Key value parser (HO)

("C:\Program Files (x86)\MiKTeX 2.9\tex\generic\oberdiek\infwarerr.sty"
Package: infwarerr 2010/04/08 v1.3 Providing info/warning/error messages (HO)
)
("C:\Program Files (x86)\MiKTeX 2.9\tex\generic\oberdiek\etexcmds.sty"
Package: etexcmds 2011/02/16 v1.5 Avoid name clashes with e-TeX commands (HO)
Package etexcmds Info: Could not find \expanded.
(etexcmds)             That can mean that you are not using pdfTeX 1.50 or
(etexcmds)             that some package has redefined \expanded.
(etexcmds)             In the latter case, load this package earlier.
)))
(D:\Users\Mattie432\AppData\Roaming\MiKTeX\2.9\tex\latex\filehook\filehook.sty
Package: filehook 2011/10/12 v0.5d Hooks for input files
)
\c@currfiledepth=\count88
)
(D:\Users\Mattie432\AppData\Roaming\MiKTeX\2.9\tex\latex\gincltex\gincltex.sty
(D:\Users\Mattie432\AppData\Roaming\MiKTeX\2.9\tex\latex\svn-prov\svn-prov.sty
Package: svn-prov 2010/04/24 v3.1862 Package Date/Version from SVN Keywords
)
Package: gincltex 2011/09/04 v0.3 Include external LaTeX files like graphics

(D:\Users\Mattie432\AppData\Roaming\MiKTeX\2.9\tex\latex\adjustbox\adjustbox.st
y
Package: adjustbox 2012/05/21 v1.0 Adjusting TeX boxes (trim, clip, ...)

(D:\Users\Mattie432\AppData\Roaming\MiKTeX\2.9\tex\latex\adjustbox\adjcalc.sty
Package: adjcalc 2012/05/16 v1.1 Provides advanced setlength with multiple back
-ends (calc, etex, pgfmath)
)
(D:\Users\Mattie432\AppData\Roaming\MiKTeX\2.9\tex\latex\adjustbox\trimclip.sty
Package: trimclip 2012/05/16 v1.0 Trim and clip general TeX material
("C:\Program Files (x86)\MiKTeX 2.9\tex\latex\graphics\graphicx.sty"
Package: graphicx 1999/02/16 v1.0f Enhanced LaTeX Graphics (DPC,SPQR)

("C:\Program Files (x86)\MiKTeX 2.9\tex\latex\graphics\graphics.sty"
Package: graphics 2009/02/05 v1.0o Standard LaTeX Graphics (DPC,SPQR)

("C:\Program Files (x86)\MiKTeX 2.9\tex\latex\graphics\trig.sty"
Package: trig 1999/03/16 v1.09 sin cos tan (DPC)
)
("C:\Program Files (x86)\MiKTeX 2.9\tex\latex\00miktex\graphics.cfg"
File: graphics.cfg 2007/01/18 v1.5 graphics configuration of teTeX/TeXLive
)
Package graphics Info: Driver file: pdftex.def on input line 91.

("C:\Program Files (x86)\MiKTeX 2.9\tex\latex\pdftex-def\pdftex.def"
File: pdftex.def 2011/05/27 v0.06d Graphics/color for pdfTeX
\Gread@gobject=\count89
))
\Gin@req@height=\dimen103
\Gin@req@width=\dimen104
)
(D:\Users\Mattie432\AppData\Roaming\MiKTeX\2.9\tex\latex\collectbox\collectbox.
sty
Package: collectbox 2012/05/17 v0.4b Collect macro arguments as boxes
\collectedbox=\box26
)
\tc@llx=\dimen105
\tc@lly=\dimen106
\tc@urx=\dimen107
\tc@ury=\dimen108
Package trimclip Info: Using driver 'tc-pdftex.def'.

(D:\Users\Mattie432\AppData\Roaming\MiKTeX\2.9\tex\latex\adjustbox\tc-pdftex.de
f
File: tc-pdftex.def 2012/05/13 v1.0 Clipping driver for pdftex
))
\adjbox@Width=\dimen109
\adjbox@Height=\dimen110
\adjbox@Depth=\dimen111
\adjbox@Totalheight=\dimen112

(D:\Users\Mattie432\AppData\Roaming\MiKTeX\2.9\tex\latex\ifoddpage\ifoddpage.st
y
Package: ifoddpage 2011/09/13 v1.0 Conditionals for odd/even page detection
\c@checkoddpage=\count90
) ("C:\Program Files (x86)\MiKTeX 2.9\tex\latex\ltxmisc\varwidth.sty"
Package: varwidth 2009/03/30 ver 0.92;  Variable-width minipages
\@vwid@box=\box27
\sift@deathcycles=\count91
\@vwid@loff=\dimen113
\@vwid@roff=\dimen114
))
\gincltex@box=\box28
)
(D:\Users\Mattie432\AppData\Roaming\MiKTeX\2.9\tex\latex\filemod\filemod-expmin
.sty
Package: filemod-expmin 2011/09/19 v1.2 Get and compare file modification times
 (expandable; minimal)
)) ("C:\Program Files (x86)\MiKTeX 2.9\tex\generic\babel\babel.sty"
Package: babel 2008/07/08 v3.8m The Babel package

*************************************
* Local config file bblopts.cfg used
*
("C:\Program Files (x86)\MiKTeX 2.9\tex\latex\00miktex\bblopts.cfg"
File: bblopts.cfg 2006/07/31 v1.0 MiKTeX 'babel' configuration
)
("C:\Program Files (x86)\MiKTeX 2.9\tex\generic\babel\english.ldf"
Language: english 2005/03/30 v3.3o English support from the babel system

("C:\Program Files (x86)\MiKTeX 2.9\tex\generic\babel\babel.def"
File: babel.def 2008/07/08 v3.8m Babel common definitions
\babel@savecnt=\count92
\U@D=\dimen115
)
\l@canadian = a dialect from \language\l@american 
\l@australian = a dialect from \language\l@british 
\l@newzealand = a dialect from \language\l@british 
))
("C:\Program Files (x86)\MiKTeX 2.9\tex\latex\tools\multicol.sty"
Package: multicol 2011/06/27 v1.7a multicolumn formatting (FMi)
\c@tracingmulticols=\count93
\mult@box=\box29
\multicol@leftmargin=\dimen116
\c@unbalance=\count94
\c@collectmore=\count95
\doublecol@number=\count96
\multicoltolerance=\count97
\multicolpretolerance=\count98
\full@width=\dimen117
\page@free=\dimen118
\premulticols=\dimen119
\postmulticols=\dimen120
\multicolsep=\skip43
\multicolbaselineskip=\skip44
\partial@page=\box30
\last@line=\box31
\mult@rightbox=\box32
\mult@grightbox=\box33
\mult@gfirstbox=\box34
\mult@firstbox=\box35
\@tempa=\box36
\@tempa=\box37
\@tempa=\box38
\@tempa=\box39
\@tempa=\box40
\@tempa=\box41
\@tempa=\box42
\@tempa=\box43
\@tempa=\box44
\@tempa=\box45
\@tempa=\box46
\@tempa=\box47
\@tempa=\box48
\@tempa=\box49
\@tempa=\box50
\@tempa=\box51
\@tempa=\box52
\c@columnbadness=\count99
\c@finalcolumnbadness=\count100
\last@try=\dimen121
\multicolovershoot=\dimen122
\multicolundershoot=\dimen123
\mult@nat@firstbox=\box53
\colbreak@box=\box54
\multicol@sort@counter=\count101
)
("C:\Program Files (x86)\MiKTeX 2.9\tex\latex\geometry\geometry.sty"
Package: geometry 2010/09/12 v5.6 Page Geometry

("C:\Program Files (x86)\MiKTeX 2.9\tex\generic\oberdiek\ifvtex.sty"
Package: ifvtex 2010/03/01 v1.5 Detect VTeX and its facilities (HO)
Package ifvtex Info: VTeX not detected.
)
\Gm@cnth=\count102
\Gm@cntv=\count103
\c@Gm@tempcnt=\count104
\Gm@bindingoffset=\dimen124
\Gm@wd@mp=\dimen125
\Gm@odd@mp=\dimen126
\Gm@even@mp=\dimen127
\Gm@layoutwidth=\dimen128
\Gm@layoutheight=\dimen129
\Gm@layouthoffset=\dimen130
\Gm@layoutvoffset=\dimen131
\Gm@dimlist=\toks16

("C:\Program Files (x86)\MiKTeX 2.9\tex\latex\geometry\geometry.cfg"))
(D:\Users\Mattie432\AppData\Roaming\MiKTeX\2.9\tex\latex\enumitem\enumitem.sty
Package: enumitem 2011/09/28 v3.5.2 Customized lists
\enitkv@toks@=\toks17
\labelindent=\skip45
\enit@outerparindent=\dimen132
\enit@toks=\toks18
\enit@inbox=\box55
\enitdp@description=\count105
) (D:\Users\Mattie432\AppData\Roaming\MiKTeX\2.9\tex\latex\ulem\ulem.sty
\UL@box=\box56
\UL@hyphenbox=\box57
\UL@skip=\skip46
\UL@hook=\toks19
\UL@height=\dimen133
\UL@pe=\count106
\UL@pixel=\dimen134
\ULC@box=\box58
Package: ulem 2012/05/18
\ULdepth=\dimen135
)
("C:\Program Files (x86)\MiKTeX 2.9\tex\latex\base\fixltx2e.sty"
Package: fixltx2e 2006/09/13 v1.1m fixes to LaTeX
LaTeX Info: Redefining \em on input line 420.
)
("C:\Program Files (x86)\MiKTeX 2.9\tex\latex\graphics\color.sty"
Package: color 2005/11/14 v1.0j Standard LaTeX Color (DPC)

("C:\Program Files (x86)\MiKTeX 2.9\tex\latex\00miktex\color.cfg"
File: color.cfg 2007/01/18 v1.5 color configuration of teTeX/TeXLive
)
Package color Info: Driver file: pdftex.def on input line 130.
)
("C:\Program Files (x86)\MiKTeX 2.9\tex\latex\hyperref\hyperref.sty"
Package: hyperref 2012/11/06 v6.83m Hypertext links for LaTeX

("C:\Program Files (x86)\MiKTeX 2.9\tex\generic\oberdiek\hobsub-hyperref.sty"
Package: hobsub-hyperref 2012/04/25 v1.12 Bundle oberdiek, subset hyperref (HO)


("C:\Program Files (x86)\MiKTeX 2.9\tex\generic\oberdiek\hobsub-generic.sty"
Package: hobsub-generic 2012/04/25 v1.12 Bundle oberdiek, subset generic (HO)
Package: hobsub 2012/04/25 v1.12 Construct package bundles (HO)
Package hobsub Info: Skipping package `infwarerr' (already loaded).
Package hobsub Info: Skipping package `ltxcmds' (already loaded).
Package hobsub Info: Skipping package `ifluatex' (already loaded).
Package hobsub Info: Skipping package `ifvtex' (already loaded).
Package: intcalc 2007/09/27 v1.1 Expandable calculations with integers (HO)
Package hobsub Info: Skipping package `ifpdf' (already loaded).
Package hobsub Info: Skipping package `etexcmds' (already loaded).
Package hobsub Info: Skipping package `kvsetkeys' (already loaded).
Package: kvdefinekeys 2011/04/07 v1.3 Define keys (HO)
Package: pdftexcmds 2011/11/29 v0.20 Utility functions of pdfTeX for LuaTeX (HO
)
Package pdftexcmds Info: LuaTeX not detected.
Package pdftexcmds Info: \pdf@primitive is available.
Package pdftexcmds Info: \pdf@ifprimitive is available.
Package pdftexcmds Info: \pdfdraftmode found.
Package: pdfescape 2011/11/25 v1.13 Implements pdfTeX's escape features (HO)
Package: bigintcalc 2012/04/08 v1.3 Expandable calculations on big integers (HO
)
Package: bitset 2011/01/30 v1.1 Handle bit-vector datatype (HO)
Package: uniquecounter 2011/01/30 v1.2 Provide unlimited unique counter (HO)
)
Package hobsub Info: Skipping package `hobsub' (already loaded).
Package: letltxmacro 2010/09/02 v1.4 Let assignment for LaTeX macros (HO)
Package: hopatch 2011/06/24 v1.1 Wrapper for package hooks (HO)
Package: xcolor-patch 2011/01/30 xcolor patch
Package: atveryend 2011/06/30 v1.8 Hooks at the very end of document (HO)
Package atveryend Info: \enddocument detected (standard20110627).
Package: atbegshi 2011/10/05 v1.16 At begin shipout hook (HO)
Package: refcount 2011/10/16 v3.4 Data extraction from label references (HO)
Package: hycolor 2011/01/30 v1.7 Color options for hyperref/bookmark (HO)
)
("C:\Program Files (x86)\MiKTeX 2.9\tex\latex\oberdiek\auxhook.sty"
Package: auxhook 2011/03/04 v1.3 Hooks for auxiliary files (HO)
)
\@linkdim=\dimen136
\Hy@linkcounter=\count107
\Hy@pagecounter=\count108

("C:\Program Files (x86)\MiKTeX 2.9\tex\latex\hyperref\pd1enc.def"
File: pd1enc.def 2012/11/06 v6.83m Hyperref: PDFDocEncoding definition (HO)
)
\Hy@SavedSpaceFactor=\count109

("C:\Program Files (x86)\MiKTeX 2.9\tex\latex\00miktex\hyperref.cfg"
File: hyperref.cfg 2002/06/06 v1.2 hyperref configuration of TeXLive
)
Package hyperref Info: Hyper figures OFF on input line 4443.
Package hyperref Info: Link nesting OFF on input line 4448.
Package hyperref Info: Hyper index ON on input line 4451.
Package hyperref Info: Plain pages OFF on input line 4458.
Package hyperref Info: Backreferencing OFF on input line 4463.
Package hyperref Info: Implicit mode ON; LaTeX internals redefined.
Package hyperref Info: Bookmarks ON on input line 4688.
\c@Hy@tempcnt=\count110

(D:\Users\Mattie432\AppData\Roaming\MiKTeX\2.9\tex\latex\url\url.sty
\Urlmuskip=\muskip10
Package: url 2013/09/16  ver 3.4  Verb mode for urls, etc.
)
LaTeX Info: Redefining \url on input line 5041.
\XeTeXLinkMargin=\dimen137
\Fld@menulength=\count111
\Field@Width=\dimen138
\Fld@charsize=\dimen139
Package hyperref Info: Hyper figures OFF on input line 6295.
Package hyperref Info: Link nesting OFF on input line 6300.
Package hyperref Info: Hyper index ON on input line 6303.
Package hyperref Info: backreferencing OFF on input line 6310.
Package hyperref Info: Link coloring OFF on input line 6315.
Package hyperref Info: Link coloring with OCG OFF on input line 6320.
Package hyperref Info: PDF/A mode OFF on input line 6325.
LaTeX Info: Redefining \ref on input line 6365.
LaTeX Info: Redefining \pageref on input line 6369.
\Hy@abspage=\count112
\c@Item=\count113
\c@Hfootnote=\count114
)

Package hyperref Message: Driver (autodetected): hpdftex.

("C:\Program Files (x86)\MiKTeX 2.9\tex\latex\hyperref\hpdftex.def"
File: hpdftex.def 2012/11/06 v6.83m Hyperref driver for pdfTeX
\Fld@listcount=\count115
\c@bookmark@seq@number=\count116

("C:\Program Files (x86)\MiKTeX 2.9\tex\latex\oberdiek\rerunfilecheck.sty"
Package: rerunfilecheck 2011/04/15 v1.7 Rerun checks for auxiliary files (HO)
Package uniquecounter Info: New unique counter `rerunfilecheck' on input line 2
82.
)
\Hy@SectionHShift=\skip47
)
("C:\Program Files (x86)\MiKTeX 2.9\tex\latex\float\float.sty"
Package: float 2001/11/08 v1.3d Float enhancements (AL)
\c@float@type=\count117
\float@exts=\toks20
\float@box=\box59
\@float@everytoks=\toks21
\@floatcapt=\box60
)
(D:\Users\Mattie432\AppData\Roaming\MiKTeX\2.9\tex\latex\was\gensymb.sty
Package: gensymb 2003/07/02 v1.0 (WaS)
)
(D:\Users\Mattie432\AppData\Roaming\MiKTeX\2.9\tex\latex\wrapfig\wrapfig.sty
\wrapoverhang=\dimen140
\WF@size=\dimen141
\c@WF@wrappedlines=\count118
\WF@box=\box61
\WF@everypar=\toks22
Package: wrapfig 2003/01/31  v 3.6
)
("C:\Program Files (x86)\MiKTeX 2.9\tex\latex\tools\longtable.sty"
Package: longtable 2004/02/01 v4.11 Multi-page Table package (DPC)
\LTleft=\skip48
\LTright=\skip49
\LTpre=\skip50
\LTpost=\skip51
\LTchunksize=\count119
\LTcapwidth=\dimen142
\LT@head=\box62
\LT@firsthead=\box63
\LT@foot=\box64
\LT@lastfoot=\box65
\LT@cols=\count120
\LT@rows=\count121
\c@LT@tables=\count122
\c@LT@chunks=\count123
\LT@p@ftn=\toks23
)
(D:\Users\Mattie432\AppData\Roaming\MiKTeX\2.9\tex\latex\xcolor\xcolor.sty
Package: xcolor 2007/01/21 v2.11 LaTeX color extensions (UK)

("C:\Program Files (x86)\MiKTeX 2.9\tex\latex\00miktex\color.cfg"
File: color.cfg 2007/01/18 v1.5 color configuration of teTeX/TeXLive
)
Package xcolor Info: Package option `usenames' ignored on input line 216.
Package xcolor Info: Driver file: pdftex.def on input line 225.
LaTeX Info: Redefining \color on input line 702.
Package xcolor Info: Model `cmy' substituted by `cmy0' on input line 1337.
Package xcolor Info: Model `hsb' substituted by `rgb' on input line 1341.
Package xcolor Info: Model `RGB' extended on input line 1353.
Package xcolor Info: Model `HTML' substituted by `rgb' on input line 1355.
Package xcolor Info: Model `Hsb' substituted by `hsb' on input line 1356.
Package xcolor Info: Model `tHsb' substituted by `hsb' on input line 1357.
Package xcolor Info: Model `HSB' substituted by `hsb' on input line 1358.
Package xcolor Info: Model `Gray' substituted by `gray' on input line 1359.
Package xcolor Info: Model `wave' substituted by `hsb' on input line 1360.

("C:\Program Files (x86)\MiKTeX 2.9\tex\latex\graphics\dvipsnam.def"
File: dvipsnam.def 1999/02/16 v3.0i Driver-dependant file (DPC,SPQR)
))
(D:\Users\Mattie432\AppData\Roaming\MiKTeX\2.9\tex\latex\caption\caption.sty
Package: caption 2013/05/02 v3.3-89 Customizing captions (AR)

(D:\Users\Mattie432\AppData\Roaming\MiKTeX\2.9\tex\latex\caption\caption3.sty
Package: caption3 2013/05/02 v1.6-88 caption3 kernel (AR)
Package caption3 Info: TeX engine: e-TeX on input line 57.
\captionmargin=\dimen143
\captionmargin@=\dimen144
\captionwidth=\dimen145
\caption@tempdima=\dimen146
\caption@indent=\dimen147
\caption@parindent=\dimen148
\caption@hangindent=\dimen149
)
\c@ContinuedFloat=\count124
Package caption Info: float package is loaded.
Package caption Info: hyperref package is loaded.
Package caption Info: longtable package is loaded.

(D:\Users\Mattie432\AppData\Roaming\MiKTeX\2.9\tex\latex\caption\ltcaption.sty
Package: ltcaption 2013/02/03 v1.3-62 longtable captions (AR)
)
Package caption Info: wrapfig package is loaded.
)
(D:\Users\Mattie432\AppData\Roaming\MiKTeX\2.9\tex\latex\caption\subcaption.sty
Package: subcaption 2013/02/03 v1.1-62 Sub-captions (AR)
\c@subfigure=\count125
\c@subtable=\count126
)
(D:\Users\Mattie432\AppData\Roaming\MiKTeX\2.9\tex\latex\pdfpages\pdfpages.sty
Package: pdfpages 2015/04/15 v0.4w Insert pages of external PDF documents (AM)

("C:\Program Files (x86)\MiKTeX 2.9\tex\latex\base\ifthen.sty"
Package: ifthen 2001/05/26 v1.1c Standard LaTeX ifthen package (DPC)
)
("C:\Program Files (x86)\MiKTeX 2.9\tex\latex\tools\calc.sty"
Package: calc 2007/08/22 v4.3 Infix arithmetic (KKT,FJ)
\calc@Acount=\count127
\calc@Bcount=\count128
\calc@Adimen=\dimen150
\calc@Bdimen=\dimen151
\calc@Askip=\skip52
\calc@Bskip=\skip53
LaTeX Info: Redefining \setlength on input line 76.
LaTeX Info: Redefining \addtolength on input line 77.
\calc@Ccount=\count129
\calc@Cskip=\skip54
)
(D:\Users\Mattie432\AppData\Roaming\MiKTeX\2.9\tex\latex\eso-pic\eso-pic.sty
Package: eso-pic 2013/10/06 v2.0d eso-pic (RN)
)
(D:\Users\Mattie432\AppData\Roaming\MiKTeX\2.9\tex\latex\pdfpages\pppdftex.def
File: pppdftex.def 2015/04/15 v0.4w Pdfpages driver for pdfTeX (AM)
)
\AM@pagebox=\box66
\AM@toc@title=\toks24
\c@AM@survey=\count130
\AM@templatesizebox=\box67
) ("C:\Program Files (x86)\MiKTeX 2.9\tex\latex\ltxmisc\parskip.sty"
Package: parskip 2001/04/09 non-zero parskip adjustments
)
(D:\Users\Mattie432\AppData\Roaming\MiKTeX\2.9\tex\latex\supertabular\supertabu
lar.sty
Package: supertabular 2004/02/20 v4.1e the supertabular environment
\c@tracingst=\count131
\ST@wd=\dimen152
\ST@rightskip=\skip55
\ST@leftskip=\skip56
\ST@parfillskip=\skip57
\ST@pageleft=\dimen153
\ST@headht=\dimen154
\ST@tailht=\dimen155
\ST@pagesofar=\dimen156
\ST@pboxht=\dimen157
\ST@lineht=\dimen158
\ST@stretchht=\dimen159
\ST@prevht=\dimen160
\ST@toadd=\dimen161
\ST@dimen=\dimen162
\ST@pbox=\box68
)
(D:\Users\Mattie432\AppData\Roaming\MiKTeX\2.9\tex\latex\booktabs\booktabs.sty
Package: booktabs 2005/04/14 v1.61803 publication quality tables
\heavyrulewidth=\dimen163
\lightrulewidth=\dimen164
\cmidrulewidth=\dimen165
\belowrulesep=\dimen166
\belowbottomsep=\dimen167
\aboverulesep=\dimen168
\abovetopsep=\dimen169
\cmidrulesep=\dimen170
\cmidrulekern=\dimen171
\defaultaddspace=\dimen172
\@cmidla=\count132
\@cmidlb=\count133
\@aboverulesep=\dimen173
\@belowrulesep=\dimen174
\@thisruleclass=\count134
\@lastruleclass=\count135
\@thisrulewidth=\dimen175
) (D:\Users\Mattie432\AppData\Roaming\MiKTeX\2.9\tex\latex\listings\listings.st
y
\lst@mode=\count136
\lst@gtempboxa=\box69
\lst@token=\toks25
\lst@length=\count137
\lst@currlwidth=\dimen176
\lst@column=\count138
\lst@pos=\count139
\lst@lostspace=\dimen177
\lst@width=\dimen178
\lst@newlines=\count140
\lst@lineno=\count141
\lst@maxwidth=\dimen179
(D:\Users\Mattie432\AppData\Roaming\MiKTeX\2.9\tex\latex\listings\lstmisc.sty
File: lstmisc.sty 2014/09/06 1.5e (Carsten Heinz)
\c@lstnumber=\count142
\lst@skipnumbers=\count143
\lst@framebox=\box70
)
(D:\Users\Mattie432\AppData\Roaming\MiKTeX\2.9\tex\latex\listings\listings.cfg
File: listings.cfg 2014/09/06 1.5e listings configuration
))
Package: listings 2014/09/06 1.5e (Carsten Heinz)

(D:\Users\Mattie432\AppData\Roaming\MiKTeX\2.9\tex\latex\listings\lstlang1.sty
File: lstlang1.sty 2014/09/06 1.5e listings language file
) (D:\Users\Mattie432\AppData\Roaming\MiKTeX\2.9\tex\latex\listings\lstmisc.sty
File: lstmisc.sty 2014/09/06 1.5e (Carsten Heinz)
))
(D:\Users\Mattie432\Dropbox\Programming\LaTeX\SoftwareDesignStudy\Appendices\Ap
pendices.aux)
LaTeX Font Info:    Checking defaults for OML/cmm/m/it on input line 6.
LaTeX Font Info:    ... okay on input line 6.
LaTeX Font Info:    Checking defaults for T1/cmr/m/n on input line 6.
LaTeX Font Info:    ... okay on input line 6.
LaTeX Font Info:    Checking defaults for OT1/cmr/m/n on input line 6.
LaTeX Font Info:    ... okay on input line 6.
LaTeX Font Info:    Checking defaults for OMS/cmsy/m/n on input line 6.
LaTeX Font Info:    ... okay on input line 6.
LaTeX Font Info:    Checking defaults for OMX/cmex/m/n on input line 6.
LaTeX Font Info:    ... okay on input line 6.
LaTeX Font Info:    Checking defaults for U/cmr/m/n on input line 6.
LaTeX Font Info:    ... okay on input line 6.
LaTeX Font Info:    Checking defaults for PD1/pdf/m/n on input line 6.
LaTeX Font Info:    ... okay on input line 6.

(D:\Users\Mattie432\AppData\Roaming\MiKTeX\2.9\tex\context\base\supp-pdf.mkii
[Loading MPS to PDF converter (version 2006.09.02).]
\scratchcounter=\count144
\scratchdimen=\dimen180
\scratchbox=\box71
\nofMPsegments=\count145
\nofMParguments=\count146
\everyMPshowfont=\toks26
\MPscratchCnt=\count147
\MPscratchDim=\dimen181
\MPnumerator=\count148
\makeMPintoPDFobject=\count149
\everyMPtoPDFconversion=\toks27
)
*geometry* driver: auto-detecting
*geometry* detected driver: pdftex
*geometry* verbose mode - [ preamble ] result:
* driver: pdftex
* paper: a4paper
* layout: <same size as paper>
* layoutoffset:(h,v)=(0.0pt,0.0pt)
* modes: 
* h-part:(L,W,R)=(89.62709pt, 418.25368pt, 89.6271pt)
* v-part:(T,H,B)=(101.40665pt, 591.5302pt, 152.11pt)
* \paperwidth=597.50787pt
* \paperheight=845.04684pt
* \textwidth=418.25368pt
* \textheight=591.5302pt
* \oddsidemargin=17.3571pt
* \evensidemargin=17.3571pt
* \topmargin=-7.86334pt
* \headheight=12.0pt
* \headsep=25.0pt
* \topskip=10.0pt
* \footskip=30.0pt
* \marginparwidth=65.0pt
* \marginparsep=11.0pt
* \columnsep=10.0pt
* \skip\footins=9.0pt plus 4.0pt minus 2.0pt
* \hoffset=0.0pt
* \voffset=0.0pt
* \mag=1000
* \@twocolumnfalse
* \@twosidefalse
* \@mparswitchfalse
* \@reversemarginfalse
* (1in=72.27pt=25.4mm, 1cm=28.453pt)

\AtBeginShipoutBox=\box72
Package hyperref Info: Link coloring OFF on input line 6.
("C:\Program Files (x86)\MiKTeX 2.9\tex\latex\hyperref\nameref.sty"
Package: nameref 2012/10/27 v2.43 Cross-referencing by name of section

("C:\Program Files (x86)\MiKTeX 2.9\tex\generic\oberdiek\gettitlestring.sty"
Package: gettitlestring 2010/12/03 v1.4 Cleanup title references (HO)
)
\c@section@level=\count150
)
LaTeX Info: Redefining \ref on input line 6.
LaTeX Info: Redefining \pageref on input line 6.
LaTeX Info: Redefining \nameref on input line 6.

(D:\Users\Mattie432\Dropbox\Programming\LaTeX\SoftwareDesignStudy\Appendices\Ap
pendices.out)
(D:\Users\Mattie432\Dropbox\Programming\LaTeX\SoftwareDesignStudy\Appendices\Ap
pendices.out)
\@outlinefile=\write3
LaTeX Info: Redefining \celsius on input line 6.
Package gensymb Info: Faking symbols for \degree and \celsius on input line 6.


Package gensymb Warning: Not defining \perthousand.

LaTeX Info: Redefining \ohm on input line 6.
Package gensymb Info: Using \Omega for \ohm on input line 6.

Package gensymb Warning: Not defining \micro.

Package caption Info: Begin \AtBeginDocument code.
Package caption Info: listings package is loaded.
Package caption Info: supertabular package is loaded.
Package caption Info: End \AtBeginDocument code.
\c@lstlisting=\count151

<Survey/Emergencyapplicationsurvey-GoogleForms.pdf, id=55, 598.235pt x 846.1612
5pt>
File: Survey/Emergencyapplicationsurvey-GoogleForms.pdf Graphic file (type pdf)

 <use Survey/Emergencyapplicationsurvey-GoogleForms.pdf>
Package pdftex.def Info: Survey/Emergencyapplicationsurvey-GoogleForms.pdf used
 on input line 14.
(pdftex.def)             Requested size: 598.23354pt x 846.1592pt.
File: Survey/Emergencyapplicationsurvey-GoogleForms.pdf Graphic file (type pdf)


<use Survey/Emergencyapplicationsurvey-GoogleForms.pdf>
Package pdftex.def Info: Survey/Emergencyapplicationsurvey-GoogleForms.pdf used
 on input line 14.
(pdftex.def)             Requested size: 598.23354pt x 846.1592pt.

<Survey/Emergencyapplicationsurvey-GoogleForms.pdf, id=58, page=1, 598.235pt x 
846.16125pt>
File: Survey/Emergencyapplicationsurvey-GoogleForms.pdf Graphic file (type pdf)

 <use Survey/Emergencyapplicationsurvey-GoogleForms.pdf, page 1>
Package pdftex.def Info: Survey/Emergencyapplicationsurvey-GoogleForms.pdf, pag
e1 used on input line 14.
(pdftex.def)             Requested size: 598.23354pt x 689.10039pt.
File: Survey/Emergencyapplicationsurvey-GoogleForms.pdf Graphic file (type pdf)


<use Survey/Emergencyapplicationsurvey-GoogleForms.pdf, page 1>
Package pdftex.def Info: Survey/Emergencyapplicationsurvey-GoogleForms.pdf, pag
e1 used on input line 14.
(pdftex.def)             Requested size: 538.40652pt x 620.18614pt.
File: Survey/Emergencyapplicationsurvey-GoogleForms.pdf Graphic file (type pdf)


<use Survey/Emergencyapplicationsurvey-GoogleForms.pdf, page 1>
Package pdftex.def Info: Survey/Emergencyapplicationsurvey-GoogleForms.pdf, pag
e1 used on input line 14.
(pdftex.def)             Requested size: 538.40652pt x 620.18614pt.
File: Survey/Emergencyapplicationsurvey-GoogleForms.pdf Graphic file (type pdf)


<use Survey/Emergencyapplicationsurvey-GoogleForms.pdf, page 1>
Package pdftex.def Info: Survey/Emergencyapplicationsurvey-GoogleForms.pdf, pag
e1 used on input line 14.
(pdftex.def)             Requested size: 538.40652pt x 620.18614pt.
File: Survey/Emergencyapplicationsurvey-GoogleForms.pdf Graphic file (type pdf)


<use Survey/Emergencyapplicationsurvey-GoogleForms.pdf, page 1>
Package pdftex.def Info: Survey/Emergencyapplicationsurvey-GoogleForms.pdf, pag
e1 used on input line 17.
(pdftex.def)             Requested size: 538.40652pt x 620.18614pt.
 [1

{D:/Users/Mattie432/AppData/Local/MiKTeX/2.9/pdftex/config/pdftex.map} <D:/User
s/Mattie432/Dropbox/Programming/LaTeX/SoftwareDesignStudy/Appendices/Survey/Eme
rgencyapplicationsurvey-GoogleForms.pdf

pdfTeX warning: pdflatex (file D:/Users/Mattie432/Dropbox/Programming/LaTeX/Sof
twareDesignStudy/Appendices/Survey/Emergencyapplicationsurvey-GoogleForms.pdf):
 PDF inclusion: invalid other resource which is no dict (key 'ProcSets', type <
array>); ignored.
>]
File: Survey/Emergencyapplicationsurvey-GoogleForms.pdf Graphic file (type pdf)

 <use Survey/Emergencyapplicationsurvey-GoogleForms.pdf>
Package pdftex.def Info: Survey/Emergencyapplicationsurvey-GoogleForms.pdf used
 on input line 18.
(pdftex.def)             Requested size: 598.23354pt x 846.1592pt.
File: Survey/Emergencyapplicationsurvey-GoogleForms.pdf Graphic file (type pdf)


<use Survey/Emergencyapplicationsurvey-GoogleForms.pdf>
Package pdftex.def Info: Survey/Emergencyapplicationsurvey-GoogleForms.pdf used
 on input line 18.
(pdftex.def)             Requested size: 598.23354pt x 846.1592pt.

<Survey/Emergencyapplicationsurvey-GoogleForms.pdf, id=95, page=2, 598.235pt x 
846.16125pt>
File: Survey/Emergencyapplicationsurvey-GoogleForms.pdf Graphic file (type pdf)

 <use Survey/Emergencyapplicationsurvey-GoogleForms.pdf, page 2>
Package pdftex.def Info: Survey/Emergencyapplicationsurvey-GoogleForms.pdf, pag
e2 used on input line 18.
(pdftex.def)             Requested size: 598.23354pt x 760.80116pt.
File: Survey/Emergencyapplicationsurvey-GoogleForms.pdf Graphic file (type pdf)


<use Survey/Emergencyapplicationsurvey-GoogleForms.pdf, page 2>
Package pdftex.def Info: Survey/Emergencyapplicationsurvey-GoogleForms.pdf, pag
e2 used on input line 18.
(pdftex.def)             Requested size: 597.7406pt x 760.17427pt.
File: Survey/Emergencyapplicationsurvey-GoogleForms.pdf Graphic file (type pdf)


<use Survey/Emergencyapplicationsurvey-GoogleForms.pdf, page 2>
Package pdftex.def Info: Survey/Emergencyapplicationsurvey-GoogleForms.pdf, pag
e2 used on input line 18.
(pdftex.def)             Requested size: 597.7406pt x 760.17427pt.
File: Survey/Emergencyapplicationsurvey-GoogleForms.pdf Graphic file (type pdf)


<use Survey/Emergencyapplicationsurvey-GoogleForms.pdf, page 2>
Package pdftex.def Info: Survey/Emergencyapplicationsurvey-GoogleForms.pdf, pag
e2 used on input line 18.
(pdftex.def)             Requested size: 597.7406pt x 760.17427pt.
File: Survey/Emergencyapplicationsurvey-GoogleForms.pdf Graphic file (type pdf)


<use Survey/Emergencyapplicationsurvey-GoogleForms.pdf, page 2>
Package pdftex.def Info: Survey/Emergencyapplicationsurvey-GoogleForms.pdf, pag
e2 used on input line 18.
(pdftex.def)             Requested size: 597.7406pt x 760.17427pt.
 [2 <D:/Users/Mattie432/Dropbox/Programming/LaTeX/SoftwareDesignStudy/Appendice
s/Survey/Emergencyapplicationsurvey-GoogleForms.pdf

pdfTeX warning: pdflatex (file D:/Users/Mattie432/Dropbox/Programming/LaTeX/Sof
twareDesignStudy/Appendices/Survey/Emergencyapplicationsurvey-GoogleForms.pdf):
 PDF inclusion: invalid other resource which is no dict (key 'ProcSets', type <
array>); ignored.
>]
<Survey/Emergencyapplicationsurvey-GoogleForms.pdf, id=112, page=3, 598.235pt x
 846.16125pt>
File: Survey/Emergencyapplicationsurvey-GoogleForms.pdf Graphic file (type pdf)

 <use Survey/Emergencyapplicationsurvey-GoogleForms.pdf, page 3>
Package pdftex.def Info: Survey/Emergencyapplicationsurvey-GoogleForms.pdf, pag
e3 used on input line 18.
(pdftex.def)             Requested size: 597.7406pt x 760.17427pt.
File: Survey/Emergencyapplicationsurvey-GoogleForms.pdf Graphic file (type pdf)


<use Survey/Emergencyapplicationsurvey-GoogleForms.pdf, page 3>
Package pdftex.def Info: Survey/Emergencyapplicationsurvey-GoogleForms.pdf, pag
e3 used on input line 18.
(pdftex.def)             Requested size: 597.7406pt x 760.17427pt.
File: Survey/Emergencyapplicationsurvey-GoogleForms.pdf Graphic file (type pdf)


<use Survey/Emergencyapplicationsurvey-GoogleForms.pdf, page 3>
Package pdftex.def Info: Survey/Emergencyapplicationsurvey-GoogleForms.pdf, pag
e3 used on input line 18.
(pdftex.def)             Requested size: 597.7406pt x 760.17427pt.
 [3 <D:/Users/Mattie432/Dropbox/Programming/LaTeX/SoftwareDesignStudy/Appendice
s/Survey/Emergencyapplicationsurvey-GoogleForms.pdf

pdfTeX warning: pdflatex (file D:/Users/Mattie432/Dropbox/Programming/LaTeX/Sof
twareDesignStudy/Appendices/Survey/Emergencyapplicationsurvey-GoogleForms.pdf):
 PDF inclusion: invalid other resource which is no dict (key 'ProcSets', type <
array>); ignored.
>]
<Survey/Emergencyapplicationsurvey-GoogleForms.pdf, id=127, page=4, 598.235pt x
 846.16125pt>
File: Survey/Emergencyapplicationsurvey-GoogleForms.pdf Graphic file (type pdf)

 <use Survey/Emergencyapplicationsurvey-GoogleForms.pdf, page 4>
Package pdftex.def Info: Survey/Emergencyapplicationsurvey-GoogleForms.pdf, pag
e4 used on input line 18.
(pdftex.def)             Requested size: 597.7406pt x 760.17427pt.
File: Survey/Emergencyapplicationsurvey-GoogleForms.pdf Graphic file (type pdf)


<use Survey/Emergencyapplicationsurvey-GoogleForms.pdf, page 4>
Package pdftex.def Info: Survey/Emergencyapplicationsurvey-GoogleForms.pdf, pag
e4 used on input line 18.
(pdftex.def)             Requested size: 597.7406pt x 760.17427pt.
File: Survey/Emergencyapplicationsurvey-GoogleForms.pdf Graphic file (type pdf)


<use Survey/Emergencyapplicationsurvey-GoogleForms.pdf, page 4>
Package pdftex.def Info: Survey/Emergencyapplicationsurvey-GoogleForms.pdf, pag
e4 used on input line 18.
(pdftex.def)             Requested size: 597.7406pt x 760.17427pt.
 [4 <D:/Users/Mattie432/Dropbox/Programming/LaTeX/SoftwareDesignStudy/Appendice
s/Survey/Emergencyapplicationsurvey-GoogleForms.pdf

pdfTeX warning: pdflatex (file D:/Users/Mattie432/Dropbox/Programming/LaTeX/Sof
twareDesignStudy/Appendices/Survey/Emergencyapplicationsurvey-GoogleForms.pdf):
 PDF inclusion: invalid other resource which is no dict (key 'ProcSets', type <
array>); ignored.
>] <"VideoStream/1".png, id=140, 453.19313pt x 502.87875pt>
File: "VideoStream/1".png Graphic file (type png)

<use "VideoStream/1".png>
Package pdftex.def Info: "VideoStream/1".png used on input line 27.
(pdftex.def)             Requested size: 376.42575pt x 417.69618pt.
 [5 <D:/Users/Mattie432/Dropbox/Programming/LaTeX/SoftwareDesignStudy/Appendice
s/VideoStream/1.png>]
<"VideoStream/2".png, id=150, 1131.22626pt x 976.64874pt>
File: "VideoStream/2".png Graphic file (type png)

<use "VideoStream/2".png>
Package pdftex.def Info: "VideoStream/2".png used on input line 35.
(pdftex.def)             Requested size: 376.42575pt x 324.97752pt.
 [6

 <D:/Users/Mattie432/Dropbox/Programming/LaTeX/SoftwareDesignStudy/Appendices/V
ideoStream/2.png>]
<"VideoStream/3".png, id=157, 944.52875pt x 745.78625pt>
File: "VideoStream/3".png Graphic file (type png)

<use "VideoStream/3".png>
Package pdftex.def Info: "VideoStream/3".png used on input line 43.
(pdftex.def)             Requested size: 376.42575pt x 297.22813pt.
 [7

 <D:/Users/Mattie432/Dropbox/Programming/LaTeX/SoftwareDesignStudy/Appendices/V
ideoStream/3.png>]
<"VideoStream/4".png, id=165, 430.60875pt x 811.03pt>
File: "VideoStream/4".png Graphic file (type png)

<use "VideoStream/4".png>
Package pdftex.def Info: "VideoStream/4".png used on input line 54.
(pdftex.def)             Requested size: 188.21286pt x 354.49062pt.
LaTeX Font Info:    External font `cmex10' loaded for size
(Font)              <7> on input line 57.
LaTeX Font Info:    External font `cmex10' loaded for size
(Font)              <5> on input line 57.

<"VideoStream/5".png, id=166, 430.60875pt x 811.03pt>
File: "VideoStream/5".png Graphic file (type png)

<use "VideoStream/5".png>
Package pdftex.def Info: "VideoStream/5".png used on input line 60.
(pdftex.def)             Requested size: 188.21286pt x 354.49062pt.
 [8 <D:/Users/Mattie432/Dropbox/Programming/LaTeX/SoftwareDesignStudy/Appendice
s/VideoStream/4.png> <D:/Users/Mattie432/Dropbox/Programming/LaTeX/SoftwareDesi
gnStudy/Appendices/VideoStream/5.png>]
<"VideoStream/6".png, id=174, 430.60875pt x 811.03pt>
File: "VideoStream/6".png Graphic file (type png)

<use "VideoStream/6".png>
Package pdftex.def Info: "VideoStream/6".png used on input line 73.
(pdftex.def)             Requested size: 188.21286pt x 354.49062pt.

<"VideoStream/7".png, id=175, 430.60875pt x 811.03pt>
File: "VideoStream/7".png Graphic file (type png)

<use "VideoStream/7".png>
Package pdftex.def Info: "VideoStream/7".png used on input line 79.
(pdftex.def)             Requested size: 188.21286pt x 354.49062pt.

<"VideoStream/8".png, id=176, 832.10875pt x 552.0625pt>
File: "VideoStream/8".png Graphic file (type png)

<use "VideoStream/8".png>
Package pdftex.def Info: "VideoStream/8".png used on input line 88.
(pdftex.def)             Requested size: 376.42575pt x 249.73993pt.


LaTeX Warning: `h' float specifier changed to `ht'.

<"VideoStream/9".png, id=177, 803.0pt x 552.0625pt>
File: "VideoStream/9".png Graphic file (type png)
 <use "VideoStream/9".png>
Package pdftex.def Info: "VideoStream/9".png used on input line 95.
(pdftex.def)             Requested size: 376.42575pt x 258.7955pt.


LaTeX Warning: `h' float specifier changed to `ht'.

[9 <D:/Users/Mattie432/Dropbox/Programming/LaTeX/SoftwareDesignStudy/Appendices
/VideoStream/6.png> <D:/Users/Mattie432/Dropbox/Programming/LaTeX/SoftwareDesig
nStudy/Appendices/VideoStream/7.png>] [10 <D:/Users/Mattie432/Dropbox/Programmi
ng/LaTeX/SoftwareDesignStudy/Appendices/VideoStream/8.png> <D:/Users/Mattie432/
Dropbox/Programming/LaTeX/SoftwareDesignStudy/Appendices/VideoStream/9.png>]
<"VideoStream/10".png, id=193, 803.0pt x 552.0625pt>
File: "VideoStream/10".png Graphic file (type png)

<use "VideoStream/10".png>
Package pdftex.def Info: "VideoStream/10".png used on input line 102.
(pdftex.def)             Requested size: 376.42575pt x 258.7955pt.
 [11



 <D:/Users/Mattie432/Dropbox/Programming/LaTeX/SoftwareDesignStudy/Appendices/V
ideoStream/10.png>]
<"VideoStream/11".png, id=200, 416.30531pt x 438.13687pt>
File: "VideoStream/11".png Graphic file (type png)

<use "VideoStream/11".png>
Package pdftex.def Info: "VideoStream/11".png used on input line 112.
(pdftex.def)             Requested size: 376.42575pt x 396.18475pt.
 [12

 <D:/Users/Mattie432/Dropbox/Programming/LaTeX/SoftwareDesignStudy/Appendices/V
ideoStream/11.png>]
<"VideoStream/12".png, id=207, 439.6425pt x 472.01344pt>
File: "VideoStream/12".png Graphic file (type png)

<use "VideoStream/12".png>
Package pdftex.def Info: "VideoStream/12".png used on input line 121.
(pdftex.def)             Requested size: 376.42575pt x 404.15187pt.
 [13

 <D:/Users/Mattie432/Dropbox/Programming/LaTeX/SoftwareDesignStudy/Appendices/V
ideoStream/12.png>]
<"VideoStream/13".png, id=215, 426.84468pt x 455.45157pt>
File: "VideoStream/13".png Graphic file (type png)

<use "VideoStream/13".png>
Package pdftex.def Info: "VideoStream/13".png used on input line 130.
(pdftex.def)             Requested size: 376.42575pt x 401.68121pt.
 [14

 <D:/Users/Mattie432/Dropbox/Programming/LaTeX/SoftwareDesignStudy/Appendices/V
ideoStream/13.png>]
<"VideoStream/14".png, id=222, 454.69875pt x 474.27188pt>
File: "VideoStream/14".png Graphic file (type png)

<use "VideoStream/14".png>
Package pdftex.def Info: "VideoStream/14".png used on input line 139.
(pdftex.def)             Requested size: 376.42575pt x 392.6324pt.
 [15

 <D:/Users/Mattie432/Dropbox/Programming/LaTeX/SoftwareDesignStudy/Appendices/V
ideoStream/14.png>]
<"VideoStream/15".png, id=229, 246.1697pt x 459.21562pt>
File: "VideoStream/15".png Graphic file (type png)

<use "VideoStream/15".png>
Package pdftex.def Info: "VideoStream/15".png used on input line 148.
(pdftex.def)             Requested size: 250.95476pt x 468.16249pt.


LaTeX Warning: `h' float specifier changed to `ht'.

[16 <D:/Users/Mattie432/Dropbox/Programming/LaTeX/SoftwareDesignStudy/Appendice
s/VideoStream/15.png>]
<"VideoStream/16".png, id=236, 231.11343pt x 440.39531pt>
File: "VideoStream/16".png Graphic file (type png)

<use "VideoStream/16".png>
Package pdftex.def Info: "VideoStream/16".png used on input line 157.
(pdftex.def)             Requested size: 250.95476pt x 478.207pt.


LaTeX Warning: `h' float specifier changed to `ht'.

[17 <D:/Users/Mattie432/Dropbox/Programming/LaTeX/SoftwareDesignStudy/Appendice
s/VideoStream/16.png>]
<"VideoStream/17".png, id=243, 432.86719pt x 292.84406pt>
File: "VideoStream/17".png Graphic file (type png)

<use "VideoStream/17".png>
Package pdftex.def Info: "VideoStream/17".png used on input line 168.
(pdftex.def)             Requested size: 376.42575pt x 254.6695pt.

<"VideoStream/18".png, id=244, 414.79968pt x 282.30469pt>
File: "VideoStream/18".png Graphic file (type png)

<use "VideoStream/18".png>
Package pdftex.def Info: "VideoStream/18".png used on input line 180.
(pdftex.def)             Requested size: 334.60422pt x 227.73077pt.
 [18



 <D:/Users/Mattie432/Dropbox/Programming/LaTeX/SoftwareDesignStudy/Appendices/V
ideoStream/17.png> <D:/Users/Mattie432/Dropbox/Programming/LaTeX/SoftwareDesign
Study/Appendices/VideoStream/18.png>]
<"VideoStream/19".png, id=253, 414.79968pt x 280.79906pt>
File: "VideoStream/19".png Graphic file (type png)

<use "VideoStream/19".png>
Package pdftex.def Info: "VideoStream/19".png used on input line 191.
(pdftex.def)             Requested size: 334.60422pt x 226.51622pt.

<"VideoStream/20".png, id=254, 417.81094pt x 282.30469pt>
File: "VideoStream/20".png Graphic file (type png)

<use "VideoStream/20".png>
Package pdftex.def Info: "VideoStream/20".png used on input line 202.
(pdftex.def)             Requested size: 334.60422pt x 226.09819pt.
 [19

 <D:/Users/Mattie432/Dropbox/Programming/LaTeX/SoftwareDesignStudy/Appendices/V
ideoStream/19.png> <D:/Users/Mattie432/Dropbox/Programming/LaTeX/SoftwareDesign
Study/Appendices/VideoStream/20.png>]
<"VideoStream/21".png, id=264, 411.03563pt x 278.54062pt>
File: "VideoStream/21".png Graphic file (type png)

<use "VideoStream/21".png>
Package pdftex.def Info: "VideoStream/21".png used on input line 216.
(pdftex.def)             Requested size: 334.60422pt x 226.74721pt.

<"VideoStream/22".png, id=265, 408.02437pt x 276.28218pt>
File: "VideoStream/22".png Graphic file (type png)

<use "VideoStream/22".png>
Package pdftex.def Info: "VideoStream/22".png used on input line 227.
(pdftex.def)             Requested size: 334.60422pt x 226.57814pt.
 [20

 <D:/Users/Mattie432/Dropbox/Programming/LaTeX/SoftwareDesignStudy/Appendices/V
ideoStream/21.png> <D:/Users/Mattie432/Dropbox/Programming/LaTeX/SoftwareDesign
Study/Appendices/VideoStream/22.png>]
<"Chat/1".png, id=274, 228.855pt x 433.62pt>
File: "Chat/1".png Graphic file (type png)
 <use "Chat/1".png>
Package pdftex.def Info: "Chat/1".png used on input line 247.
(pdftex.def)             Requested size: 209.12683pt x 396.25555pt.
 [21

 <D:/Users/Mattie432/Dropbox/Programming/LaTeX/SoftwareDesignStudy/Appendices/C
hat/1.png>]
<"Chat/2".png, id=281, 212.29312pt x 402.00188pt>
File: "Chat/2".png Graphic file (type png)
 <use "Chat/2".png>
Package pdftex.def Info: "Chat/2".png used on input line 255.
(pdftex.def)             Requested size: 250.95476pt x 475.23526pt.


LaTeX Warning: `h' float specifier changed to `ht'.

[22 <D:/Users/Mattie432/Dropbox/Programming/LaTeX/SoftwareDesignStudy/Appendice
s/Chat/2.png>] <"Chat/3".png, id=288, 387.69844pt x 262.73157pt>
File: "Chat/3".png Graphic file (type png)

<use "Chat/3".png>
Package pdftex.def Info: "Chat/3".png used on input line 264.
(pdftex.def)             Requested size: 334.60422pt x 226.75453pt.
 <"Chat/4".png, id=289, 376.40625pt x 255.20343pt>
File: "Chat/4".png Graphic file (type png)

<use "Chat/4".png>
Package pdftex.def Info: "Chat/4".png used on input line 272.
(pdftex.def)             Requested size: 334.60422pt x 226.87721pt.
 [23


 <D:/Users/Mattie432/Dropbox/Programming/LaTeX/SoftwareDesignStudy/Appendices/C
hat/3.png> <D:/Users/Mattie432/Dropbox/Programming/LaTeX/SoftwareDesignStudy/Ap
pendices/Chat/4.png>]
<"Chat/5".png, id=298, 386.94562pt x 260.47313pt>
File: "Chat/5".png Graphic file (type png)
 <use "Chat/5".png>
Package pdftex.def Info: "Chat/5".png used on input line 282.
(pdftex.def)             Requested size: 334.60422pt x 225.24255pt.

<"Chat/6".png, id=299, 387.69844pt x 261.22594pt>
File: "Chat/6".png Graphic file (type png)
 <use "Chat/6".png>
Package pdftex.def Info: "Chat/6".png used on input line 289.
(pdftex.def)             Requested size: 334.60422pt x 225.45508pt.
 [24

 <D:/Users/Mattie432/Dropbox/Programming/LaTeX/SoftwareDesignStudy/Appendices/C
hat/5.png> <D:/Users/Mattie432/Dropbox/Programming/LaTeX/SoftwareDesignStudy/Ap
pendices/Chat/6.png>] <"Chat/7".png, id=308, 213.79875pt x 408.77719pt>
File: "Chat/7".png Graphic file (type png)

<use "Chat/7".png>
Package pdftex.def Info: "Chat/7".png used on input line 303.
(pdftex.def)             Requested size: 188.21286pt x 359.85602pt.
 <"Chat/8".png, id=309, 210.03468pt x 397.485pt>
File: "Chat/8".png Graphic file (type png)

<use "Chat/8".png>
Package pdftex.def Info: "Chat/8".png used on input line 309.
(pdftex.def)             Requested size: 188.21286pt x 356.19264pt.
 [25

 <D:/Users/Mattie432/Dropbox/Programming/LaTeX/SoftwareDesignStudy/Appendices/C
hat/7.png> <D:/Users/Mattie432/Dropbox/Programming/LaTeX/SoftwareDesignStudy/Ap
pendices/Chat/8.png>]
<"Chat/9".png, id=318, 208.52907pt x 393.72093pt>
File: "Chat/9".png Graphic file (type png)
 <use "Chat/9".png>
Package pdftex.def Info: "Chat/9".png used on input line 322.
(pdftex.def)             Requested size: 188.21286pt x 355.37889pt.

<"Chat/10".png, id=319, 222.8325pt x 408.02437pt>
File: "Chat/10".png Graphic file (type png)
 <use "Chat/10".png>
Package pdftex.def Info: "Chat/10".png used on input line 328.
(pdftex.def)             Requested size: 188.21286pt x 344.63705pt.
 [26 <D:/Users/Mattie432/Dropbox/Programming/LaTeX/SoftwareDesignStudy/Appendic
es/Chat/9.png> <D:/Users/Mattie432/Dropbox/Programming/LaTeX/SoftwareDesignStud
y/Appendices/Chat/10.png>] <"Auto/1".png, id=327, 587.19376pt x 173.89969pt>
File: "Auto/1".png Graphic file (type png)

<use "Auto/1".png>
Package pdftex.def Info: "Auto/1".png used on input line 351.
(pdftex.def)             Requested size: 418.25368pt x 123.86765pt.
 <"Auto/2".png, id=328, 591.71063pt x 236.38312pt>
File: "Auto/2".png Graphic file (type png)

<use "Auto/2".png>
Package pdftex.def Info: "Auto/2".png used on input line 361.
(pdftex.def)             Requested size: 418.25368pt x 167.09377pt.
 [27


 <D:/Users/Mattie432/Dropbox/Programming/LaTeX/SoftwareDesignStudy/Appendices/A
uto/1.png> <D:/Users/Mattie432/Dropbox/Programming/LaTeX/SoftwareDesignStudy/Ap
pendices/Auto/2.png>]
<"Auto/3".png, id=337, 229.60782pt x 431.36156pt>
File: "Auto/3".png Graphic file (type png)
 <use "Auto/3".png>
Package pdftex.def Info: "Auto/3".png used on input line 372.
(pdftex.def)             Requested size: 250.95476pt x 471.49118pt.


LaTeX Warning: `h' float specifier changed to `ht'.

[28 <D:/Users/Mattie432/Dropbox/Programming/LaTeX/SoftwareDesignStudy/Appendice
s/Auto/3.png>] <"Auto/4".png, id=344, 377.91188pt x 256.70906pt>
File: "Auto/4".png Graphic file (type png)

<use "Auto/4".png>
Package pdftex.def Info: "Auto/4".png used on input line 381.
(pdftex.def)             Requested size: 334.60422pt x 227.29129pt.
 <"Auto/5".png, id=345, 382.42876pt x 258.21469pt>
File: "Auto/5".png Graphic file (type png)

<use "Auto/5".png>
Package pdftex.def Info: "Auto/5".png used on input line 390.
(pdftex.def)             Requested size: 334.60422pt x 225.93335pt.
 [29


 <D:/Users/Mattie432/Dropbox/Programming/LaTeX/SoftwareDesignStudy/Appendices/A
uto/4.png> <D:/Users/Mattie432/Dropbox/Programming/LaTeX/SoftwareDesignStudy/Ap
pendices/Auto/5.png>]
<API/EmergencyClient.pdf, id=354, 598.235pt x 846.16125pt>
File: API/EmergencyClient.pdf Graphic file (type pdf)

<use API/EmergencyClient.pdf>
Package pdftex.def Info: API/EmergencyClient.pdf used on input line 402.
(pdftex.def)             Requested size: 598.23354pt x 846.1592pt.
File: API/EmergencyClient.pdf Graphic file (type pdf)
 <use API/EmergencyClient.pdf>
Package pdftex.def Info: API/EmergencyClient.pdf used on input line 402.
(pdftex.def)             Requested size: 598.23354pt x 846.1592pt.

<API/EmergencyClient.pdf, id=357, page=1, 598.235pt x 846.16125pt>
File: API/EmergencyClient.pdf Graphic file (type pdf)

<use API/EmergencyClient.pdf, page 1>
Package pdftex.def Info: API/EmergencyClient.pdf, page1 used on input line 402.

(pdftex.def)             Requested size: 598.23354pt x 846.1592pt.
File: API/EmergencyClient.pdf Graphic file (type pdf)
 <use API/EmergencyClient.pdf, page 1>
Package pdftex.def Info: API/EmergencyClient.pdf, page1 used on input line 402.

(pdftex.def)             Requested size: 597.55803pt x 845.20375pt.
File: API/EmergencyClient.pdf Graphic file (type pdf)

<use API/EmergencyClient.pdf, page 1>
Package pdftex.def Info: API/EmergencyClient.pdf, page1 used on input line 402.

(pdftex.def)             Requested size: 597.55803pt x 845.20375pt.
File: API/EmergencyClient.pdf Graphic file (type pdf)
 <use API/EmergencyClient.pdf, page 1>
Package pdftex.def Info: API/EmergencyClient.pdf, page1 used on input line 402.

(pdftex.def)             Requested size: 597.55803pt x 845.20375pt.
File: API/EmergencyClient.pdf Graphic file (type pdf)

<use API/EmergencyClient.pdf, page 1>
Package pdftex.def Info: API/EmergencyClient.pdf, page1 used on input line 405.

(pdftex.def)             Requested size: 597.55803pt x 845.20375pt.
 [30

 <D:/Users/Mattie432/Dropbox/Programming/LaTeX/SoftwareDesignStudy/Appendices/A
PI/EmergencyClient.pdf

pdfTeX warning: pdflatex (file D:/Users/Mattie432/Dropbox/Programming/LaTeX/Sof
twareDesignStudy/Appendices/API/EmergencyClient.pdf): PDF inclusion: invalid ot
her resource which is no dict (key 'ProcSets', type <array>); ignored.
>]
File: API/EmergencyClient.pdf Graphic file (type pdf)
 <use API/EmergencyClient.pdf>
Package pdftex.def Info: API/EmergencyClient.pdf used on input line 406.
(pdftex.def)             Requested size: 598.23354pt x 846.1592pt.
File: API/EmergencyClient.pdf Graphic file (type pdf)
 <use API/EmergencyClient.pdf>
Package pdftex.def Info: API/EmergencyClient.pdf used on input line 406.
(pdftex.def)             Requested size: 598.23354pt x 846.1592pt.

<API/EmergencyClient.pdf, id=668, page=2, 598.235pt x 846.16125pt>
File: API/EmergencyClient.pdf Graphic file (type pdf)

<use API/EmergencyClient.pdf, page 2>
Package pdftex.def Info: API/EmergencyClient.pdf, page2 used on input line 406.

(pdftex.def)             Requested size: 598.23354pt x 789.25385pt.
File: API/EmergencyClient.pdf Graphic file (type pdf)
 <use API/EmergencyClient.pdf, page 2>
Package pdftex.def Info: API/EmergencyClient.pdf, page2 used on input line 406.

(pdftex.def)             Requested size: 597.7406pt x 788.60352pt.
File: API/EmergencyClient.pdf Graphic file (type pdf)

<use API/EmergencyClient.pdf, page 2>
Package pdftex.def Info: API/EmergencyClient.pdf, page2 used on input line 406.

(pdftex.def)             Requested size: 597.7406pt x 788.60352pt.
File: API/EmergencyClient.pdf Graphic file (type pdf)
 <use API/EmergencyClient.pdf, page 2>
Package pdftex.def Info: API/EmergencyClient.pdf, page2 used on input line 406.

(pdftex.def)             Requested size: 597.7406pt x 788.60352pt.
File: API/EmergencyClient.pdf Graphic file (type pdf)

<use API/EmergencyClient.pdf, page 2>
Package pdftex.def Info: API/EmergencyClient.pdf, page2 used on input line 406.

(pdftex.def)             Requested size: 597.7406pt x 788.60352pt.
 [31 <D:/Users/Mattie432/Dropbox/Programming/LaTeX/SoftwareDesignStudy/Appendic
es/API/EmergencyClient.pdf

pdfTeX warning: pdflatex (file D:/Users/Mattie432/Dropbox/Programming/LaTeX/Sof
twareDesignStudy/Appendices/API/EmergencyClient.pdf): PDF inclusion: invalid ot
her resource which is no dict (key 'ProcSets', type <array>); ignored.
>] <API/EmergencyClient.pdf, id=683, page=3, 598.235pt x 846.16125pt>
File: API/EmergencyClient.pdf Graphic file (type pdf)

<use API/EmergencyClient.pdf, page 3>
Package pdftex.def Info: API/EmergencyClient.pdf, page3 used on input line 406.

(pdftex.def)             Requested size: 597.7406pt x 788.60352pt.
File: API/EmergencyClient.pdf Graphic file (type pdf)
 <use API/EmergencyClient.pdf, page 3>
Package pdftex.def Info: API/EmergencyClient.pdf, page3 used on input line 406.

(pdftex.def)             Requested size: 597.7406pt x 788.60352pt.
File: API/EmergencyClient.pdf Graphic file (type pdf)

<use API/EmergencyClient.pdf, page 3>
Package pdftex.def Info: API/EmergencyClient.pdf, page3 used on input line 406.

(pdftex.def)             Requested size: 597.7406pt x 788.60352pt.
 [32 <D:/Users/Mattie432/Dropbox/Programming/LaTeX/SoftwareDesignStudy/Appendic
es/API/EmergencyClient.pdf

pdfTeX warning: pdflatex (file D:/Users/Mattie432/Dropbox/Programming/LaTeX/Sof
twareDesignStudy/Appendices/API/EmergencyClient.pdf): PDF inclusion: invalid ot
her resource which is no dict (key 'ProcSets', type <array>); ignored.
>] <API/EmergencyClient.pdf, id=697, page=4, 598.235pt x 846.16125pt>
File: API/EmergencyClient.pdf Graphic file (type pdf)

<use API/EmergencyClient.pdf, page 4>
Package pdftex.def Info: API/EmergencyClient.pdf, page4 used on input line 406.

(pdftex.def)             Requested size: 597.7406pt x 788.60352pt.
File: API/EmergencyClient.pdf Graphic file (type pdf)
 <use API/EmergencyClient.pdf, page 4>
Package pdftex.def Info: API/EmergencyClient.pdf, page4 used on input line 406.

(pdftex.def)             Requested size: 597.7406pt x 788.60352pt.
File: API/EmergencyClient.pdf Graphic file (type pdf)

<use API/EmergencyClient.pdf, page 4>
Package pdftex.def Info: API/EmergencyClient.pdf, page4 used on input line 406.

(pdftex.def)             Requested size: 597.7406pt x 788.60352pt.
 [33 <D:/Users/Mattie432/Dropbox/Programming/LaTeX/SoftwareDesignStudy/Appendic
es/API/EmergencyClient.pdf

pdfTeX warning: pdflatex (file D:/Users/Mattie432/Dropbox/Programming/LaTeX/Sof
twareDesignStudy/Appendices/API/EmergencyClient.pdf): PDF inclusion: invalid ot
her resource which is no dict (key 'ProcSets', type <array>); ignored.
>] <API/EmergencyClient.pdf, id=710, page=5, 598.235pt x 846.16125pt>
File: API/EmergencyClient.pdf Graphic file (type pdf)

<use API/EmergencyClient.pdf, page 5>
Package pdftex.def Info: API/EmergencyClient.pdf, page5 used on input line 406.

(pdftex.def)             Requested size: 597.7406pt x 788.60352pt.
File: API/EmergencyClient.pdf Graphic file (type pdf)
 <use API/EmergencyClient.pdf, page 5>
Package pdftex.def Info: API/EmergencyClient.pdf, page5 used on input line 406.

(pdftex.def)             Requested size: 597.7406pt x 788.60352pt.
File: API/EmergencyClient.pdf Graphic file (type pdf)

<use API/EmergencyClient.pdf, page 5>
Package pdftex.def Info: API/EmergencyClient.pdf, page5 used on input line 406.

(pdftex.def)             Requested size: 597.7406pt x 788.60352pt.
 [34 <D:/Users/Mattie432/Dropbox/Programming/LaTeX/SoftwareDesignStudy/Appendic
es/API/EmergencyClient.pdf

pdfTeX warning: pdflatex (file D:/Users/Mattie432/Dropbox/Programming/LaTeX/Sof
twareDesignStudy/Appendices/API/EmergencyClient.pdf): PDF inclusion: invalid ot
her resource which is no dict (key 'ProcSets', type <array>); ignored.
>] <API/EmergencyClient.pdf, id=722, page=6, 598.235pt x 846.16125pt>
File: API/EmergencyClient.pdf Graphic file (type pdf)

<use API/EmergencyClient.pdf, page 6>
Package pdftex.def Info: API/EmergencyClient.pdf, page6 used on input line 406.

(pdftex.def)             Requested size: 597.7406pt x 788.60352pt.
File: API/EmergencyClient.pdf Graphic file (type pdf)
 <use API/EmergencyClient.pdf, page 6>
Package pdftex.def Info: API/EmergencyClient.pdf, page6 used on input line 406.

(pdftex.def)             Requested size: 597.7406pt x 788.60352pt.
File: API/EmergencyClient.pdf Graphic file (type pdf)

<use API/EmergencyClient.pdf, page 6>
Package pdftex.def Info: API/EmergencyClient.pdf, page6 used on input line 406.

(pdftex.def)             Requested size: 597.7406pt x 788.60352pt.
 [35 <D:/Users/Mattie432/Dropbox/Programming/LaTeX/SoftwareDesignStudy/Appendic
es/API/EmergencyClient.pdf

pdfTeX warning: pdflatex (file D:/Users/Mattie432/Dropbox/Programming/LaTeX/Sof
twareDesignStudy/Appendices/API/EmergencyClient.pdf): PDF inclusion: invalid ot
her resource which is no dict (key 'ProcSets', type <array>); ignored.
>] <API/EmergencyServer.pdf, id=736, 598.235pt x 846.16125pt>
File: API/EmergencyServer.pdf Graphic file (type pdf)

<use API/EmergencyServer.pdf>
Package pdftex.def Info: API/EmergencyServer.pdf used on input line 407.
(pdftex.def)             Requested size: 598.23354pt x 846.1592pt.
File: API/EmergencyServer.pdf Graphic file (type pdf)
 <use API/EmergencyServer.pdf>
Package pdftex.def Info: API/EmergencyServer.pdf used on input line 407.
(pdftex.def)             Requested size: 598.23354pt x 846.1592pt.

<API/EmergencyServer.pdf, id=739, page=1, 598.235pt x 846.16125pt>
File: API/EmergencyServer.pdf Graphic file (type pdf)

<use API/EmergencyServer.pdf, page 1>
Package pdftex.def Info: API/EmergencyServer.pdf, page1 used on input line 407.

(pdftex.def)             Requested size: 598.23354pt x 789.25385pt.
File: API/EmergencyServer.pdf Graphic file (type pdf)
 <use API/EmergencyServer.pdf, page 1>
Package pdftex.def Info: API/EmergencyServer.pdf, page1 used on input line 407.

(pdftex.def)             Requested size: 597.7406pt x 788.60352pt.
File: API/EmergencyServer.pdf Graphic file (type pdf)

<use API/EmergencyServer.pdf, page 1>
Package pdftex.def Info: API/EmergencyServer.pdf, page1 used on input line 407.

(pdftex.def)             Requested size: 597.7406pt x 788.60352pt.
File: API/EmergencyServer.pdf Graphic file (type pdf)
 <use API/EmergencyServer.pdf, page 1>
Package pdftex.def Info: API/EmergencyServer.pdf, page1 used on input line 407.

(pdftex.def)             Requested size: 597.7406pt x 788.60352pt.
File: API/EmergencyServer.pdf Graphic file (type pdf)

<use API/EmergencyServer.pdf, page 1>
Package pdftex.def Info: API/EmergencyServer.pdf, page1 used on input line 407.

(pdftex.def)             Requested size: 597.7406pt x 788.60352pt.
 [36 <D:/Users/Mattie432/Dropbox/Programming/LaTeX/SoftwareDesignStudy/Appendic
es/API/EmergencyServer.pdf

pdfTeX warning: pdflatex (file D:/Users/Mattie432/Dropbox/Programming/LaTeX/Sof
twareDesignStudy/Appendices/API/EmergencyServer.pdf): PDF inclusion: invalid ot
her resource which is no dict (key 'ProcSets', type <array>); ignored.
>] <API/EmergencyServer.pdf, id=1053, page=2, 598.235pt x 846.16125pt>
File: API/EmergencyServer.pdf Graphic file (type pdf)

<use API/EmergencyServer.pdf, page 2>
Package pdftex.def Info: API/EmergencyServer.pdf, page2 used on input line 407.

(pdftex.def)             Requested size: 597.7406pt x 788.60352pt.
File: API/EmergencyServer.pdf Graphic file (type pdf)
 <use API/EmergencyServer.pdf, page 2>
Package pdftex.def Info: API/EmergencyServer.pdf, page2 used on input line 407.

(pdftex.def)             Requested size: 597.7406pt x 788.60352pt.
File: API/EmergencyServer.pdf Graphic file (type pdf)

<use API/EmergencyServer.pdf, page 2>
Package pdftex.def Info: API/EmergencyServer.pdf, page2 used on input line 407.

(pdftex.def)             Requested size: 597.7406pt x 788.60352pt.
 [37 <D:/Users/Mattie432/Dropbox/Programming/LaTeX/SoftwareDesignStudy/Appendic
es/API/EmergencyServer.pdf

pdfTeX warning: pdflatex (file D:/Users/Mattie432/Dropbox/Programming/LaTeX/Sof
twareDesignStudy/Appendices/API/EmergencyServer.pdf): PDF inclusion: invalid ot
her resource which is no dict (key 'ProcSets', type <array>); ignored.
>] <API/EmergencyServer.pdf, id=1066, page=3, 598.235pt x 846.16125pt>
File: API/EmergencyServer.pdf Graphic file (type pdf)

<use API/EmergencyServer.pdf, page 3>
Package pdftex.def Info: API/EmergencyServer.pdf, page3 used on input line 407.

(pdftex.def)             Requested size: 597.7406pt x 788.60352pt.
File: API/EmergencyServer.pdf Graphic file (type pdf)
 <use API/EmergencyServer.pdf, page 3>
Package pdftex.def Info: API/EmergencyServer.pdf, page3 used on input line 407.

(pdftex.def)             Requested size: 597.7406pt x 788.60352pt.
File: API/EmergencyServer.pdf Graphic file (type pdf)

<use API/EmergencyServer.pdf, page 3>
Package pdftex.def Info: API/EmergencyServer.pdf, page3 used on input line 407.

(pdftex.def)             Requested size: 597.7406pt x 788.60352pt.
 [38 <D:/Users/Mattie432/Dropbox/Programming/LaTeX/SoftwareDesignStudy/Appendic
es/API/EmergencyServer.pdf

pdfTeX warning: pdflatex (file D:/Users/Mattie432/Dropbox/Programming/LaTeX/Sof
twareDesignStudy/Appendices/API/EmergencyServer.pdf): PDF inclusion: invalid ot
her resource which is no dict (key 'ProcSets', type <array>); ignored.
>] <API/EmergencyServer.pdf, id=1078, page=4, 598.235pt x 846.16125pt>
File: API/EmergencyServer.pdf Graphic file (type pdf)

<use API/EmergencyServer.pdf, page 4>
Package pdftex.def Info: API/EmergencyServer.pdf, page4 used on input line 407.

(pdftex.def)             Requested size: 597.7406pt x 788.60352pt.
File: API/EmergencyServer.pdf Graphic file (type pdf)
 <use API/EmergencyServer.pdf, page 4>
Package pdftex.def Info: API/EmergencyServer.pdf, page4 used on input line 407.

(pdftex.def)             Requested size: 597.7406pt x 788.60352pt.
File: API/EmergencyServer.pdf Graphic file (type pdf)

<use API/EmergencyServer.pdf, page 4>
Package pdftex.def Info: API/EmergencyServer.pdf, page4 used on input line 407.

(pdftex.def)             Requested size: 597.7406pt x 788.60352pt.
 [39 <D:/Users/Mattie432/Dropbox/Programming/LaTeX/SoftwareDesignStudy/Appendic
es/API/EmergencyServer.pdf

pdfTeX warning: pdflatex (file D:/Users/Mattie432/Dropbox/Programming/LaTeX/Sof
twareDesignStudy/Appendices/API/EmergencyServer.pdf): PDF inclusion: invalid ot
her resource which is no dict (key 'ProcSets', type <array>); ignored.
>] <API/EmergencyServer.pdf, id=1090, page=5, 598.235pt x 846.16125pt>
File: API/EmergencyServer.pdf Graphic file (type pdf)

<use API/EmergencyServer.pdf, page 5>
Package pdftex.def Info: API/EmergencyServer.pdf, page5 used on input line 407.

(pdftex.def)             Requested size: 597.7406pt x 788.60352pt.
File: API/EmergencyServer.pdf Graphic file (type pdf)
 <use API/EmergencyServer.pdf, page 5>
Package pdftex.def Info: API/EmergencyServer.pdf, page5 used on input line 407.

(pdftex.def)             Requested size: 597.7406pt x 788.60352pt.
File: API/EmergencyServer.pdf Graphic file (type pdf)

<use API/EmergencyServer.pdf, page 5>
Package pdftex.def Info: API/EmergencyServer.pdf, page5 used on input line 407.

(pdftex.def)             Requested size: 597.7406pt x 788.60352pt.
 [40 <D:/Users/Mattie432/Dropbox/Programming/LaTeX/SoftwareDesignStudy/Appendic
es/API/EmergencyServer.pdf

pdfTeX warning: pdflatex (file D:/Users/Mattie432/Dropbox/Programming/LaTeX/Sof
twareDesignStudy/Appendices/API/EmergencyServer.pdf): PDF inclusion: invalid ot
her resource which is no dict (key 'ProcSets', type <array>); ignored.
>] <API/EmergencyServer.pdf, id=1105, page=6, 598.235pt x 846.16125pt>
File: API/EmergencyServer.pdf Graphic file (type pdf)

<use API/EmergencyServer.pdf, page 6>
Package pdftex.def Info: API/EmergencyServer.pdf, page6 used on input line 407.

(pdftex.def)             Requested size: 597.7406pt x 788.60352pt.
File: API/EmergencyServer.pdf Graphic file (type pdf)
 <use API/EmergencyServer.pdf, page 6>
Package pdftex.def Info: API/EmergencyServer.pdf, page6 used on input line 407.

(pdftex.def)             Requested size: 597.7406pt x 788.60352pt.
File: API/EmergencyServer.pdf Graphic file (type pdf)

<use API/EmergencyServer.pdf, page 6>
Package pdftex.def Info: API/EmergencyServer.pdf, page6 used on input line 407.

(pdftex.def)             Requested size: 597.7406pt x 788.60352pt.
 [41 <D:/Users/Mattie432/Dropbox/Programming/LaTeX/SoftwareDesignStudy/Appendic
es/API/EmergencyServer.pdf

pdfTeX warning: pdflatex (file D:/Users/Mattie432/Dropbox/Programming/LaTeX/Sof
twareDesignStudy/Appendices/API/EmergencyServer.pdf): PDF inclusion: invalid ot
her resource which is no dict (key 'ProcSets', type <array>); ignored.
>] <API/EmergencyServer.pdf, id=1121, page=7, 598.235pt x 846.16125pt>
File: API/EmergencyServer.pdf Graphic file (type pdf)

<use API/EmergencyServer.pdf, page 7>
Package pdftex.def Info: API/EmergencyServer.pdf, page7 used on input line 407.

(pdftex.def)             Requested size: 597.7406pt x 788.60352pt.
File: API/EmergencyServer.pdf Graphic file (type pdf)
 <use API/EmergencyServer.pdf, page 7>
Package pdftex.def Info: API/EmergencyServer.pdf, page7 used on input line 407.

(pdftex.def)             Requested size: 597.7406pt x 788.60352pt.
File: API/EmergencyServer.pdf Graphic file (type pdf)

<use API/EmergencyServer.pdf, page 7>
Package pdftex.def Info: API/EmergencyServer.pdf, page7 used on input line 407.

(pdftex.def)             Requested size: 597.7406pt x 788.60352pt.
 [42 <D:/Users/Mattie432/Dropbox/Programming/LaTeX/SoftwareDesignStudy/Appendic
es/API/EmergencyServer.pdf

pdfTeX warning: pdflatex (file D:/Users/Mattie432/Dropbox/Programming/LaTeX/Sof
twareDesignStudy/Appendices/API/EmergencyServer.pdf): PDF inclusion: invalid ot
her resource which is no dict (key 'ProcSets', type <array>); ignored.
>] <API/EmergencyServer.pdf, id=1136, page=8, 598.235pt x 846.16125pt>
File: API/EmergencyServer.pdf Graphic file (type pdf)

<use API/EmergencyServer.pdf, page 8>
Package pdftex.def Info: API/EmergencyServer.pdf, page8 used on input line 407.

(pdftex.def)             Requested size: 597.7406pt x 788.60352pt.
File: API/EmergencyServer.pdf Graphic file (type pdf)
 <use API/EmergencyServer.pdf, page 8>
Package pdftex.def Info: API/EmergencyServer.pdf, page8 used on input line 407.

(pdftex.def)             Requested size: 597.7406pt x 788.60352pt.
File: API/EmergencyServer.pdf Graphic file (type pdf)

<use API/EmergencyServer.pdf, page 8>
Package pdftex.def Info: API/EmergencyServer.pdf, page8 used on input line 407.

(pdftex.def)             Requested size: 597.7406pt x 788.60352pt.
 [43 <D:/Users/Mattie432/Dropbox/Programming/LaTeX/SoftwareDesignStudy/Appendic
es/API/EmergencyServer.pdf

pdfTeX warning: pdflatex (file D:/Users/Mattie432/Dropbox/Programming/LaTeX/Sof
twareDesignStudy/Appendices/API/EmergencyServer.pdf): PDF inclusion: invalid ot
her resource which is no dict (key 'ProcSets', type <array>); ignored.
>] <API/EmergencyServer.pdf, id=1150, page=9, 598.235pt x 846.16125pt>
File: API/EmergencyServer.pdf Graphic file (type pdf)

<use API/EmergencyServer.pdf, page 9>
Package pdftex.def Info: API/EmergencyServer.pdf, page9 used on input line 407.

(pdftex.def)             Requested size: 597.7406pt x 788.60352pt.
File: API/EmergencyServer.pdf Graphic file (type pdf)
 <use API/EmergencyServer.pdf, page 9>
Package pdftex.def Info: API/EmergencyServer.pdf, page9 used on input line 407.

(pdftex.def)             Requested size: 597.7406pt x 788.60352pt.
File: API/EmergencyServer.pdf Graphic file (type pdf)

<use API/EmergencyServer.pdf, page 9>
Package pdftex.def Info: API/EmergencyServer.pdf, page9 used on input line 407.

(pdftex.def)             Requested size: 597.7406pt x 788.60352pt.
 [44 <D:/Users/Mattie432/Dropbox/Programming/LaTeX/SoftwareDesignStudy/Appendic
es/API/EmergencyServer.pdf

pdfTeX warning: pdflatex (file D:/Users/Mattie432/Dropbox/Programming/LaTeX/Sof
twareDesignStudy/Appendices/API/EmergencyServer.pdf): PDF inclusion: invalid ot
her resource which is no dict (key 'ProcSets', type <array>); ignored.
>] <API/EmergencyServer.pdf, id=1165, page=10, 598.235pt x 846.16125pt>
File: API/EmergencyServer.pdf Graphic file (type pdf)

<use API/EmergencyServer.pdf, page 10>
Package pdftex.def Info: API/EmergencyServer.pdf, page10 used on input line 407
.
(pdftex.def)             Requested size: 597.7406pt x 788.60352pt.
File: API/EmergencyServer.pdf Graphic file (type pdf)
 <use API/EmergencyServer.pdf, page 10>
Package pdftex.def Info: API/EmergencyServer.pdf, page10 used on input line 407
.
(pdftex.def)             Requested size: 597.7406pt x 788.60352pt.
File: API/EmergencyServer.pdf Graphic file (type pdf)

<use API/EmergencyServer.pdf, page 10>
Package pdftex.def Info: API/EmergencyServer.pdf, page10 used on input line 407
.
(pdftex.def)             Requested size: 597.7406pt x 788.60352pt.
 [45 <D:/Users/Mattie432/Dropbox/Programming/LaTeX/SoftwareDesignStudy/Appendic
es/API/EmergencyServer.pdf

pdfTeX warning: pdflatex (file D:/Users/Mattie432/Dropbox/Programming/LaTeX/Sof
twareDesignStudy/Appendices/API/EmergencyServer.pdf): PDF inclusion: invalid ot
her resource which is no dict (key 'ProcSets', type <array>); ignored.
>] <API/EmergencyServer.pdf, id=1178, page=11, 598.235pt x 846.16125pt>
File: API/EmergencyServer.pdf Graphic file (type pdf)

<use API/EmergencyServer.pdf, page 11>
Package pdftex.def Info: API/EmergencyServer.pdf, page11 used on input line 407
.
(pdftex.def)             Requested size: 597.7406pt x 788.60352pt.
File: API/EmergencyServer.pdf Graphic file (type pdf)
 <use API/EmergencyServer.pdf, page 11>
Package pdftex.def Info: API/EmergencyServer.pdf, page11 used on input line 407
.
(pdftex.def)             Requested size: 597.7406pt x 788.60352pt.
File: API/EmergencyServer.pdf Graphic file (type pdf)

<use API/EmergencyServer.pdf, page 11>
Package pdftex.def Info: API/EmergencyServer.pdf, page11 used on input line 407
.
(pdftex.def)             Requested size: 597.7406pt x 788.60352pt.
 [46 <D:/Users/Mattie432/Dropbox/Programming/LaTeX/SoftwareDesignStudy/Appendic
es/API/EmergencyServer.pdf

pdfTeX warning: pdflatex (file D:/Users/Mattie432/Dropbox/Programming/LaTeX/Sof
twareDesignStudy/Appendices/API/EmergencyServer.pdf): PDF inclusion: invalid ot
her resource which is no dict (key 'ProcSets', type <array>); ignored.
>] <API/EmergencyServer.pdf, id=1193, page=12, 598.235pt x 846.16125pt>
File: API/EmergencyServer.pdf Graphic file (type pdf)

<use API/EmergencyServer.pdf, page 12>
Package pdftex.def Info: API/EmergencyServer.pdf, page12 used on input line 407
.
(pdftex.def)             Requested size: 597.7406pt x 788.60352pt.
File: API/EmergencyServer.pdf Graphic file (type pdf)
 <use API/EmergencyServer.pdf, page 12>
Package pdftex.def Info: API/EmergencyServer.pdf, page12 used on input line 407
.
(pdftex.def)             Requested size: 597.7406pt x 788.60352pt.
File: API/EmergencyServer.pdf Graphic file (type pdf)

<use API/EmergencyServer.pdf, page 12>
Package pdftex.def Info: API/EmergencyServer.pdf, page12 used on input line 407
.
(pdftex.def)             Requested size: 597.7406pt x 788.60352pt.
 [47 <D:/Users/Mattie432/Dropbox/Programming/LaTeX/SoftwareDesignStudy/Appendic
es/API/EmergencyServer.pdf

pdfTeX warning: pdflatex (file D:/Users/Mattie432/Dropbox/Programming/LaTeX/Sof
twareDesignStudy/Appendices/API/EmergencyServer.pdf): PDF inclusion: invalid ot
her resource which is no dict (key 'ProcSets', type <array>); ignored.
>] <API/EmergencyServer.pdf, id=1206, page=13, 598.235pt x 846.16125pt>
File: API/EmergencyServer.pdf Graphic file (type pdf)

<use API/EmergencyServer.pdf, page 13>
Package pdftex.def Info: API/EmergencyServer.pdf, page13 used on input line 407
.
(pdftex.def)             Requested size: 597.7406pt x 788.60352pt.
File: API/EmergencyServer.pdf Graphic file (type pdf)
 <use API/EmergencyServer.pdf, page 13>
Package pdftex.def Info: API/EmergencyServer.pdf, page13 used on input line 407
.
(pdftex.def)             Requested size: 597.7406pt x 788.60352pt.
File: API/EmergencyServer.pdf Graphic file (type pdf)

<use API/EmergencyServer.pdf, page 13>
Package pdftex.def Info: API/EmergencyServer.pdf, page13 used on input line 407
.
(pdftex.def)             Requested size: 597.7406pt x 788.60352pt.
 [48 <D:/Users/Mattie432/Dropbox/Programming/LaTeX/SoftwareDesignStudy/Appendic
es/API/EmergencyServer.pdf

pdfTeX warning: pdflatex (file D:/Users/Mattie432/Dropbox/Programming/LaTeX/Sof
twareDesignStudy/Appendices/API/EmergencyServer.pdf): PDF inclusion: invalid ot
her resource which is no dict (key 'ProcSets', type <array>); ignored.
>] <API/EmergencyServer.pdf, id=1221, page=14, 598.235pt x 846.16125pt>
File: API/EmergencyServer.pdf Graphic file (type pdf)

<use API/EmergencyServer.pdf, page 14>
Package pdftex.def Info: API/EmergencyServer.pdf, page14 used on input line 407
.
(pdftex.def)             Requested size: 597.7406pt x 788.60352pt.
File: API/EmergencyServer.pdf Graphic file (type pdf)
 <use API/EmergencyServer.pdf, page 14>
Package pdftex.def Info: API/EmergencyServer.pdf, page14 used on input line 407
.
(pdftex.def)             Requested size: 597.7406pt x 788.60352pt.
File: API/EmergencyServer.pdf Graphic file (type pdf)

<use API/EmergencyServer.pdf, page 14>
Package pdftex.def Info: API/EmergencyServer.pdf, page14 used on input line 407
.
(pdftex.def)             Requested size: 597.7406pt x 788.60352pt.
 [49 <D:/Users/Mattie432/Dropbox/Programming/LaTeX/SoftwareDesignStudy/Appendic
es/API/EmergencyServer.pdf

pdfTeX warning: pdflatex (file D:/Users/Mattie432/Dropbox/Programming/LaTeX/Sof
twareDesignStudy/Appendices/API/EmergencyServer.pdf): PDF inclusion: invalid ot
her resource which is no dict (key 'ProcSets', type <array>); ignored.
>] <API/EmergencyServer.pdf, id=1235, page=15, 598.235pt x 846.16125pt>
File: API/EmergencyServer.pdf Graphic file (type pdf)

<use API/EmergencyServer.pdf, page 15>
Package pdftex.def Info: API/EmergencyServer.pdf, page15 used on input line 407
.
(pdftex.def)             Requested size: 597.7406pt x 788.60352pt.
File: API/EmergencyServer.pdf Graphic file (type pdf)
 <use API/EmergencyServer.pdf, page 15>
Package pdftex.def Info: API/EmergencyServer.pdf, page15 used on input line 407
.
(pdftex.def)             Requested size: 597.7406pt x 788.60352pt.
File: API/EmergencyServer.pdf Graphic file (type pdf)

<use API/EmergencyServer.pdf, page 15>
Package pdftex.def Info: API/EmergencyServer.pdf, page15 used on input line 407
.
(pdftex.def)             Requested size: 597.7406pt x 788.60352pt.
 [50 <D:/Users/Mattie432/Dropbox/Programming/LaTeX/SoftwareDesignStudy/Appendic
es/API/EmergencyServer.pdf

pdfTeX warning: pdflatex (file D:/Users/Mattie432/Dropbox/Programming/LaTeX/Sof
twareDesignStudy/Appendices/API/EmergencyServer.pdf): PDF inclusion: invalid ot
her resource which is no dict (key 'ProcSets', type <array>); ignored.
>] <API/EmergencyServer.pdf, id=1250, page=16, 598.235pt x 846.16125pt>
File: API/EmergencyServer.pdf Graphic file (type pdf)

<use API/EmergencyServer.pdf, page 16>
Package pdftex.def Info: API/EmergencyServer.pdf, page16 used on input line 407
.
(pdftex.def)             Requested size: 597.7406pt x 788.60352pt.
File: API/EmergencyServer.pdf Graphic file (type pdf)
 <use API/EmergencyServer.pdf, page 16>
Package pdftex.def Info: API/EmergencyServer.pdf, page16 used on input line 407
.
(pdftex.def)             Requested size: 597.7406pt x 788.60352pt.
File: API/EmergencyServer.pdf Graphic file (type pdf)

<use API/EmergencyServer.pdf, page 16>
Package pdftex.def Info: API/EmergencyServer.pdf, page16 used on input line 407
.
(pdftex.def)             Requested size: 597.7406pt x 788.60352pt.
 [51 <D:/Users/Mattie432/Dropbox/Programming/LaTeX/SoftwareDesignStudy/Appendic
es/API/EmergencyServer.pdf

pdfTeX warning: pdflatex (file D:/Users/Mattie432/Dropbox/Programming/LaTeX/Sof
twareDesignStudy/Appendices/API/EmergencyServer.pdf): PDF inclusion: invalid ot
her resource which is no dict (key 'ProcSets', type <array>); ignored.
>] <API/EmergencyServer.pdf, id=1263, page=17, 598.235pt x 846.16125pt>
File: API/EmergencyServer.pdf Graphic file (type pdf)

<use API/EmergencyServer.pdf, page 17>
Package pdftex.def Info: API/EmergencyServer.pdf, page17 used on input line 407
.
(pdftex.def)             Requested size: 597.7406pt x 788.60352pt.
File: API/EmergencyServer.pdf Graphic file (type pdf)
 <use API/EmergencyServer.pdf, page 17>
Package pdftex.def Info: API/EmergencyServer.pdf, page17 used on input line 407
.
(pdftex.def)             Requested size: 597.7406pt x 788.60352pt.
File: API/EmergencyServer.pdf Graphic file (type pdf)

<use API/EmergencyServer.pdf, page 17>
Package pdftex.def Info: API/EmergencyServer.pdf, page17 used on input line 407
.
(pdftex.def)             Requested size: 597.7406pt x 788.60352pt.
 [52 <D:/Users/Mattie432/Dropbox/Programming/LaTeX/SoftwareDesignStudy/Appendic
es/API/EmergencyServer.pdf

pdfTeX warning: pdflatex (file D:/Users/Mattie432/Dropbox/Programming/LaTeX/Sof
twareDesignStudy/Appendices/API/EmergencyServer.pdf): PDF inclusion: invalid ot
her resource which is no dict (key 'ProcSets', type <array>); ignored.
>] <API/EmergencyServer.pdf, id=1276, page=18, 598.235pt x 846.16125pt>
File: API/EmergencyServer.pdf Graphic file (type pdf)

<use API/EmergencyServer.pdf, page 18>
Package pdftex.def Info: API/EmergencyServer.pdf, page18 used on input line 407
.
(pdftex.def)             Requested size: 597.7406pt x 788.60352pt.
File: API/EmergencyServer.pdf Graphic file (type pdf)
 <use API/EmergencyServer.pdf, page 18>
Package pdftex.def Info: API/EmergencyServer.pdf, page18 used on input line 407
.
(pdftex.def)             Requested size: 597.7406pt x 788.60352pt.
File: API/EmergencyServer.pdf Graphic file (type pdf)

<use API/EmergencyServer.pdf, page 18>
Package pdftex.def Info: API/EmergencyServer.pdf, page18 used on input line 407
.
(pdftex.def)             Requested size: 597.7406pt x 788.60352pt.
 [53 <D:/Users/Mattie432/Dropbox/Programming/LaTeX/SoftwareDesignStudy/Appendic
es/API/EmergencyServer.pdf

pdfTeX warning: pdflatex (file D:/Users/Mattie432/Dropbox/Programming/LaTeX/Sof
twareDesignStudy/Appendices/API/EmergencyServer.pdf): PDF inclusion: invalid ot
her resource which is no dict (key 'ProcSets', type <array>); ignored.
>] <API/EmergencyServer.pdf, id=1293, page=19, 598.235pt x 846.16125pt>
File: API/EmergencyServer.pdf Graphic file (type pdf)

<use API/EmergencyServer.pdf, page 19>
Package pdftex.def Info: API/EmergencyServer.pdf, page19 used on input line 407
.
(pdftex.def)             Requested size: 597.7406pt x 788.60352pt.
File: API/EmergencyServer.pdf Graphic file (type pdf)
 <use API/EmergencyServer.pdf, page 19>
Package pdftex.def Info: API/EmergencyServer.pdf, page19 used on input line 407
.
(pdftex.def)             Requested size: 597.7406pt x 788.60352pt.
File: API/EmergencyServer.pdf Graphic file (type pdf)

<use API/EmergencyServer.pdf, page 19>
Package pdftex.def Info: API/EmergencyServer.pdf, page19 used on input line 407
.
(pdftex.def)             Requested size: 597.7406pt x 788.60352pt.
 [54 <D:/Users/Mattie432/Dropbox/Programming/LaTeX/SoftwareDesignStudy/Appendic
es/API/EmergencyServer.pdf

pdfTeX warning: pdflatex (file D:/Users/Mattie432/Dropbox/Programming/LaTeX/Sof
twareDesignStudy/Appendices/API/EmergencyServer.pdf): PDF inclusion: invalid ot
her resource which is no dict (key 'ProcSets', type <array>); ignored.
>] <API/EmergencyServer.pdf, id=1386, page=20, 598.235pt x 846.16125pt>
File: API/EmergencyServer.pdf Graphic file (type pdf)

<use API/EmergencyServer.pdf, page 20>
Package pdftex.def Info: API/EmergencyServer.pdf, page20 used on input line 407
.
(pdftex.def)             Requested size: 597.7406pt x 788.60352pt.
File: API/EmergencyServer.pdf Graphic file (type pdf)
 <use API/EmergencyServer.pdf, page 20>
Package pdftex.def Info: API/EmergencyServer.pdf, page20 used on input line 407
.
(pdftex.def)             Requested size: 597.7406pt x 788.60352pt.
File: API/EmergencyServer.pdf Graphic file (type pdf)

<use API/EmergencyServer.pdf, page 20>
Package pdftex.def Info: API/EmergencyServer.pdf, page20 used on input line 407
.
(pdftex.def)             Requested size: 597.7406pt x 788.60352pt.
 [55 <D:/Users/Mattie432/Dropbox/Programming/LaTeX/SoftwareDesignStudy/Appendic
es/API/EmergencyServer.pdf

pdfTeX warning: pdflatex (file D:/Users/Mattie432/Dropbox/Programming/LaTeX/Sof
twareDesignStudy/Appendices/API/EmergencyServer.pdf): PDF inclusion: invalid ot
her resource which is no dict (key 'ProcSets', type <array>); ignored.
>] <API/EmergencyServer.pdf, id=1401, page=21, 598.235pt x 846.16125pt>
File: API/EmergencyServer.pdf Graphic file (type pdf)

<use API/EmergencyServer.pdf, page 21>
Package pdftex.def Info: API/EmergencyServer.pdf, page21 used on input line 407
.
(pdftex.def)             Requested size: 597.7406pt x 788.60352pt.
File: API/EmergencyServer.pdf Graphic file (type pdf)
 <use API/EmergencyServer.pdf, page 21>
Package pdftex.def Info: API/EmergencyServer.pdf, page21 used on input line 407
.
(pdftex.def)             Requested size: 597.7406pt x 788.60352pt.
File: API/EmergencyServer.pdf Graphic file (type pdf)

<use API/EmergencyServer.pdf, page 21>
Package pdftex.def Info: API/EmergencyServer.pdf, page21 used on input line 407
.
(pdftex.def)             Requested size: 597.7406pt x 788.60352pt.
 [56 <D:/Users/Mattie432/Dropbox/Programming/LaTeX/SoftwareDesignStudy/Appendic
es/API/EmergencyServer.pdf

pdfTeX warning: pdflatex (file D:/Users/Mattie432/Dropbox/Programming/LaTeX/Sof
twareDesignStudy/Appendices/API/EmergencyServer.pdf): PDF inclusion: invalid ot
her resource which is no dict (key 'ProcSets', type <array>); ignored.
>] <API/EmergencyServer.pdf, id=1415, page=22, 598.235pt x 846.16125pt>
File: API/EmergencyServer.pdf Graphic file (type pdf)

<use API/EmergencyServer.pdf, page 22>
Package pdftex.def Info: API/EmergencyServer.pdf, page22 used on input line 407
.
(pdftex.def)             Requested size: 597.7406pt x 788.60352pt.
File: API/EmergencyServer.pdf Graphic file (type pdf)
 <use API/EmergencyServer.pdf, page 22>
Package pdftex.def Info: API/EmergencyServer.pdf, page22 used on input line 407
.
(pdftex.def)             Requested size: 597.7406pt x 788.60352pt.
File: API/EmergencyServer.pdf Graphic file (type pdf)

<use API/EmergencyServer.pdf, page 22>
Package pdftex.def Info: API/EmergencyServer.pdf, page22 used on input line 407
.
(pdftex.def)             Requested size: 597.7406pt x 788.60352pt.
 [57 <D:/Users/Mattie432/Dropbox/Programming/LaTeX/SoftwareDesignStudy/Appendic
es/API/EmergencyServer.pdf

pdfTeX warning: pdflatex (file D:/Users/Mattie432/Dropbox/Programming/LaTeX/Sof
twareDesignStudy/Appendices/API/EmergencyServer.pdf): PDF inclusion: invalid ot
her resource which is no dict (key 'ProcSets', type <array>); ignored.
>] <API/EmergencyServer.pdf, id=1429, page=23, 598.235pt x 846.16125pt>
File: API/EmergencyServer.pdf Graphic file (type pdf)

<use API/EmergencyServer.pdf, page 23>
Package pdftex.def Info: API/EmergencyServer.pdf, page23 used on input line 407
.
(pdftex.def)             Requested size: 597.7406pt x 788.60352pt.
File: API/EmergencyServer.pdf Graphic file (type pdf)
 <use API/EmergencyServer.pdf, page 23>
Package pdftex.def Info: API/EmergencyServer.pdf, page23 used on input line 407
.
(pdftex.def)             Requested size: 597.7406pt x 788.60352pt.
File: API/EmergencyServer.pdf Graphic file (type pdf)

<use API/EmergencyServer.pdf, page 23>
Package pdftex.def Info: API/EmergencyServer.pdf, page23 used on input line 407
.
(pdftex.def)             Requested size: 597.7406pt x 788.60352pt.
 [58 <D:/Users/Mattie432/Dropbox/Programming/LaTeX/SoftwareDesignStudy/Appendic
es/API/EmergencyServer.pdf

pdfTeX warning: pdflatex (file D:/Users/Mattie432/Dropbox/Programming/LaTeX/Sof
twareDesignStudy/Appendices/API/EmergencyServer.pdf): PDF inclusion: invalid ot
her resource which is no dict (key 'ProcSets', type <array>); ignored.
>] <API/EmergencyServer.pdf, id=1443, page=24, 598.235pt x 846.16125pt>
File: API/EmergencyServer.pdf Graphic file (type pdf)

<use API/EmergencyServer.pdf, page 24>
Package pdftex.def Info: API/EmergencyServer.pdf, page24 used on input line 407
.
(pdftex.def)             Requested size: 597.7406pt x 788.60352pt.
File: API/EmergencyServer.pdf Graphic file (type pdf)
 <use API/EmergencyServer.pdf, page 24>
Package pdftex.def Info: API/EmergencyServer.pdf, page24 used on input line 407
.
(pdftex.def)             Requested size: 597.7406pt x 788.60352pt.
File: API/EmergencyServer.pdf Graphic file (type pdf)

<use API/EmergencyServer.pdf, page 24>
Package pdftex.def Info: API/EmergencyServer.pdf, page24 used on input line 407
.
(pdftex.def)             Requested size: 597.7406pt x 788.60352pt.
 [59 <D:/Users/Mattie432/Dropbox/Programming/LaTeX/SoftwareDesignStudy/Appendic
es/API/EmergencyServer.pdf

pdfTeX warning: pdflatex (file D:/Users/Mattie432/Dropbox/Programming/LaTeX/Sof
twareDesignStudy/Appendices/API/EmergencyServer.pdf): PDF inclusion: invalid ot
her resource which is no dict (key 'ProcSets', type <array>); ignored.
>] <API/EmergencyServer.pdf, id=1455, page=25, 598.235pt x 846.16125pt>
File: API/EmergencyServer.pdf Graphic file (type pdf)

<use API/EmergencyServer.pdf, page 25>
Package pdftex.def Info: API/EmergencyServer.pdf, page25 used on input line 407
.
(pdftex.def)             Requested size: 597.7406pt x 788.60352pt.
File: API/EmergencyServer.pdf Graphic file (type pdf)
 <use API/EmergencyServer.pdf, page 25>
Package pdftex.def Info: API/EmergencyServer.pdf, page25 used on input line 407
.
(pdftex.def)             Requested size: 597.7406pt x 788.60352pt.
File: API/EmergencyServer.pdf Graphic file (type pdf)

<use API/EmergencyServer.pdf, page 25>
Package pdftex.def Info: API/EmergencyServer.pdf, page25 used on input line 407
.
(pdftex.def)             Requested size: 597.7406pt x 788.60352pt.
 [60 <D:/Users/Mattie432/Dropbox/Programming/LaTeX/SoftwareDesignStudy/Appendic
es/API/EmergencyServer.pdf

pdfTeX warning: pdflatex (file D:/Users/Mattie432/Dropbox/Programming/LaTeX/Sof
twareDesignStudy/Appendices/API/EmergencyServer.pdf): PDF inclusion: invalid ot
her resource which is no dict (key 'ProcSets', type <array>); ignored.
>] <API/EmergencyServer.pdf, id=1467, page=26, 598.235pt x 846.16125pt>
File: API/EmergencyServer.pdf Graphic file (type pdf)

<use API/EmergencyServer.pdf, page 26>
Package pdftex.def Info: API/EmergencyServer.pdf, page26 used on input line 407
.
(pdftex.def)             Requested size: 597.7406pt x 788.60352pt.
File: API/EmergencyServer.pdf Graphic file (type pdf)
 <use API/EmergencyServer.pdf, page 26>
Package pdftex.def Info: API/EmergencyServer.pdf, page26 used on input line 407
.
(pdftex.def)             Requested size: 597.7406pt x 788.60352pt.
File: API/EmergencyServer.pdf Graphic file (type pdf)

<use API/EmergencyServer.pdf, page 26>
Package pdftex.def Info: API/EmergencyServer.pdf, page26 used on input line 407
.
(pdftex.def)             Requested size: 597.7406pt x 788.60352pt.
 [61 <D:/Users/Mattie432/Dropbox/Programming/LaTeX/SoftwareDesignStudy/Appendic
es/API/EmergencyServer.pdf

pdfTeX warning: pdflatex (file D:/Users/Mattie432/Dropbox/Programming/LaTeX/Sof
twareDesignStudy/Appendices/API/EmergencyServer.pdf): PDF inclusion: invalid ot
her resource which is no dict (key 'ProcSets', type <array>); ignored.
>] <API/EmergencyServer.pdf, id=1482, page=27, 598.235pt x 846.16125pt>
File: API/EmergencyServer.pdf Graphic file (type pdf)

<use API/EmergencyServer.pdf, page 27>
Package pdftex.def Info: API/EmergencyServer.pdf, page27 used on input line 407
.
(pdftex.def)             Requested size: 597.7406pt x 788.60352pt.
File: API/EmergencyServer.pdf Graphic file (type pdf)
 <use API/EmergencyServer.pdf, page 27>
Package pdftex.def Info: API/EmergencyServer.pdf, page27 used on input line 407
.
(pdftex.def)             Requested size: 597.7406pt x 788.60352pt.
File: API/EmergencyServer.pdf Graphic file (type pdf)

<use API/EmergencyServer.pdf, page 27>
Package pdftex.def Info: API/EmergencyServer.pdf, page27 used on input line 407
.
(pdftex.def)             Requested size: 597.7406pt x 788.60352pt.
 [62 <D:/Users/Mattie432/Dropbox/Programming/LaTeX/SoftwareDesignStudy/Appendic
es/API/EmergencyServer.pdf

pdfTeX warning: pdflatex (file D:/Users/Mattie432/Dropbox/Programming/LaTeX/Sof
twareDesignStudy/Appendices/API/EmergencyServer.pdf): PDF inclusion: invalid ot
her resource which is no dict (key 'ProcSets', type <array>); ignored.
>] <API/EmergencyServer.pdf, id=1498, page=28, 598.235pt x 846.16125pt>
File: API/EmergencyServer.pdf Graphic file (type pdf)

<use API/EmergencyServer.pdf, page 28>
Package pdftex.def Info: API/EmergencyServer.pdf, page28 used on input line 407
.
(pdftex.def)             Requested size: 597.7406pt x 788.60352pt.
File: API/EmergencyServer.pdf Graphic file (type pdf)
 <use API/EmergencyServer.pdf, page 28>
Package pdftex.def Info: API/EmergencyServer.pdf, page28 used on input line 407
.
(pdftex.def)             Requested size: 597.7406pt x 788.60352pt.
File: API/EmergencyServer.pdf Graphic file (type pdf)

<use API/EmergencyServer.pdf, page 28>
Package pdftex.def Info: API/EmergencyServer.pdf, page28 used on input line 407
.
(pdftex.def)             Requested size: 597.7406pt x 788.60352pt.
 [63 <D:/Users/Mattie432/Dropbox/Programming/LaTeX/SoftwareDesignStudy/Appendic
es/API/EmergencyServer.pdf

pdfTeX warning: pdflatex (file D:/Users/Mattie432/Dropbox/Programming/LaTeX/Sof
twareDesignStudy/Appendices/API/EmergencyServer.pdf): PDF inclusion: invalid ot
her resource which is no dict (key 'ProcSets', type <array>); ignored.
>] <API/EmergencyServer.pdf, id=1511, page=29, 598.235pt x 846.16125pt>
File: API/EmergencyServer.pdf Graphic file (type pdf)

<use API/EmergencyServer.pdf, page 29>
Package pdftex.def Info: API/EmergencyServer.pdf, page29 used on input line 407
.
(pdftex.def)             Requested size: 597.7406pt x 788.60352pt.
File: API/EmergencyServer.pdf Graphic file (type pdf)
 <use API/EmergencyServer.pdf, page 29>
Package pdftex.def Info: API/EmergencyServer.pdf, page29 used on input line 407
.
(pdftex.def)             Requested size: 597.7406pt x 788.60352pt.
File: API/EmergencyServer.pdf Graphic file (type pdf)

<use API/EmergencyServer.pdf, page 29>
Package pdftex.def Info: API/EmergencyServer.pdf, page29 used on input line 407
.
(pdftex.def)             Requested size: 597.7406pt x 788.60352pt.
 [64 <D:/Users/Mattie432/Dropbox/Programming/LaTeX/SoftwareDesignStudy/Appendic
es/API/EmergencyServer.pdf

pdfTeX warning: pdflatex (file D:/Users/Mattie432/Dropbox/Programming/LaTeX/Sof
twareDesignStudy/Appendices/API/EmergencyServer.pdf): PDF inclusion: invalid ot
her resource which is no dict (key 'ProcSets', type <array>); ignored.
>]
Package atveryend Info: Empty hook `BeforeClearDocument' on input line 412.
Package atveryend Info: Empty hook `AfterLastShipout' on input line 412.

(D:\Users\Mattie432\Dropbox\Programming\LaTeX\SoftwareDesignStudy\Appendices\Ap
pendices.aux)
Package atveryend Info: Executing hook `AtVeryEndDocument' on input line 412.
Package atveryend Info: Executing hook `AtEndAfterFileList' on input line 412.
Package rerunfilecheck Info: File `Appendices.out' has not changed.
(rerunfilecheck)             Checksum: 6E6870A23DD419E868559B533B8129AB;891.
Package atveryend Info: Empty hook `AtVeryVeryEnd' on input line 412.
 ) 
Here is how much of TeX's memory you used:
 11632 strings out of 493921
 183376 string characters out of 3144864
 308962 words of memory out of 3000000
 14582 multiletter control sequences out of 15000+200000
 5264 words of font info for 20 fonts, out of 3000000 for 9000
 841 hyphenation exceptions out of 8191
 74i,20n,98p,331b,547s stack positions out of 5000i,500n,10000p,200000b,50000s
<C:/Program Files (x86)/MiKTeX 2.9/fonts/type1/public/amsfonts/cm/cmbx10.pfb>
<C:/Program Files (x86)/MiKTeX 2.9/fonts/type1/public/amsfonts/cm/cmbx12.pfb><C
:/Program Files (x86)/MiKTeX 2.9/fonts/type1/public/amsfonts/cm/cmr10.pfb>
Output written on Appendices.pdf (64 pages, 2336656 bytes).
PDF statistics:
 1565 PDF objects out of 1728 (max. 8388607)
 114 named destinations out of 1000 (max. 500000)
 1282 words of extra memory for PDF output out of 10000 (max. 10000000)

